   Compiling librocksdb-sys v0.17.3+10.4.2
   Compiling kaspa-p2p-lib v1.1.1-toc.1 (/root/.cargo/git/checkouts/rusty-kaspa-410e06d1fde91a92/42b734f/protocol/p2p)
   Compiling rand v0.10.1
   Compiling attohttpc v0.30.1
   Compiling sha1 v0.10.6
   Compiling seqlock v0.2.0
   Compiling utf-8 v0.7.6
   Compiling data-encoding v2.6.0
   Compiling tungstenite v0.23.0
   Compiling igd-next v0.17.0
   Compiling local-ip-address v0.6.3
   Compiling kaspa-consensus-wasm v1.1.1-toc.1 (/root/.cargo/git/checkouts/rusty-kaspa-410e06d1fde91a92/42b734f/consensus/wasm)
   Compiling workflow-perf-monitor v0.0.3 (https://github.com/kaspanet/workflow-perf-monitor-rs.git?tag=v0.0.3#d63b1dd1)
   Compiling webpki-roots v0.26.6
   Compiling kaspa-seq-commit v1.1.1-toc.1 (/root/.cargo/git/checkouts/rusty-kaspa-410e06d1fde91a92/42b734f/consensus/seq-commit)
   Compiling workflow-task-macros v0.18.0
   Compiling kaspa-rpc-macros v1.1.1-toc.1 (/root/.cargo/git/checkouts/rusty-kaspa-410e06d1fde91a92/42b734f/rpc/macros)
   Compiling portable-atomic v1.9.0
   Compiling kaspa-rpc-core v1.1.1-toc.1 (/root/.cargo/git/checkouts/rusty-kaspa-410e06d1fde91a92/42b734f/rpc/core)
   Compiling workflow-task v0.18.0
   Compiling tokio-tungstenite v0.23.1
   Compiling kaspa-grpc-core v1.1.1-toc.1 (/root/.cargo/git/checkouts/rusty-kaspa-410e06d1fde91a92/42b734f/rpc/grpc/core)
   Compiling async-stream-impl v0.3.6
   Compiling strsim v0.11.1
   Compiling downcast-rs v1.2.1
   Compiling ident_case v1.0.1
   Compiling sweep-bptree v0.4.1
   Compiling kaspa-mining v1.1.1-toc.1 (/root/.cargo/git/checkouts/rusty-kaspa-410e06d1fde91a92/42b734f/mining)
   Compiling darling_core v0.23.0
   Compiling workflow-websocket v0.18.0
   Compiling async-stream v0.3.6
   Compiling kaspa-p2p-mining v1.1.1-toc.1 (/root/.cargo/git/checkouts/rusty-kaspa-410e06d1fde91a92/42b734f/protocol/mining)
   Compiling regex v1.11.0
   Compiling manual_future v0.1.1
   Compiling workflow-rpc-macros v0.18.0
   Compiling libmimalloc-sys v0.1.44
   Compiling utf8parse v0.2.2
   Compiling anstyle-parse v0.2.5
   Compiling workflow-rpc v0.18.0
   Compiling kaspa-perf-monitor v1.1.1-toc.1 (/root/.cargo/git/checkouts/rusty-kaspa-410e06d1fde91a92/42b734f/metrics/perf_monitor)
   Compiling darling_macro v0.23.0
   Compiling num-rational v0.4.2
   Compiling num-iter v0.1.45
   Compiling num-complex v0.4.6
   Compiling colorchoice v1.0.2
   Compiling anstyle v1.0.8
   Compiling anstyle-query v1.1.1
   Compiling is_terminal_polyfill v1.70.1
   Compiling anstream v0.6.15
   Compiling num v0.4.3
   Compiling darling v0.23.0
   Compiling toml_datetime v0.6.8
   Compiling serde_spanned v0.6.8
   Compiling clap_lex v0.7.6
   Compiling self_cell v1.2.2
   Compiling winnow v0.6.20
   Compiling toml_edit v0.22.22
   Compiling clap_builder v4.5.51
   Compiling mimalloc v0.1.48
   Compiling serde_with_macros v3.18.0
   Compiling kaspa-pow v1.1.1-toc.1 (/root/.cargo/git/checkouts/rusty-kaspa-410e06d1fde91a92/42b734f/consensus/pow)
   Compiling kaspa-grpc-client v1.1.1-toc.1 (/root/.cargo/git/checkouts/rusty-kaspa-410e06d1fde91a92/42b734f/rpc/grpc/client)
   Compiling clap_derive v4.5.49
   Compiling crossbeam-channel v0.5.15
   Compiling clap v4.5.51
   Compiling serde_with v3.18.0
   Compiling kaspa-alloc v1.1.1-toc.1 (/root/.cargo/git/checkouts/rusty-kaspa-410e06d1fde91a92/42b734f/utils/alloc)
   Compiling toml v0.8.19
   Compiling rocksdb v0.24.0
   Compiling kaspa-database v1.1.1-toc.1 (/root/.cargo/git/checkouts/rusty-kaspa-410e06d1fde91a92/42b734f/database)
   Compiling kaspa-addressmanager v1.1.1-toc.1 (/root/.cargo/git/checkouts/rusty-kaspa-410e06d1fde91a92/42b734f/components/addressmanager)
   Compiling kaspa-utxoindex v1.1.1-toc.1 (/root/.cargo/git/checkouts/rusty-kaspa-410e06d1fde91a92/42b734f/indexes/utxoindex)
   Compiling kaspa-connectionmanager v1.1.1-toc.1 (/root/.cargo/git/checkouts/rusty-kaspa-410e06d1fde91a92/42b734f/components/connectionmanager)
   Compiling kaspa-p2p-flows v1.1.1-toc.1 (/root/.cargo/git/checkouts/rusty-kaspa-410e06d1fde91a92/42b734f/protocol/flows)
   Compiling kaspa-rpc-service v1.1.1-toc.1 (/root/.cargo/git/checkouts/rusty-kaspa-410e06d1fde91a92/42b734f/rpc/service)
   Compiling kaspa-smt-store v1.1.1-toc.1 (/root/.cargo/git/checkouts/rusty-kaspa-410e06d1fde91a92/42b734f/consensus/smt-store)
   Compiling kaspa-wrpc-server v1.1.1-toc.1 (/root/.cargo/git/checkouts/rusty-kaspa-410e06d1fde91a92/42b734f/rpc/wrpc/server)
   Compiling kaspa-consensus v1.1.1-toc.1 (/root/.cargo/git/checkouts/rusty-kaspa-410e06d1fde91a92/42b734f/consensus)
   Compiling kaspa-grpc-server v1.1.1-toc.1 (/root/.cargo/git/checkouts/rusty-kaspa-410e06d1fde91a92/42b734f/rpc/grpc/server)
   Compiling kaspa-index-processor v1.1.1-toc.1 (/root/.cargo/git/checkouts/rusty-kaspa-410e06d1fde91a92/42b734f/indexes/processor)
   Compiling kaspad v1.1.1-toc.1 (/root/.cargo/git/checkouts/rusty-kaspa-410e06d1fde91a92/42b734f/kaspad)
    Finished `release` profile [optimized] target(s) in 15m 05s
     Running `target/release/kaspad --testnet --netsuffix=12 --disable-upnp '--listen=127.0.0.1:16311' '--rpclisten=127.0.0.1:16210' '--rpclisten-borsh=127.0.0.1:17210'`
2026-06-23 22:53:35.717+00:00 [INFO ] kaspad v1.1.1-toc.1-42b734f1
2026-06-23 22:53:35.717+00:00 [INFO ] Application directory: /root/.rusty-kaspa
2026-06-23 22:53:35.717+00:00 [INFO ] Data directory: /root/.rusty-kaspa/kaspa-testnet-12/datadir
2026-06-23 22:53:35.717+00:00 [INFO ] Logs directory: /root/.rusty-kaspa/kaspa-testnet-12/logs
2026-06-23 22:53:35.773+00:00 [INFO ] GRPC Server starting on: 127.0.0.1:16210
2026-06-23 22:53:35.773+00:00 [INFO ] P2P Server starting on: 127.0.0.1:16311
2026-06-23 22:53:35.773+00:00 [INFO ] WRPC Server starting on: 127.0.0.1:17210
2026-06-23 22:53:35.773+00:00 [INFO ] Querying 4 DNS seeders
2026-06-23 22:53:35.773+00:00 [INFO ] Querying DNS seeder seeder1-tn12.kaspad.net
2026-06-23 22:53:35.773+00:00 [INFO ] Querying DNS seeder tn12-dnsseed.kasia.fyi
2026-06-23 22:53:35.774+00:00 [INFO ] Querying DNS seeder n-testnet-12.kaspa.ws
2026-06-23 22:53:35.774+00:00 [INFO ] Querying DNS seeder tn12-dnsseed.kas.pa
2026-06-23 22:53:35.949+00:00 [INFO ] Retrieved 4 addresses from DNS seeder seeder1-tn12.kaspad.net
2026-06-23 22:53:35.974+00:00 [INFO ] Retrieved 1 addresses from DNS seeder tn12-dnsseed.kas.pa
2026-06-23 22:53:37.390+00:00 [INFO ] Retrieved 4 addresses from DNS seeder n-testnet-12.kaspa.ws
2026-06-23 22:53:52.603+00:00 [WARN ] Error connecting to DNS seeder tn12-dnsseed.kasia.fyi: failed to lookup address information: Temporary failure in name resolution
2026-06-23 22:53:52.603+00:00 [INFO ] Connection manager: has 0/8 outgoing P2P connections, trying to obtain 4 additional connection(s)...
2026-06-23 22:53:52.681+00:00 [INFO ] Registering p2p flows for peer 136.243.93.17:16311 for protocol version 9
2026-06-23 22:53:52.681+00:00 [INFO ] P2P Connected to outgoing peer 136.243.93.17:16311 (outbound: 1)
2026-06-23 22:53:52.684+00:00 [INFO ] Registering p2p flows for peer 178.105.76.81:16311 for protocol version 9
2026-06-23 22:53:52.685+00:00 [INFO ] P2P Connected to outgoing peer 178.105.76.81:16311 (outbound: 2)
2026-06-23 22:53:52.759+00:00 [INFO ] IBD started with peer 136.243.93.17:16311
2026-06-23 22:53:52.805+00:00 [INFO ] Starting IBD with headers proof with peer 136.243.93.17:16311
2026-06-23 22:53:52.868+00:00 [INFO ] Registering p2p flows for peer 86.48.24.208:16311 for protocol version 9
2026-06-23 22:53:52.869+00:00 [INFO ] P2P Connected to outgoing peer 86.48.24.208:16311 (outbound: 3)
2026-06-23 22:53:52.869+00:00 [INFO ] Querying 4 DNS seeders
2026-06-23 22:53:52.869+00:00 [INFO ] Querying DNS seeder tn12-dnsseed.kasia.fyi
2026-06-23 22:53:52.870+00:00 [INFO ] Querying DNS seeder tn12-dnsseed.kas.pa
2026-06-23 22:53:52.870+00:00 [INFO ] Querying DNS seeder seeder1-tn12.kaspad.net
2026-06-23 22:53:52.874+00:00 [INFO ] Querying DNS seeder n-testnet-12.kaspa.ws
2026-06-23 22:53:52.949+00:00 [INFO ] Retrieved 4 addresses from DNS seeder n-testnet-12.kaspa.ws
2026-06-23 22:53:53.012+00:00 [INFO ] Retrieved 4 addresses from DNS seeder seeder1-tn12.kaspad.net
2026-06-23 22:53:53.343+00:00 [INFO ] Retrieved 1 addresses from DNS seeder tn12-dnsseed.kas.pa
2026-06-23 22:53:53.773+00:00 [INFO ] Orphaned 1 block(s) ...b6b619cc924157c3f9c7f540cd1f82310ae2fa2bad7c4fe7801e918a1707e364 and queued 2 missing roots
2026-06-23 22:53:54.891+00:00 [INFO ] Received headers proof with overall 62158 headers (18775 unique)
2026-06-23 22:53:55.079+00:00 [INFO ] Validating level 250 from the pruning point proof (1 headers)
2026-06-23 22:53:55.079+00:00 [INFO ] Validating level 249 from the pruning point proof (1 headers)
2026-06-23 22:53:55.080+00:00 [INFO ] Validating level 248 from the pruning point proof (1 headers)
2026-06-23 22:53:55.080+00:00 [INFO ] Validating level 247 from the pruning point proof (1 headers)
2026-06-23 22:53:55.080+00:00 [INFO ] Validating level 246 from the pruning point proof (1 headers)
2026-06-23 22:53:55.080+00:00 [INFO ] Validating level 245 from the pruning point proof (1 headers)
2026-06-23 22:53:55.080+00:00 [INFO ] Validating level 244 from the pruning point proof (1 headers)
2026-06-23 22:53:55.080+00:00 [INFO ] Validating level 243 from the pruning point proof (1 headers)
2026-06-23 22:53:55.080+00:00 [INFO ] Validating level 242 from the pruning point proof (1 headers)
2026-06-23 22:53:55.080+00:00 [INFO ] Validating level 241 from the pruning point proof (1 headers)
2026-06-23 22:53:55.080+00:00 [INFO ] Validating level 240 from the pruning point proof (1 headers)
2026-06-23 22:53:55.080+00:00 [INFO ] Validating level 239 from the pruning point proof (1 headers)
2026-06-23 22:53:55.080+00:00 [INFO ] Validating level 238 from the pruning point proof (1 headers)
2026-06-23 22:53:55.080+00:00 [INFO ] Validating level 237 from the pruning point proof (1 headers)
2026-06-23 22:53:55.080+00:00 [INFO ] Validating level 236 from the pruning point proof (1 headers)
2026-06-23 22:53:55.080+00:00 [INFO ] Validating level 235 from the pruning point proof (1 headers)
2026-06-23 22:53:55.080+00:00 [INFO ] Validating level 234 from the pruning point proof (1 headers)
2026-06-23 22:53:55.080+00:00 [INFO ] Validating level 233 from the pruning point proof (1 headers)
2026-06-23 22:53:55.080+00:00 [INFO ] Validating level 232 from the pruning point proof (1 headers)
2026-06-23 22:53:55.080+00:00 [INFO ] Validating level 231 from the pruning point proof (1 headers)
2026-06-23 22:53:55.080+00:00 [INFO ] Validating level 230 from the pruning point proof (1 headers)
2026-06-23 22:53:55.080+00:00 [INFO ] Validating level 229 from the pruning point proof (1 headers)
2026-06-23 22:53:55.080+00:00 [INFO ] Validating level 228 from the pruning point proof (1 headers)
2026-06-23 22:53:55.080+00:00 [INFO ] Validating level 227 from the pruning point proof (1 headers)
2026-06-23 22:53:55.080+00:00 [INFO ] Validating level 226 from the pruning point proof (1 headers)
2026-06-23 22:53:55.080+00:00 [INFO ] Validating level 225 from the pruning point proof (1 headers)
2026-06-23 22:53:55.080+00:00 [INFO ] Validating level 224 from the pruning point proof (1 headers)
2026-06-23 22:53:55.081+00:00 [INFO ] Validating level 223 from the pruning point proof (1 headers)
2026-06-23 22:53:55.081+00:00 [INFO ] Validating level 222 from the pruning point proof (1 headers)
2026-06-23 22:53:55.081+00:00 [INFO ] Validating level 221 from the pruning point proof (1 headers)
2026-06-23 22:53:55.081+00:00 [INFO ] Validating level 220 from the pruning point proof (1 headers)
2026-06-23 22:53:55.081+00:00 [INFO ] Validating level 219 from the pruning point proof (1 headers)
2026-06-23 22:53:55.081+00:00 [INFO ] Validating level 218 from the pruning point proof (1 headers)
2026-06-23 22:53:55.081+00:00 [INFO ] Validating level 217 from the pruning point proof (1 headers)
2026-06-23 22:53:55.081+00:00 [INFO ] Validating level 216 from the pruning point proof (1 headers)
2026-06-23 22:53:55.081+00:00 [INFO ] Validating level 215 from the pruning point proof (1 headers)
2026-06-23 22:53:55.081+00:00 [INFO ] Validating level 214 from the pruning point proof (1 headers)
2026-06-23 22:53:55.081+00:00 [INFO ] Validating level 213 from the pruning point proof (1 headers)
2026-06-23 22:53:55.081+00:00 [INFO ] Validating level 212 from the pruning point proof (1 headers)
2026-06-23 22:53:55.081+00:00 [INFO ] Validating level 211 from the pruning point proof (1 headers)
2026-06-23 22:53:55.081+00:00 [INFO ] Validating level 210 from the pruning point proof (1 headers)
2026-06-23 22:53:55.081+00:00 [INFO ] Validating level 209 from the pruning point proof (1 headers)
2026-06-23 22:53:55.081+00:00 [INFO ] Validating level 208 from the pruning point proof (1 headers)
2026-06-23 22:53:55.081+00:00 [INFO ] Validating level 207 from the pruning point proof (1 headers)
2026-06-23 22:53:55.081+00:00 [INFO ] Validating level 206 from the pruning point proof (1 headers)
2026-06-23 22:53:55.081+00:00 [INFO ] Validating level 205 from the pruning point proof (1 headers)
2026-06-23 22:53:55.081+00:00 [INFO ] Validating level 204 from the pruning point proof (1 headers)
2026-06-23 22:53:55.081+00:00 [INFO ] Validating level 203 from the pruning point proof (1 headers)
2026-06-23 22:53:55.081+00:00 [INFO ] Validating level 202 from the pruning point proof (1 headers)
2026-06-23 22:53:55.081+00:00 [INFO ] Validating level 201 from the pruning point proof (1 headers)
2026-06-23 22:53:55.081+00:00 [INFO ] Validating level 200 from the pruning point proof (1 headers)
2026-06-23 22:53:55.081+00:00 [INFO ] Validating level 199 from the pruning point proof (1 headers)
2026-06-23 22:53:55.081+00:00 [INFO ] Validating level 198 from the pruning point proof (1 headers)
2026-06-23 22:53:55.082+00:00 [INFO ] Validating level 197 from the pruning point proof (1 headers)
2026-06-23 22:53:55.082+00:00 [INFO ] Validating level 196 from the pruning point proof (1 headers)
2026-06-23 22:53:55.082+00:00 [INFO ] Validating level 195 from the pruning point proof (1 headers)
2026-06-23 22:53:55.082+00:00 [INFO ] Validating level 194 from the pruning point proof (1 headers)
2026-06-23 22:53:55.082+00:00 [INFO ] Validating level 193 from the pruning point proof (1 headers)
2026-06-23 22:53:55.082+00:00 [INFO ] Validating level 192 from the pruning point proof (1 headers)
2026-06-23 22:53:55.082+00:00 [INFO ] Validating level 191 from the pruning point proof (1 headers)
2026-06-23 22:53:55.082+00:00 [INFO ] Validating level 190 from the pruning point proof (1 headers)
2026-06-23 22:53:55.082+00:00 [INFO ] Validating level 189 from the pruning point proof (1 headers)
2026-06-23 22:53:55.082+00:00 [INFO ] Validating level 188 from the pruning point proof (1 headers)
2026-06-23 22:53:55.082+00:00 [INFO ] Validating level 187 from the pruning point proof (1 headers)
2026-06-23 22:53:55.082+00:00 [INFO ] Validating level 186 from the pruning point proof (1 headers)
2026-06-23 22:53:55.082+00:00 [INFO ] Validating level 185 from the pruning point proof (1 headers)
2026-06-23 22:53:55.082+00:00 [INFO ] Validating level 184 from the pruning point proof (1 headers)
2026-06-23 22:53:55.082+00:00 [INFO ] Validating level 183 from the pruning point proof (1 headers)
2026-06-23 22:53:55.082+00:00 [INFO ] Validating level 182 from the pruning point proof (1 headers)
2026-06-23 22:53:55.082+00:00 [INFO ] Validating level 181 from the pruning point proof (1 headers)
2026-06-23 22:53:55.082+00:00 [INFO ] Validating level 180 from the pruning point proof (1 headers)
2026-06-23 22:53:55.083+00:00 [INFO ] Validating level 179 from the pruning point proof (1 headers)
2026-06-23 22:53:55.083+00:00 [INFO ] Validating level 178 from the pruning point proof (1 headers)
2026-06-23 22:53:55.083+00:00 [INFO ] Validating level 177 from the pruning point proof (1 headers)
2026-06-23 22:53:55.083+00:00 [INFO ] Validating level 176 from the pruning point proof (1 headers)
2026-06-23 22:53:55.083+00:00 [INFO ] Validating level 175 from the pruning point proof (1 headers)
2026-06-23 22:53:55.083+00:00 [INFO ] Validating level 174 from the pruning point proof (1 headers)
2026-06-23 22:53:55.083+00:00 [INFO ] Validating level 173 from the pruning point proof (1 headers)
2026-06-23 22:53:55.083+00:00 [INFO ] Validating level 172 from the pruning point proof (1 headers)
2026-06-23 22:53:55.083+00:00 [INFO ] Validating level 171 from the pruning point proof (1 headers)
2026-06-23 22:53:55.083+00:00 [INFO ] Validating level 170 from the pruning point proof (1 headers)
2026-06-23 22:53:55.083+00:00 [INFO ] Validating level 169 from the pruning point proof (1 headers)
2026-06-23 22:53:55.083+00:00 [INFO ] Validating level 168 from the pruning point proof (1 headers)
2026-06-23 22:53:55.083+00:00 [INFO ] Validating level 167 from the pruning point proof (1 headers)
2026-06-23 22:53:55.083+00:00 [INFO ] Validating level 166 from the pruning point proof (1 headers)
2026-06-23 22:53:55.083+00:00 [INFO ] Validating level 165 from the pruning point proof (1 headers)
2026-06-23 22:53:55.083+00:00 [INFO ] Validating level 164 from the pruning point proof (1 headers)
2026-06-23 22:53:55.083+00:00 [INFO ] Validating level 163 from the pruning point proof (1 headers)
2026-06-23 22:53:55.083+00:00 [INFO ] Validating level 162 from the pruning point proof (1 headers)
2026-06-23 22:53:55.083+00:00 [INFO ] Validating level 161 from the pruning point proof (1 headers)
2026-06-23 22:53:55.083+00:00 [INFO ] Validating level 160 from the pruning point proof (1 headers)
2026-06-23 22:53:55.083+00:00 [INFO ] Validating level 159 from the pruning point proof (1 headers)
2026-06-23 22:53:55.083+00:00 [INFO ] Validating level 158 from the pruning point proof (1 headers)
2026-06-23 22:53:55.083+00:00 [INFO ] Validating level 157 from the pruning point proof (1 headers)
2026-06-23 22:53:55.084+00:00 [INFO ] Validating level 156 from the pruning point proof (1 headers)
2026-06-23 22:53:55.084+00:00 [INFO ] Validating level 155 from the pruning point proof (1 headers)
2026-06-23 22:53:55.084+00:00 [INFO ] Validating level 154 from the pruning point proof (1 headers)
2026-06-23 22:53:55.084+00:00 [INFO ] Validating level 153 from the pruning point proof (1 headers)
2026-06-23 22:53:55.084+00:00 [INFO ] Validating level 152 from the pruning point proof (1 headers)
2026-06-23 22:53:55.084+00:00 [INFO ] Validating level 151 from the pruning point proof (1 headers)
2026-06-23 22:53:55.084+00:00 [INFO ] Validating level 150 from the pruning point proof (1 headers)
2026-06-23 22:53:55.084+00:00 [INFO ] Validating level 149 from the pruning point proof (1 headers)
2026-06-23 22:53:55.084+00:00 [INFO ] Validating level 148 from the pruning point proof (1 headers)
2026-06-23 22:53:55.084+00:00 [INFO ] Validating level 147 from the pruning point proof (1 headers)
2026-06-23 22:53:55.084+00:00 [INFO ] Validating level 146 from the pruning point proof (1 headers)
2026-06-23 22:53:55.085+00:00 [INFO ] Validating level 145 from the pruning point proof (1 headers)
2026-06-23 22:53:55.085+00:00 [INFO ] Validating level 144 from the pruning point proof (1 headers)
2026-06-23 22:53:55.085+00:00 [INFO ] Validating level 143 from the pruning point proof (1 headers)
2026-06-23 22:53:55.085+00:00 [INFO ] Validating level 142 from the pruning point proof (1 headers)
2026-06-23 22:53:55.085+00:00 [INFO ] Validating level 141 from the pruning point proof (1 headers)
2026-06-23 22:53:55.085+00:00 [INFO ] Validating level 140 from the pruning point proof (1 headers)
2026-06-23 22:53:55.085+00:00 [INFO ] Validating level 139 from the pruning point proof (1 headers)
2026-06-23 22:53:55.085+00:00 [INFO ] Validating level 138 from the pruning point proof (1 headers)
2026-06-23 22:53:55.085+00:00 [INFO ] Validating level 137 from the pruning point proof (1 headers)
2026-06-23 22:53:55.085+00:00 [INFO ] Validating level 136 from the pruning point proof (1 headers)
2026-06-23 22:53:55.085+00:00 [INFO ] Validating level 135 from the pruning point proof (1 headers)
2026-06-23 22:53:55.085+00:00 [INFO ] Validating level 134 from the pruning point proof (1 headers)
2026-06-23 22:53:55.085+00:00 [INFO ] Validating level 133 from the pruning point proof (1 headers)
2026-06-23 22:53:55.085+00:00 [INFO ] Validating level 132 from the pruning point proof (1 headers)
2026-06-23 22:53:55.085+00:00 [INFO ] Validating level 131 from the pruning point proof (1 headers)
2026-06-23 22:53:55.085+00:00 [INFO ] Validating level 130 from the pruning point proof (1 headers)
2026-06-23 22:53:55.085+00:00 [INFO ] Validating level 129 from the pruning point proof (1 headers)
2026-06-23 22:53:55.086+00:00 [INFO ] Validating level 128 from the pruning point proof (1 headers)
2026-06-23 22:53:55.086+00:00 [INFO ] Validating level 127 from the pruning point proof (1 headers)
2026-06-23 22:53:55.086+00:00 [INFO ] Validating level 126 from the pruning point proof (1 headers)
2026-06-23 22:53:55.086+00:00 [INFO ] Validating level 125 from the pruning point proof (1 headers)
2026-06-23 22:53:55.086+00:00 [INFO ] Validating level 124 from the pruning point proof (1 headers)
2026-06-23 22:53:55.086+00:00 [INFO ] Validating level 123 from the pruning point proof (1 headers)
2026-06-23 22:53:55.086+00:00 [INFO ] Validating level 122 from the pruning point proof (1 headers)
2026-06-23 22:53:55.086+00:00 [INFO ] Validating level 121 from the pruning point proof (1 headers)
2026-06-23 22:53:55.086+00:00 [INFO ] Validating level 120 from the pruning point proof (1 headers)
2026-06-23 22:53:55.086+00:00 [INFO ] Validating level 119 from the pruning point proof (1 headers)
2026-06-23 22:53:55.086+00:00 [INFO ] Validating level 118 from the pruning point proof (1 headers)
2026-06-23 22:53:55.086+00:00 [INFO ] Validating level 117 from the pruning point proof (1 headers)
2026-06-23 22:53:55.086+00:00 [INFO ] Validating level 116 from the pruning point proof (1 headers)
2026-06-23 22:53:55.086+00:00 [INFO ] Validating level 115 from the pruning point proof (1 headers)
2026-06-23 22:53:55.086+00:00 [INFO ] Validating level 114 from the pruning point proof (1 headers)
2026-06-23 22:53:55.086+00:00 [INFO ] Validating level 113 from the pruning point proof (1 headers)
2026-06-23 22:53:55.086+00:00 [INFO ] Validating level 112 from the pruning point proof (1 headers)
2026-06-23 22:53:55.086+00:00 [INFO ] Validating level 111 from the pruning point proof (1 headers)
2026-06-23 22:53:55.086+00:00 [INFO ] Validating level 110 from the pruning point proof (1 headers)
2026-06-23 22:53:55.087+00:00 [INFO ] Validating level 109 from the pruning point proof (1 headers)
2026-06-23 22:53:55.087+00:00 [INFO ] Validating level 108 from the pruning point proof (1 headers)
2026-06-23 22:53:55.087+00:00 [INFO ] Validating level 107 from the pruning point proof (1 headers)
2026-06-23 22:53:55.087+00:00 [INFO ] Validating level 106 from the pruning point proof (1 headers)
2026-06-23 22:53:55.087+00:00 [INFO ] Validating level 105 from the pruning point proof (1 headers)
2026-06-23 22:53:55.087+00:00 [INFO ] Validating level 104 from the pruning point proof (1 headers)
2026-06-23 22:53:55.087+00:00 [INFO ] Validating level 103 from the pruning point proof (1 headers)
2026-06-23 22:53:55.087+00:00 [INFO ] Validating level 102 from the pruning point proof (1 headers)
2026-06-23 22:53:55.087+00:00 [INFO ] Validating level 101 from the pruning point proof (1 headers)
2026-06-23 22:53:55.087+00:00 [INFO ] Validating level 100 from the pruning point proof (1 headers)
2026-06-23 22:53:55.087+00:00 [INFO ] Validating level 99 from the pruning point proof (1 headers)
2026-06-23 22:53:55.087+00:00 [INFO ] Validating level 98 from the pruning point proof (1 headers)
2026-06-23 22:53:55.087+00:00 [INFO ] Validating level 97 from the pruning point proof (1 headers)
2026-06-23 22:53:55.087+00:00 [INFO ] Validating level 96 from the pruning point proof (1 headers)
2026-06-23 22:53:55.087+00:00 [INFO ] Validating level 95 from the pruning point proof (1 headers)
2026-06-23 22:53:55.087+00:00 [INFO ] Validating level 94 from the pruning point proof (1 headers)
2026-06-23 22:53:55.087+00:00 [INFO ] Validating level 93 from the pruning point proof (1 headers)
2026-06-23 22:53:55.087+00:00 [INFO ] Validating level 92 from the pruning point proof (1 headers)
2026-06-23 22:53:55.087+00:00 [INFO ] Validating level 91 from the pruning point proof (1 headers)
2026-06-23 22:53:55.087+00:00 [INFO ] Validating level 90 from the pruning point proof (1 headers)
2026-06-23 22:53:55.087+00:00 [INFO ] Validating level 89 from the pruning point proof (1 headers)
2026-06-23 22:53:55.087+00:00 [INFO ] Validating level 88 from the pruning point proof (1 headers)
2026-06-23 22:53:55.087+00:00 [INFO ] Validating level 87 from the pruning point proof (1 headers)
2026-06-23 22:53:55.087+00:00 [INFO ] Validating level 86 from the pruning point proof (1 headers)
2026-06-23 22:53:55.087+00:00 [INFO ] Validating level 85 from the pruning point proof (1 headers)
2026-06-23 22:53:55.087+00:00 [INFO ] Validating level 84 from the pruning point proof (1 headers)
2026-06-23 22:53:55.088+00:00 [INFO ] Validating level 83 from the pruning point proof (1 headers)
2026-06-23 22:53:55.088+00:00 [INFO ] Validating level 82 from the pruning point proof (1 headers)
2026-06-23 22:53:55.088+00:00 [INFO ] Validating level 81 from the pruning point proof (1 headers)
2026-06-23 22:53:55.088+00:00 [INFO ] Validating level 80 from the pruning point proof (1 headers)
2026-06-23 22:53:55.088+00:00 [INFO ] Validating level 79 from the pruning point proof (1 headers)
2026-06-23 22:53:55.088+00:00 [INFO ] Validating level 78 from the pruning point proof (1 headers)
2026-06-23 22:53:55.088+00:00 [INFO ] Validating level 77 from the pruning point proof (1 headers)
2026-06-23 22:53:55.088+00:00 [INFO ] Validating level 76 from the pruning point proof (1 headers)
2026-06-23 22:53:55.088+00:00 [INFO ] Validating level 75 from the pruning point proof (1 headers)
2026-06-23 22:53:55.088+00:00 [INFO ] Validating level 74 from the pruning point proof (1 headers)
2026-06-23 22:53:55.088+00:00 [INFO ] Validating level 73 from the pruning point proof (1 headers)
2026-06-23 22:53:55.088+00:00 [INFO ] Validating level 72 from the pruning point proof (1 headers)
2026-06-23 22:53:55.088+00:00 [INFO ] Validating level 71 from the pruning point proof (1 headers)
2026-06-23 22:53:55.088+00:00 [INFO ] Validating level 70 from the pruning point proof (1 headers)
2026-06-23 22:53:55.088+00:00 [INFO ] Validating level 69 from the pruning point proof (1 headers)
2026-06-23 22:53:55.088+00:00 [INFO ] Validating level 68 from the pruning point proof (1 headers)
2026-06-23 22:53:55.088+00:00 [INFO ] Validating level 67 from the pruning point proof (1 headers)
2026-06-23 22:53:55.088+00:00 [INFO ] Validating level 66 from the pruning point proof (1 headers)
2026-06-23 22:53:55.088+00:00 [INFO ] Validating level 65 from the pruning point proof (1 headers)
2026-06-23 22:53:55.088+00:00 [INFO ] Validating level 64 from the pruning point proof (1 headers)
2026-06-23 22:53:55.088+00:00 [INFO ] Validating level 63 from the pruning point proof (1 headers)
2026-06-23 22:53:55.088+00:00 [INFO ] Validating level 62 from the pruning point proof (1 headers)
2026-06-23 22:53:55.088+00:00 [INFO ] Validating level 61 from the pruning point proof (1 headers)
2026-06-23 22:53:55.088+00:00 [INFO ] Validating level 60 from the pruning point proof (1 headers)
2026-06-23 22:53:55.088+00:00 [INFO ] Validating level 59 from the pruning point proof (1 headers)
2026-06-23 22:53:55.088+00:00 [INFO ] Validating level 58 from the pruning point proof (1 headers)
2026-06-23 22:53:55.088+00:00 [INFO ] Validating level 57 from the pruning point proof (1 headers)
2026-06-23 22:53:55.088+00:00 [INFO ] Validating level 56 from the pruning point proof (1 headers)
2026-06-23 22:53:55.088+00:00 [INFO ] Validating level 55 from the pruning point proof (1 headers)
2026-06-23 22:53:55.088+00:00 [INFO ] Validating level 54 from the pruning point proof (1 headers)
2026-06-23 22:53:55.089+00:00 [INFO ] Validating level 53 from the pruning point proof (1 headers)
2026-06-23 22:53:55.089+00:00 [INFO ] Validating level 52 from the pruning point proof (1 headers)
2026-06-23 22:53:55.089+00:00 [INFO ] Validating level 51 from the pruning point proof (1 headers)
2026-06-23 22:53:55.089+00:00 [INFO ] Validating level 50 from the pruning point proof (1 headers)
2026-06-23 22:53:55.089+00:00 [INFO ] Validating level 49 from the pruning point proof (1 headers)
2026-06-23 22:53:55.089+00:00 [INFO ] Validating level 48 from the pruning point proof (1 headers)
2026-06-23 22:53:55.089+00:00 [INFO ] Validating level 47 from the pruning point proof (1 headers)
2026-06-23 22:53:55.089+00:00 [INFO ] Validating level 46 from the pruning point proof (1 headers)
2026-06-23 22:53:55.089+00:00 [INFO ] Validating level 45 from the pruning point proof (1 headers)
2026-06-23 22:53:55.089+00:00 [INFO ] Validating level 44 from the pruning point proof (1 headers)
2026-06-23 22:53:55.089+00:00 [INFO ] Validating level 43 from the pruning point proof (1 headers)
2026-06-23 22:53:55.089+00:00 [INFO ] Validating level 42 from the pruning point proof (1 headers)
2026-06-23 22:53:55.089+00:00 [INFO ] Validating level 41 from the pruning point proof (2 headers)
2026-06-23 22:53:55.089+00:00 [INFO ] Validating level 40 from the pruning point proof (3 headers)
2026-06-23 22:53:55.089+00:00 [INFO ] Validating level 39 from the pruning point proof (4 headers)
2026-06-23 22:53:55.090+00:00 [INFO ] Validating level 38 from the pruning point proof (4 headers)
2026-06-23 22:53:55.090+00:00 [INFO ] Validating level 37 from the pruning point proof (5 headers)
2026-06-23 22:53:55.091+00:00 [INFO ] Validating level 36 from the pruning point proof (10 headers)
2026-06-23 22:53:55.092+00:00 [INFO ] Validating level 35 from the pruning point proof (16 headers)
2026-06-23 22:53:55.094+00:00 [INFO ] Validating level 34 from the pruning point proof (40 headers)
2026-06-23 22:53:55.099+00:00 [INFO ] Validating level 33 from the pruning point proof (76 headers)
2026-06-23 22:53:55.109+00:00 [INFO ] Validating level 32 from the pruning point proof (148 headers)
2026-06-23 22:53:55.135+00:00 [INFO ] Validating level 31 from the pruning point proof (295 headers)
2026-06-23 22:53:55.227+00:00 [INFO ] Validating level 30 from the pruning point proof (558 headers)
2026-06-23 22:53:55.408+00:00 [INFO ] Validating level 29 from the pruning point proof (1045 headers)
2026-06-23 22:53:55.776+00:00 [INFO ] Processed 0 blocks and 0 headers in the last 10.00s (0 transactions; 0 UTXO-validated blocks; 0.00 parents; 0.00 mergeset; 0.00 TPB; mass: 0.0s/0.0c/0.0t; 0.0 lanes/mergeset)
2026-06-23 22:53:55.796+00:00 [INFO ] Validating level 28 from the pruning point proof (2060 headers)
2026-06-23 22:53:56.630+00:00 [INFO ] Validating level 27 from the pruning point proof (2001 headers)
2026-06-23 22:53:57.329+00:00 [INFO ] Validating level 26 from the pruning point proof (2001 headers)
2026-06-23 22:53:58.084+00:00 [INFO ] Validating level 25 from the pruning point proof (2042 headers)
2026-06-23 22:53:58.841+00:00 [INFO ] Validating level 24 from the pruning point proof (2001 headers)
2026-06-23 22:53:59.556+00:00 [INFO ] Validating level 23 from the pruning point proof (2001 headers)
2026-06-23 22:54:00.418+00:00 [INFO ] Validating level 22 from the pruning point proof (2001 headers)
2026-06-23 22:54:01.216+00:00 [INFO ] Validating level 21 from the pruning point proof (2001 headers)
2026-06-23 22:54:02.172+00:00 [INFO ] Validating level 20 from the pruning point proof (2026 headers)
2026-06-23 22:54:02.999+00:00 [INFO ] Validating level 19 from the pruning point proof (2201 headers)
2026-06-23 22:54:04.003+00:00 [INFO ] Validating level 18 from the pruning point proof (2028 headers)
2026-06-23 22:54:04.870+00:00 [INFO ] Validating level 17 from the pruning point proof (2089 headers)
2026-06-23 22:54:05.684+00:00 [INFO ] Validating level 16 from the pruning point proof (2001 headers)
2026-06-23 22:54:06.537+00:00 [INFO ] Validating level 15 from the pruning point proof (2001 headers)
2026-06-23 22:54:06.659+00:00 [WARN ] Error connecting to DNS seeder tn12-dnsseed.kasia.fyi: failed to lookup address information: Temporary failure in name resolution
2026-06-23 22:54:07.319+00:00 [INFO ] Validating level 14 from the pruning point proof (2075 headers)
2026-06-23 22:54:08.166+00:00 [INFO ] Validating level 13 from the pruning point proof (2001 headers)
2026-06-23 22:54:08.979+00:00 [INFO ] Validating level 12 from the pruning point proof (2001 headers)
2026-06-23 22:54:09.853+00:00 [INFO ] Validating level 11 from the pruning point proof (2101 headers)
2026-06-23 22:54:10.696+00:00 [INFO ] Validating level 10 from the pruning point proof (2101 headers)
2026-06-23 22:54:11.454+00:00 [INFO ] Validating level 9 from the pruning point proof (2101 headers)
2026-06-23 22:54:12.259+00:00 [INFO ] Validating level 8 from the pruning point proof (2101 headers)
2026-06-23 22:54:13.063+00:00 [INFO ] Validating level 7 from the pruning point proof (2101 headers)
2026-06-23 22:54:13.909+00:00 [INFO ] Validating level 6 from the pruning point proof (2101 headers)
2026-06-23 22:54:14.743+00:00 [INFO ] Validating level 5 from the pruning point proof (2101 headers)
2026-06-23 22:54:15.570+00:00 [INFO ] Validating level 4 from the pruning point proof (2101 headers)
2026-06-23 22:54:16.414+00:00 [INFO ] Validating level 3 from the pruning point proof (2101 headers)
2026-06-23 22:54:17.260+00:00 [INFO ] Validating level 2 from the pruning point proof (2101 headers)
2026-06-23 22:54:18.048+00:00 [INFO ] Validating level 1 from the pruning point proof (2101 headers)
2026-06-23 22:54:18.841+00:00 [INFO ] Validating level 0 from the pruning point proof (2101 headers)
2026-06-23 22:54:19.675+00:00 [INFO ] Built headers proof with overall 251 headers (1 unique)
2026-06-23 22:54:21.034+00:00 [INFO ] Finished downloading 0 blocks from the pruning point anticone
2026-06-23 22:54:21.034+00:00 [INFO ] Starting to download the pruning point chain segment
2026-06-23 22:54:21.360+00:00 [INFO ] Downloaded 1000 headers from the pruning point chain segment
2026-06-23 22:54:21.703+00:00 [INFO ] Downloaded 2000 headers from the pruning point chain segment
2026-06-23 22:54:22.034+00:00 [INFO ] Downloaded 3000 headers from the pruning point chain segment
2026-06-23 22:54:22.365+00:00 [INFO ] Downloaded 4000 headers from the pruning point chain segment
2026-06-23 22:54:22.604+00:00 [INFO ] Connection manager: has 3/8 outgoing P2P connections, trying to obtain 2 additional connection(s)...
2026-06-23 22:54:22.699+00:00 [INFO ] Downloaded 5000 headers from the pruning point chain segment
2026-06-23 22:54:23.033+00:00 [INFO ] Downloaded 6000 headers from the pruning point chain segment
2026-06-23 22:54:23.047+00:00 [INFO ] Registering p2p flows for peer 23.118.8.163:16311 for protocol version 9
2026-06-23 22:54:23.048+00:00 [INFO ] P2P Connected to outgoing peer 23.118.8.163:16311 (outbound: 4)
2026-06-23 22:54:23.048+00:00 [INFO ] Querying DNS seeder tn12-dnsseed.kas.pa
2026-06-23 22:54:23.367+00:00 [INFO ] Downloaded 7000 headers from the pruning point chain segment
2026-06-23 22:54:23.459+00:00 [INFO ] Retrieved 1 addresses from DNS seeder tn12-dnsseed.kas.pa
2026-06-23 22:54:23.459+00:00 [INFO ] Querying DNS seeder seeder1-tn12.kaspad.net
2026-06-23 22:54:23.485+00:00 [INFO ] Retrieved 4 addresses from DNS seeder seeder1-tn12.kaspad.net
2026-06-23 22:54:23.485+00:00 [INFO ] Querying DNS seeder tn12-dnsseed.kasia.fyi
2026-06-23 22:54:23.695+00:00 [INFO ] Downloaded 8000 headers from the pruning point chain segment
2026-06-23 22:54:24.020+00:00 [INFO ] Downloaded 9000 headers from the pruning point chain segment
2026-06-23 22:54:24.386+00:00 [INFO ] Downloaded 10000 headers from the pruning point chain segment
2026-06-23 22:54:24.722+00:00 [INFO ] Downloaded 11000 headers from the pruning point chain segment
2026-06-23 22:54:25.056+00:00 [INFO ] Downloaded 12000 headers from the pruning point chain segment
2026-06-23 22:54:25.379+00:00 [INFO ] Downloaded 13000 headers from the pruning point chain segment
2026-06-23 22:54:25.708+00:00 [INFO ] Downloaded 14000 headers from the pruning point chain segment
2026-06-23 22:54:26.040+00:00 [INFO ] Downloaded 15000 headers from the pruning point chain segment
2026-06-23 22:54:26.372+00:00 [INFO ] Downloaded 16000 headers from the pruning point chain segment
2026-06-23 22:54:26.730+00:00 [INFO ] Downloaded 17000 headers from the pruning point chain segment
2026-06-23 22:54:27.061+00:00 [INFO ] Downloaded 18000 headers from the pruning point chain segment
2026-06-23 22:54:27.388+00:00 [INFO ] Downloaded 19000 headers from the pruning point chain segment
2026-06-23 22:54:27.745+00:00 [INFO ] Downloaded 20000 headers from the pruning point chain segment
2026-06-23 22:54:28.074+00:00 [INFO ] Downloaded 21000 headers from the pruning point chain segment
2026-06-23 22:54:28.405+00:00 [INFO ] Downloaded 22000 headers from the pruning point chain segment
2026-06-23 22:54:28.730+00:00 [INFO ] Downloaded 23000 headers from the pruning point chain segment
2026-06-23 22:54:29.059+00:00 [INFO ] Downloaded 24000 headers from the pruning point chain segment
2026-06-23 22:54:29.385+00:00 [INFO ] Downloaded 25000 headers from the pruning point chain segment
2026-06-23 22:54:29.716+00:00 [INFO ] Downloaded 26000 headers from the pruning point chain segment
2026-06-23 22:54:30.049+00:00 [INFO ] Downloaded 27000 headers from the pruning point chain segment
2026-06-23 22:54:30.381+00:00 [INFO ] Downloaded 28000 headers from the pruning point chain segment
2026-06-23 22:54:30.706+00:00 [INFO ] Downloaded 29000 headers from the pruning point chain segment
2026-06-23 22:54:31.063+00:00 [INFO ] Downloaded 30000 headers from the pruning point chain segment
2026-06-23 22:54:31.394+00:00 [INFO ] Downloaded 31000 headers from the pruning point chain segment
2026-06-23 22:54:31.728+00:00 [INFO ] Downloaded 32000 headers from the pruning point chain segment
2026-06-23 22:54:32.060+00:00 [INFO ] Downloaded 33000 headers from the pruning point chain segment
2026-06-23 22:54:32.393+00:00 [INFO ] Downloaded 34000 headers from the pruning point chain segment
2026-06-23 22:54:32.719+00:00 [INFO ] Downloaded 35000 headers from the pruning point chain segment
2026-06-23 22:54:33.045+00:00 [INFO ] Downloaded 36000 headers from the pruning point chain segment
2026-06-23 22:54:33.374+00:00 [INFO ] Downloaded 37000 headers from the pruning point chain segment
2026-06-23 22:54:33.710+00:00 [INFO ] Downloaded 38000 headers from the pruning point chain segment
2026-06-23 22:54:34.054+00:00 [INFO ] Downloaded 39000 headers from the pruning point chain segment
2026-06-23 22:54:34.413+00:00 [INFO ] Downloaded 40000 headers from the pruning point chain segment
2026-06-23 22:54:34.745+00:00 [INFO ] Downloaded 41000 headers from the pruning point chain segment
2026-06-23 22:54:35.073+00:00 [INFO ] Downloaded 42000 headers from the pruning point chain segment
2026-06-23 22:54:35.406+00:00 [INFO ] Downloaded 43000 headers from the pruning point chain segment
2026-06-23 22:54:35.742+00:00 [INFO ] Downloaded 44000 headers from the pruning point chain segment
2026-06-23 22:54:36.079+00:00 [INFO ] Downloaded 45000 headers from the pruning point chain segment
2026-06-23 22:54:36.411+00:00 [INFO ] Downloaded 46000 headers from the pruning point chain segment
2026-06-23 22:54:36.739+00:00 [INFO ] Downloaded 47000 headers from the pruning point chain segment
2026-06-23 22:54:36.858+00:00 [WARN ] Error connecting to DNS seeder tn12-dnsseed.kasia.fyi: failed to lookup address information: Temporary failure in name resolution
2026-06-23 22:54:36.858+00:00 [INFO ] Querying DNS seeder n-testnet-12.kaspa.ws
2026-06-23 22:54:36.915+00:00 [INFO ] Retrieved 4 addresses from DNS seeder n-testnet-12.kaspa.ws
2026-06-23 22:54:37.069+00:00 [INFO ] Downloaded 48000 headers from the pruning point chain segment
2026-06-23 22:54:37.403+00:00 [INFO ] Downloaded 49000 headers from the pruning point chain segment
2026-06-23 22:54:37.764+00:00 [INFO ] Downloaded 50000 headers from the pruning point chain segment
2026-06-23 22:54:38.095+00:00 [INFO ] Downloaded 51000 headers from the pruning point chain segment
2026-06-23 22:54:38.432+00:00 [INFO ] Downloaded 52000 headers from the pruning point chain segment
2026-06-23 22:54:38.761+00:00 [INFO ] Downloaded 53000 headers from the pruning point chain segment
2026-06-23 22:54:39.103+00:00 [INFO ] Downloaded 54000 headers from the pruning point chain segment
2026-06-23 22:54:39.438+00:00 [INFO ] Downloaded 55000 headers from the pruning point chain segment
2026-06-23 22:54:39.766+00:00 [INFO ] Downloaded 56000 headers from the pruning point chain segment
2026-06-23 22:54:40.108+00:00 [INFO ] Downloaded 57000 headers from the pruning point chain segment
2026-06-23 22:54:40.443+00:00 [INFO ] Downloaded 58000 headers from the pruning point chain segment
2026-06-23 22:54:40.770+00:00 [INFO ] Downloaded 59000 headers from the pruning point chain segment
2026-06-23 22:54:41.128+00:00 [INFO ] Downloaded 60000 headers from the pruning point chain segment
2026-06-23 22:54:41.451+00:00 [INFO ] Downloaded 61000 headers from the pruning point chain segment
2026-06-23 22:54:41.781+00:00 [INFO ] Downloaded 62000 headers from the pruning point chain segment
2026-06-23 22:54:42.107+00:00 [INFO ] Downloaded 63000 headers from the pruning point chain segment
2026-06-23 22:54:42.442+00:00 [INFO ] Downloaded 64000 headers from the pruning point chain segment
2026-06-23 22:54:42.777+00:00 [INFO ] Downloaded 65000 headers from the pruning point chain segment
2026-06-23 22:54:43.113+00:00 [INFO ] Downloaded 66000 headers from the pruning point chain segment
2026-06-23 22:54:43.447+00:00 [INFO ] Downloaded 67000 headers from the pruning point chain segment
2026-06-23 22:54:43.776+00:00 [INFO ] Downloaded 68000 headers from the pruning point chain segment
2026-06-23 22:54:44.109+00:00 [INFO ] Downloaded 69000 headers from the pruning point chain segment
2026-06-23 22:54:44.466+00:00 [INFO ] Downloaded 70000 headers from the pruning point chain segment
2026-06-23 22:54:44.791+00:00 [INFO ] Downloaded 71000 headers from the pruning point chain segment
2026-06-23 22:54:45.124+00:00 [INFO ] Downloaded 72000 headers from the pruning point chain segment
2026-06-23 22:54:45.452+00:00 [INFO ] Downloaded 73000 headers from the pruning point chain segment
2026-06-23 22:54:45.779+00:00 [INFO ] Downloaded 74000 headers from the pruning point chain segment
2026-06-23 22:54:46.109+00:00 [INFO ] Downloaded 75000 headers from the pruning point chain segment
2026-06-23 22:54:46.448+00:00 [INFO ] Downloaded 76000 headers from the pruning point chain segment
2026-06-23 22:54:46.778+00:00 [INFO ] Downloaded 77000 headers from the pruning point chain segment
2026-06-23 22:54:47.113+00:00 [INFO ] Downloaded 78000 headers from the pruning point chain segment
2026-06-23 22:54:47.435+00:00 [INFO ] Downloaded 79000 headers from the pruning point chain segment
2026-06-23 22:54:47.786+00:00 [INFO ] Downloaded 80000 headers from the pruning point chain segment
2026-06-23 22:54:48.128+00:00 [INFO ] Downloaded 81000 headers from the pruning point chain segment
2026-06-23 22:54:48.469+00:00 [INFO ] Downloaded 82000 headers from the pruning point chain segment
2026-06-23 22:54:48.804+00:00 [INFO ] Downloaded 83000 headers from the pruning point chain segment
2026-06-23 22:54:49.140+00:00 [INFO ] Downloaded 84000 headers from the pruning point chain segment
2026-06-23 22:54:49.477+00:00 [INFO ] Downloaded 85000 headers from the pruning point chain segment
2026-06-23 22:54:49.818+00:00 [INFO ] Downloaded 86000 headers from the pruning point chain segment
2026-06-23 22:54:50.157+00:00 [INFO ] Downloaded 87000 headers from the pruning point chain segment
2026-06-23 22:54:50.493+00:00 [INFO ] Downloaded 88000 headers from the pruning point chain segment
2026-06-23 22:54:50.832+00:00 [INFO ] Downloaded 89000 headers from the pruning point chain segment
2026-06-23 22:54:51.192+00:00 [INFO ] Downloaded 90000 headers from the pruning point chain segment
2026-06-23 22:54:51.532+00:00 [INFO ] Downloaded 91000 headers from the pruning point chain segment
2026-06-23 22:54:51.869+00:00 [INFO ] Downloaded 92000 headers from the pruning point chain segment
2026-06-23 22:54:52.204+00:00 [INFO ] Downloaded 93000 headers from the pruning point chain segment
2026-06-23 22:54:52.530+00:00 [INFO ] Downloaded 94000 headers from the pruning point chain segment
2026-06-23 22:54:52.604+00:00 [INFO ] Connection manager: has 4/8 outgoing P2P connections, trying to obtain 3 additional connection(s)...
2026-06-23 22:54:52.866+00:00 [INFO ] Downloaded 95000 headers from the pruning point chain segment
2026-06-23 22:54:53.202+00:00 [INFO ] Downloaded 96000 headers from the pruning point chain segment
2026-06-23 22:54:53.529+00:00 [INFO ] Downloaded 97000 headers from the pruning point chain segment
2026-06-23 22:54:53.607+00:00 [INFO ] Querying DNS seeder tn12-dnsseed.kas.pa
2026-06-23 22:54:53.855+00:00 [INFO ] Downloaded 98000 headers from the pruning point chain segment
2026-06-23 22:54:54.020+00:00 [INFO ] Retrieved 1 addresses from DNS seeder tn12-dnsseed.kas.pa
2026-06-23 22:54:54.020+00:00 [INFO ] Querying DNS seeder n-testnet-12.kaspa.ws
2026-06-23 22:54:54.020+00:00 [INFO ] Retrieved 4 addresses from DNS seeder n-testnet-12.kaspa.ws
2026-06-23 22:54:54.020+00:00 [INFO ] Querying DNS seeder seeder1-tn12.kaspad.net
2026-06-23 22:54:54.214+00:00 [INFO ] Downloaded 99000 headers from the pruning point chain segment
2026-06-23 22:54:54.297+00:00 [INFO ] Retrieved 4 addresses from DNS seeder seeder1-tn12.kaspad.net
2026-06-23 22:54:54.545+00:00 [INFO ] Downloaded 100000 headers from the pruning point chain segment
2026-06-23 22:54:54.878+00:00 [INFO ] Downloaded 101000 headers from the pruning point chain segment
2026-06-23 22:54:55.218+00:00 [INFO ] Downloaded 102000 headers from the pruning point chain segment
2026-06-23 22:54:55.541+00:00 [INFO ] Downloaded 103000 headers from the pruning point chain segment
2026-06-23 22:54:55.859+00:00 [INFO ] Downloaded 104000 headers from the pruning point chain segment
2026-06-23 22:54:56.188+00:00 [INFO ] Downloaded 105000 headers from the pruning point chain segment
2026-06-23 22:54:56.522+00:00 [INFO ] Downloaded 106000 headers from the pruning point chain segment
2026-06-23 22:54:56.854+00:00 [INFO ] Downloaded 107000 headers from the pruning point chain segment
2026-06-23 22:54:57.190+00:00 [INFO ] Downloaded 108000 headers from the pruning point chain segment
2026-06-23 22:54:57.550+00:00 [INFO ] Downloaded 109000 headers from the pruning point chain segment
2026-06-23 22:54:57.883+00:00 [INFO ] Downloaded 110000 headers from the pruning point chain segment
2026-06-23 22:54:58.218+00:00 [INFO ] Downloaded 111000 headers from the pruning point chain segment
2026-06-23 22:54:58.556+00:00 [INFO ] Downloaded 112000 headers from the pruning point chain segment
2026-06-23 22:54:58.887+00:00 [INFO ] Downloaded 113000 headers from the pruning point chain segment
2026-06-23 22:54:59.222+00:00 [INFO ] Downloaded 114000 headers from the pruning point chain segment
2026-06-23 22:54:59.559+00:00 [INFO ] Downloaded 115000 headers from the pruning point chain segment
2026-06-23 22:54:59.897+00:00 [INFO ] Downloaded 116000 headers from the pruning point chain segment
2026-06-23 22:55:00.231+00:00 [INFO ] Downloaded 117000 headers from the pruning point chain segment
2026-06-23 22:55:00.569+00:00 [INFO ] Downloaded 118000 headers from the pruning point chain segment
2026-06-23 22:55:00.924+00:00 [INFO ] Downloaded 119000 headers from the pruning point chain segment
2026-06-23 22:55:01.256+00:00 [INFO ] Downloaded 120000 headers from the pruning point chain segment
2026-06-23 22:55:01.581+00:00 [INFO ] Downloaded 121000 headers from the pruning point chain segment
2026-06-23 22:55:01.921+00:00 [INFO ] Downloaded 122000 headers from the pruning point chain segment
2026-06-23 22:55:02.264+00:00 [INFO ] Downloaded 123000 headers from the pruning point chain segment
2026-06-23 22:55:02.606+00:00 [INFO ] Downloaded 124000 headers from the pruning point chain segment
2026-06-23 22:55:02.963+00:00 [INFO ] Downloaded 125000 headers from the pruning point chain segment
2026-06-23 22:55:03.298+00:00 [INFO ] Downloaded 126000 headers from the pruning point chain segment
2026-06-23 22:55:03.632+00:00 [INFO ] Downloaded 127000 headers from the pruning point chain segment
2026-06-23 22:55:03.957+00:00 [INFO ] Downloaded 128000 headers from the pruning point chain segment
2026-06-23 22:55:04.311+00:00 [INFO ] Downloaded 129000 headers from the pruning point chain segment
2026-06-23 22:55:04.640+00:00 [INFO ] Downloaded 130000 headers from the pruning point chain segment
2026-06-23 22:55:04.977+00:00 [INFO ] Downloaded 131000 headers from the pruning point chain segment
2026-06-23 22:55:05.297+00:00 [INFO ] Downloaded 132000 headers from the pruning point chain segment
2026-06-23 22:55:05.621+00:00 [INFO ] Downloaded 133000 headers from the pruning point chain segment
2026-06-23 22:55:05.954+00:00 [INFO ] Downloaded 134000 headers from the pruning point chain segment
2026-06-23 22:55:06.351+00:00 [INFO ] Downloaded 135000 headers from the pruning point chain segment
2026-06-23 22:55:06.685+00:00 [INFO ] Downloaded 136000 headers from the pruning point chain segment
2026-06-23 22:55:07.018+00:00 [INFO ] Downloaded 137000 headers from the pruning point chain segment
2026-06-23 22:55:07.352+00:00 [INFO ] Downloaded 138000 headers from the pruning point chain segment
2026-06-23 22:55:07.715+00:00 [INFO ] Downloaded 139000 headers from the pruning point chain segment
2026-06-23 22:55:08.052+00:00 [INFO ] Downloaded 140000 headers from the pruning point chain segment
2026-06-23 22:55:08.378+00:00 [INFO ] Downloaded 141000 headers from the pruning point chain segment
2026-06-23 22:55:08.730+00:00 [INFO ] Downloaded 142000 headers from the pruning point chain segment
2026-06-23 22:55:09.067+00:00 [INFO ] Downloaded 143000 headers from the pruning point chain segment
2026-06-23 22:55:09.393+00:00 [INFO ] Downloaded 144000 headers from the pruning point chain segment
2026-06-23 22:55:09.721+00:00 [INFO ] Downloaded 145000 headers from the pruning point chain segment
2026-06-23 22:55:10.051+00:00 [INFO ] Downloaded 146000 headers from the pruning point chain segment
2026-06-23 22:55:10.406+00:00 [INFO ] Downloaded 147000 headers from the pruning point chain segment
2026-06-23 22:55:10.738+00:00 [INFO ] Downloaded 148000 headers from the pruning point chain segment
2026-06-23 22:55:11.096+00:00 [INFO ] Downloaded 149000 headers from the pruning point chain segment
2026-06-23 22:55:11.430+00:00 [INFO ] Downloaded 150000 headers from the pruning point chain segment
2026-06-23 22:55:11.765+00:00 [INFO ] Downloaded 151000 headers from the pruning point chain segment
2026-06-23 22:55:12.099+00:00 [INFO ] Downloaded 152000 headers from the pruning point chain segment
2026-06-23 22:55:12.439+00:00 [INFO ] Downloaded 153000 headers from the pruning point chain segment
2026-06-23 22:55:12.772+00:00 [INFO ] Downloaded 154000 headers from the pruning point chain segment
2026-06-23 22:55:13.105+00:00 [INFO ] Downloaded 155000 headers from the pruning point chain segment
2026-06-23 22:55:13.429+00:00 [INFO ] Downloaded 156000 headers from the pruning point chain segment
2026-06-23 22:55:13.752+00:00 [INFO ] Downloaded 157000 headers from the pruning point chain segment
2026-06-23 22:55:14.079+00:00 [INFO ] Downloaded 158000 headers from the pruning point chain segment
2026-06-23 22:55:14.428+00:00 [INFO ] Downloaded 159000 headers from the pruning point chain segment
2026-06-23 22:55:14.759+00:00 [INFO ] Downloaded 160000 headers from the pruning point chain segment
2026-06-23 22:55:15.098+00:00 [INFO ] Downloaded 161000 headers from the pruning point chain segment
2026-06-23 22:55:15.429+00:00 [INFO ] Downloaded 162000 headers from the pruning point chain segment
2026-06-23 22:55:15.757+00:00 [INFO ] Downloaded 163000 headers from the pruning point chain segment
2026-06-23 22:55:16.091+00:00 [INFO ] Downloaded 164000 headers from the pruning point chain segment
2026-06-23 22:55:16.425+00:00 [INFO ] Downloaded 165000 headers from the pruning point chain segment
2026-06-23 22:55:16.757+00:00 [INFO ] Downloaded 166000 headers from the pruning point chain segment
2026-06-23 22:55:17.089+00:00 [INFO ] Downloaded 167000 headers from the pruning point chain segment
2026-06-23 22:55:17.413+00:00 [INFO ] Downloaded 168000 headers from the pruning point chain segment
2026-06-23 22:55:17.765+00:00 [INFO ] Downloaded 169000 headers from the pruning point chain segment
2026-06-23 22:55:18.098+00:00 [INFO ] Downloaded 170000 headers from the pruning point chain segment
2026-06-23 22:55:18.433+00:00 [INFO ] Downloaded 171000 headers from the pruning point chain segment
2026-06-23 22:55:18.763+00:00 [INFO ] Downloaded 172000 headers from the pruning point chain segment
2026-06-23 22:55:19.096+00:00 [INFO ] Downloaded 173000 headers from the pruning point chain segment
2026-06-23 22:55:19.427+00:00 [INFO ] Downloaded 174000 headers from the pruning point chain segment
2026-06-23 22:55:19.753+00:00 [INFO ] Downloaded 175000 headers from the pruning point chain segment
2026-06-23 22:55:20.083+00:00 [INFO ] Downloaded 176000 headers from the pruning point chain segment
2026-06-23 22:55:20.405+00:00 [INFO ] Downloaded 177000 headers from the pruning point chain segment
2026-06-23 22:55:20.737+00:00 [INFO ] Downloaded 178000 headers from the pruning point chain segment
2026-06-23 22:55:21.090+00:00 [INFO ] Downloaded 179000 headers from the pruning point chain segment
2026-06-23 22:55:21.418+00:00 [INFO ] Downloaded 180000 headers from the pruning point chain segment
2026-06-23 22:55:21.748+00:00 [INFO ] Downloaded 181000 headers from the pruning point chain segment
2026-06-23 22:55:22.076+00:00 [INFO ] Downloaded 182000 headers from the pruning point chain segment
2026-06-23 22:55:22.401+00:00 [INFO ] Downloaded 183000 headers from the pruning point chain segment
2026-06-23 22:55:22.604+00:00 [INFO ] Connection manager: has 4/8 outgoing P2P connections, trying to obtain 3 additional connection(s)...
2026-06-23 22:55:22.733+00:00 [INFO ] Downloaded 184000 headers from the pruning point chain segment
2026-06-23 22:55:23.082+00:00 [INFO ] Downloaded 185000 headers from the pruning point chain segment
2026-06-23 22:55:23.413+00:00 [INFO ] Downloaded 186000 headers from the pruning point chain segment
2026-06-23 22:55:23.606+00:00 [INFO ] Querying DNS seeder tn12-dnsseed.kasia.fyi
2026-06-23 22:55:23.735+00:00 [INFO ] Downloaded 187000 headers from the pruning point chain segment
2026-06-23 22:55:24.069+00:00 [INFO ] Downloaded 188000 headers from the pruning point chain segment
2026-06-23 22:55:24.426+00:00 [INFO ] Downloaded 189000 headers from the pruning point chain segment
2026-06-23 22:55:24.759+00:00 [INFO ] Downloaded 190000 headers from the pruning point chain segment
2026-06-23 22:55:25.086+00:00 [INFO ] Downloaded 191000 headers from the pruning point chain segment
2026-06-23 22:55:25.410+00:00 [INFO ] Downloaded 192000 headers from the pruning point chain segment
2026-06-23 22:55:25.749+00:00 [INFO ] Downloaded 193000 headers from the pruning point chain segment
2026-06-23 22:55:26.076+00:00 [INFO ] Downloaded 194000 headers from the pruning point chain segment
2026-06-23 22:55:26.410+00:00 [INFO ] Downloaded 195000 headers from the pruning point chain segment
2026-06-23 22:55:26.744+00:00 [INFO ] Downloaded 196000 headers from the pruning point chain segment
2026-06-23 22:55:27.072+00:00 [INFO ] Downloaded 197000 headers from the pruning point chain segment
2026-06-23 22:55:27.419+00:00 [INFO ] Downloaded 198000 headers from the pruning point chain segment
2026-06-23 22:55:27.750+00:00 [INFO ] Downloaded 199000 headers from the pruning point chain segment
2026-06-23 22:55:28.077+00:00 [INFO ] Downloaded 200000 headers from the pruning point chain segment
2026-06-23 22:55:28.408+00:00 [INFO ] Downloaded 201000 headers from the pruning point chain segment
2026-06-23 22:55:28.735+00:00 [INFO ] Downloaded 202000 headers from the pruning point chain segment
2026-06-23 22:55:29.060+00:00 [INFO ] Downloaded 203000 headers from the pruning point chain segment
2026-06-23 22:55:29.386+00:00 [INFO ] Downloaded 204000 headers from the pruning point chain segment
2026-06-23 22:55:29.710+00:00 [INFO ] Downloaded 205000 headers from the pruning point chain segment
2026-06-23 22:55:30.046+00:00 [INFO ] Downloaded 206000 headers from the pruning point chain segment
2026-06-23 22:55:30.382+00:00 [INFO ] Downloaded 207000 headers from the pruning point chain segment
2026-06-23 22:55:30.731+00:00 [INFO ] Downloaded 208000 headers from the pruning point chain segment
2026-06-23 22:55:31.059+00:00 [INFO ] Downloaded 209000 headers from the pruning point chain segment
2026-06-23 22:55:31.388+00:00 [INFO ] Downloaded 210000 headers from the pruning point chain segment
2026-06-23 22:55:31.717+00:00 [INFO ] Downloaded 211000 headers from the pruning point chain segment
2026-06-23 22:55:32.047+00:00 [INFO ] Downloaded 212000 headers from the pruning point chain segment
2026-06-23 22:55:32.376+00:00 [INFO ] Downloaded 213000 headers from the pruning point chain segment
2026-06-23 22:55:32.707+00:00 [INFO ] Downloaded 214000 headers from the pruning point chain segment
2026-06-23 22:55:33.025+00:00 [INFO ] Downloaded 215000 headers from the pruning point chain segment
2026-06-23 22:55:33.349+00:00 [INFO ] Downloaded 216000 headers from the pruning point chain segment
2026-06-23 22:55:33.669+00:00 [INFO ] Downloaded 217000 headers from the pruning point chain segment
2026-06-23 22:55:34.018+00:00 [INFO ] Downloaded 218000 headers from the pruning point chain segment
2026-06-23 22:55:34.342+00:00 [INFO ] Downloaded 219000 headers from the pruning point chain segment
2026-06-23 22:55:34.672+00:00 [INFO ] Downloaded 220000 headers from the pruning point chain segment
2026-06-23 22:55:35.002+00:00 [INFO ] Downloaded 221000 headers from the pruning point chain segment
2026-06-23 22:55:35.325+00:00 [INFO ] Downloaded 222000 headers from the pruning point chain segment
2026-06-23 22:55:35.656+00:00 [INFO ] Downloaded 223000 headers from the pruning point chain segment
2026-06-23 22:55:35.984+00:00 [INFO ] Downloaded 224000 headers from the pruning point chain segment
2026-06-23 22:55:36.165+00:00 [WARN ] Error connecting to DNS seeder tn12-dnsseed.kasia.fyi: failed to lookup address information: Temporary failure in name resolution
2026-06-23 22:55:36.165+00:00 [INFO ] Querying DNS seeder seeder1-tn12.kaspad.net
2026-06-23 22:55:36.201+00:00 [INFO ] Retrieved 4 addresses from DNS seeder seeder1-tn12.kaspad.net
2026-06-23 22:55:36.201+00:00 [INFO ] Querying DNS seeder tn12-dnsseed.kas.pa
2026-06-23 22:55:36.315+00:00 [INFO ] Downloaded 225000 headers from the pruning point chain segment
2026-06-23 22:55:36.538+00:00 [INFO ] Retrieved 1 addresses from DNS seeder tn12-dnsseed.kas.pa
2026-06-23 22:55:36.538+00:00 [INFO ] Querying DNS seeder n-testnet-12.kaspa.ws
2026-06-23 22:55:36.643+00:00 [INFO ] Downloaded 226000 headers from the pruning point chain segment
2026-06-23 22:55:36.969+00:00 [INFO ] Downloaded 227000 headers from the pruning point chain segment
2026-06-23 22:55:37.332+00:00 [INFO ] Downloaded 228000 headers from the pruning point chain segment
2026-06-23 22:55:37.662+00:00 [INFO ] Downloaded 229000 headers from the pruning point chain segment
2026-06-23 22:55:37.993+00:00 [INFO ] Downloaded 230000 headers from the pruning point chain segment
2026-06-23 22:55:38.093+00:00 [INFO ] Retrieved 4 addresses from DNS seeder n-testnet-12.kaspa.ws
2026-06-23 22:55:38.322+00:00 [INFO ] Downloaded 231000 headers from the pruning point chain segment
2026-06-23 22:55:38.648+00:00 [INFO ] Downloaded 232000 headers from the pruning point chain segment
2026-06-23 22:55:38.980+00:00 [INFO ] Downloaded 233000 headers from the pruning point chain segment
2026-06-23 22:55:39.312+00:00 [INFO ] Downloaded 234000 headers from the pruning point chain segment
2026-06-23 22:55:39.631+00:00 [INFO ] Downloaded 235000 headers from the pruning point chain segment
2026-06-23 22:55:39.959+00:00 [INFO ] Downloaded 236000 headers from the pruning point chain segment
2026-06-23 22:55:40.289+00:00 [INFO ] Downloaded 237000 headers from the pruning point chain segment
2026-06-23 22:55:40.638+00:00 [INFO ] Downloaded 238000 headers from the pruning point chain segment
2026-06-23 22:55:40.967+00:00 [INFO ] Downloaded 239000 headers from the pruning point chain segment
2026-06-23 22:55:41.293+00:00 [INFO ] Downloaded 240000 headers from the pruning point chain segment
2026-06-23 22:55:41.617+00:00 [INFO ] Downloaded 241000 headers from the pruning point chain segment
2026-06-23 22:55:41.947+00:00 [INFO ] Downloaded 242000 headers from the pruning point chain segment
2026-06-23 22:55:42.274+00:00 [INFO ] Downloaded 243000 headers from the pruning point chain segment
2026-06-23 22:55:42.597+00:00 [INFO ] Downloaded 244000 headers from the pruning point chain segment
2026-06-23 22:55:42.930+00:00 [INFO ] Downloaded 245000 headers from the pruning point chain segment
2026-06-23 22:55:43.260+00:00 [INFO ] Downloaded 246000 headers from the pruning point chain segment
2026-06-23 22:55:43.592+00:00 [INFO ] Downloaded 247000 headers from the pruning point chain segment
2026-06-23 22:55:43.953+00:00 [INFO ] Downloaded 248000 headers from the pruning point chain segment
2026-06-23 22:55:44.294+00:00 [INFO ] Downloaded 249000 headers from the pruning point chain segment
2026-06-23 22:55:44.640+00:00 [INFO ] Downloaded 250000 headers from the pruning point chain segment
2026-06-23 22:55:44.982+00:00 [INFO ] Downloaded 251000 headers from the pruning point chain segment
2026-06-23 22:55:45.320+00:00 [INFO ] Downloaded 252000 headers from the pruning point chain segment
2026-06-23 22:55:45.664+00:00 [INFO ] Downloaded 253000 headers from the pruning point chain segment
2026-06-23 22:55:46.016+00:00 [INFO ] Downloaded 254000 headers from the pruning point chain segment
2026-06-23 22:55:46.359+00:00 [INFO ] Downloaded 255000 headers from the pruning point chain segment
2026-06-23 22:55:46.700+00:00 [INFO ] Downloaded 256000 headers from the pruning point chain segment
2026-06-23 22:55:47.044+00:00 [INFO ] Downloaded 257000 headers from the pruning point chain segment
2026-06-23 22:55:47.417+00:00 [INFO ] Downloaded 258000 headers from the pruning point chain segment
2026-06-23 22:55:47.754+00:00 [INFO ] Downloaded 259000 headers from the pruning point chain segment
2026-06-23 22:55:48.093+00:00 [INFO ] Downloaded 260000 headers from the pruning point chain segment
2026-06-23 22:55:48.431+00:00 [INFO ] Downloaded 261000 headers from the pruning point chain segment
2026-06-23 22:55:48.779+00:00 [INFO ] Downloaded 262000 headers from the pruning point chain segment
2026-06-23 22:55:49.144+00:00 [INFO ] Downloaded 263000 headers from the pruning point chain segment
2026-06-23 22:55:49.474+00:00 [INFO ] Downloaded 264000 headers from the pruning point chain segment
2026-06-23 22:55:49.817+00:00 [INFO ] Downloaded 265000 headers from the pruning point chain segment
2026-06-23 22:55:50.153+00:00 [INFO ] Downloaded 266000 headers from the pruning point chain segment
2026-06-23 22:55:50.527+00:00 [INFO ] Downloaded 267000 headers from the pruning point chain segment
2026-06-23 22:55:50.892+00:00 [INFO ] Downloaded 268000 headers from the pruning point chain segment
2026-06-23 22:55:51.232+00:00 [INFO ] Downloaded 269000 headers from the pruning point chain segment
2026-06-23 22:55:51.569+00:00 [INFO ] Downloaded 270000 headers from the pruning point chain segment
2026-06-23 22:55:51.905+00:00 [INFO ] Downloaded 271000 headers from the pruning point chain segment
2026-06-23 22:55:52.242+00:00 [INFO ] Downloaded 272000 headers from the pruning point chain segment
2026-06-23 22:55:52.580+00:00 [INFO ] Downloaded 273000 headers from the pruning point chain segment
2026-06-23 22:55:52.604+00:00 [INFO ] Connection manager: has 4/8 outgoing P2P connections, trying to obtain 3 additional connection(s)...
2026-06-23 22:55:52.912+00:00 [INFO ] Downloaded 274000 headers from the pruning point chain segment
2026-06-23 22:55:53.254+00:00 [INFO ] Downloaded 275000 headers from the pruning point chain segment
2026-06-23 22:55:53.591+00:00 [INFO ] Downloaded 276000 headers from the pruning point chain segment
2026-06-23 22:55:53.605+00:00 [INFO ] Querying DNS seeder n-testnet-12.kaspa.ws
2026-06-23 22:55:53.661+00:00 [INFO ] Retrieved 4 addresses from DNS seeder n-testnet-12.kaspa.ws
2026-06-23 22:55:53.662+00:00 [INFO ] Querying DNS seeder tn12-dnsseed.kas.pa
2026-06-23 22:55:53.934+00:00 [INFO ] Downloaded 277000 headers from the pruning point chain segment
2026-06-23 22:55:54.073+00:00 [INFO ] Retrieved 1 addresses from DNS seeder tn12-dnsseed.kas.pa
2026-06-23 22:55:54.073+00:00 [INFO ] Querying DNS seeder tn12-dnsseed.kasia.fyi
2026-06-23 22:55:54.297+00:00 [INFO ] Downloaded 278000 headers from the pruning point chain segment
2026-06-23 22:55:54.634+00:00 [INFO ] Downloaded 279000 headers from the pruning point chain segment
2026-06-23 22:55:55.020+00:00 [INFO ] Downloaded 280000 headers from the pruning point chain segment
2026-06-23 22:55:55.377+00:00 [INFO ] Downloaded 281000 headers from the pruning point chain segment
2026-06-23 22:55:55.724+00:00 [INFO ] Downloaded 282000 headers from the pruning point chain segment
2026-06-23 22:55:56.074+00:00 [INFO ] Downloaded 283000 headers from the pruning point chain segment
2026-06-23 22:55:56.436+00:00 [INFO ] Downloaded 284000 headers from the pruning point chain segment
2026-06-23 22:55:56.793+00:00 [INFO ] Downloaded 285000 headers from the pruning point chain segment
2026-06-23 22:55:57.129+00:00 [INFO ] Downloaded 286000 headers from the pruning point chain segment
2026-06-23 22:55:57.466+00:00 [INFO ] Downloaded 287000 headers from the pruning point chain segment
2026-06-23 22:55:57.830+00:00 [INFO ] Downloaded 288000 headers from the pruning point chain segment
2026-06-23 22:55:58.177+00:00 [INFO ] Downloaded 289000 headers from the pruning point chain segment
2026-06-23 22:55:58.514+00:00 [INFO ] Downloaded 290000 headers from the pruning point chain segment
2026-06-23 22:55:58.854+00:00 [INFO ] Downloaded 291000 headers from the pruning point chain segment
2026-06-23 22:55:59.194+00:00 [INFO ] Downloaded 292000 headers from the pruning point chain segment
2026-06-23 22:55:59.543+00:00 [INFO ] Downloaded 293000 headers from the pruning point chain segment
2026-06-23 22:55:59.903+00:00 [INFO ] Downloaded 294000 headers from the pruning point chain segment
2026-06-23 22:56:00.258+00:00 [INFO ] Downloaded 295000 headers from the pruning point chain segment
2026-06-23 22:56:00.609+00:00 [INFO ] Downloaded 296000 headers from the pruning point chain segment
2026-06-23 22:56:00.985+00:00 [INFO ] Downloaded 297000 headers from the pruning point chain segment
2026-06-23 22:56:01.331+00:00 [INFO ] Downloaded 298000 headers from the pruning point chain segment
2026-06-23 22:56:01.686+00:00 [INFO ] Downloaded 299000 headers from the pruning point chain segment
2026-06-23 22:56:02.039+00:00 [INFO ] Downloaded 300000 headers from the pruning point chain segment
2026-06-23 22:56:02.407+00:00 [INFO ] Downloaded 301000 headers from the pruning point chain segment
2026-06-23 22:56:02.758+00:00 [INFO ] Downloaded 302000 headers from the pruning point chain segment
2026-06-23 22:56:03.108+00:00 [INFO ] Downloaded 303000 headers from the pruning point chain segment
2026-06-23 22:56:03.469+00:00 [INFO ] Downloaded 304000 headers from the pruning point chain segment
2026-06-23 22:56:03.813+00:00 [INFO ] Downloaded 305000 headers from the pruning point chain segment
2026-06-23 22:56:04.159+00:00 [INFO ] Downloaded 306000 headers from the pruning point chain segment
2026-06-23 22:56:04.523+00:00 [INFO ] Downloaded 307000 headers from the pruning point chain segment
2026-06-23 22:56:04.874+00:00 [INFO ] Downloaded 308000 headers from the pruning point chain segment
2026-06-23 22:56:05.236+00:00 [INFO ] Downloaded 309000 headers from the pruning point chain segment
2026-06-23 22:56:05.581+00:00 [INFO ] Downloaded 310000 headers from the pruning point chain segment
2026-06-23 22:56:05.947+00:00 [INFO ] Downloaded 311000 headers from the pruning point chain segment
2026-06-23 22:56:06.298+00:00 [INFO ] Downloaded 312000 headers from the pruning point chain segment
2026-06-23 22:56:06.654+00:00 [INFO ] Downloaded 313000 headers from the pruning point chain segment
2026-06-23 22:56:06.999+00:00 [INFO ] Downloaded 314000 headers from the pruning point chain segment
2026-06-23 22:56:07.315+00:00 [WARN ] Error connecting to DNS seeder tn12-dnsseed.kasia.fyi: failed to lookup address information: Temporary failure in name resolution
2026-06-23 22:56:07.315+00:00 [INFO ] Querying DNS seeder seeder1-tn12.kaspad.net
2026-06-23 22:56:07.350+00:00 [INFO ] Downloaded 315000 headers from the pruning point chain segment
2026-06-23 22:56:07.477+00:00 [INFO ] Retrieved 4 addresses from DNS seeder seeder1-tn12.kaspad.net
2026-06-23 22:56:07.694+00:00 [INFO ] Downloaded 316000 headers from the pruning point chain segment
2026-06-23 22:56:08.065+00:00 [INFO ] Downloaded 317000 headers from the pruning point chain segment
2026-06-23 22:56:08.416+00:00 [INFO ] Downloaded 318000 headers from the pruning point chain segment
2026-06-23 22:56:08.757+00:00 [INFO ] Downloaded 319000 headers from the pruning point chain segment
2026-06-23 22:56:09.100+00:00 [INFO ] Downloaded 320000 headers from the pruning point chain segment
2026-06-23 22:56:09.448+00:00 [INFO ] Downloaded 321000 headers from the pruning point chain segment
2026-06-23 22:56:09.798+00:00 [INFO ] Downloaded 322000 headers from the pruning point chain segment
2026-06-23 22:56:10.140+00:00 [INFO ] Downloaded 323000 headers from the pruning point chain segment
2026-06-23 22:56:10.480+00:00 [INFO ] Downloaded 324000 headers from the pruning point chain segment
2026-06-23 22:56:10.824+00:00 [INFO ] Downloaded 325000 headers from the pruning point chain segment
2026-06-23 22:56:11.171+00:00 [INFO ] Downloaded 326000 headers from the pruning point chain segment
2026-06-23 22:56:11.539+00:00 [INFO ] Downloaded 327000 headers from the pruning point chain segment
2026-06-23 22:56:11.886+00:00 [INFO ] Downloaded 328000 headers from the pruning point chain segment
2026-06-23 22:56:12.232+00:00 [INFO ] Downloaded 329000 headers from the pruning point chain segment
2026-06-23 22:56:12.562+00:00 [INFO ] Downloaded 330000 headers from the pruning point chain segment
2026-06-23 22:56:12.904+00:00 [INFO ] Downloaded 331000 headers from the pruning point chain segment
2026-06-23 22:56:13.005+00:00 [INFO ] Finished downloading 331279 headers from the pruning point chain segment
2026-06-23 22:56:22.604+00:00 [INFO ] Connection manager: has 4/8 outgoing P2P connections, trying to obtain 1 additional connection(s)...
2026-06-23 22:56:22.607+00:00 [INFO ] Querying DNS seeder tn12-dnsseed.kas.pa
2026-06-23 22:56:22.954+00:00 [INFO ] Retrieved 1 addresses from DNS seeder tn12-dnsseed.kas.pa
2026-06-23 22:56:22.954+00:00 [INFO ] Querying DNS seeder seeder1-tn12.kaspad.net
2026-06-23 22:56:22.981+00:00 [INFO ] Retrieved 4 addresses from DNS seeder seeder1-tn12.kaspad.net
2026-06-23 22:56:22.981+00:00 [INFO ] Querying DNS seeder n-testnet-12.kaspa.ws
2026-06-23 22:56:23.035+00:00 [INFO ] Retrieved 4 addresses from DNS seeder n-testnet-12.kaspa.ws
2026-06-23 22:56:52.604+00:00 [INFO ] Connection manager: has 4/8 outgoing P2P connections, trying to obtain 1 additional connection(s)...
2026-06-23 22:56:52.605+00:00 [INFO ] Querying DNS seeder tn12-dnsseed.kas.pa
2026-06-23 22:56:53.013+00:00 [INFO ] Retrieved 1 addresses from DNS seeder tn12-dnsseed.kas.pa
2026-06-23 22:56:53.013+00:00 [INFO ] Querying DNS seeder seeder1-tn12.kaspad.net
2026-06-23 22:56:53.283+00:00 [INFO ] Retrieved 4 addresses from DNS seeder seeder1-tn12.kaspad.net
2026-06-23 22:56:53.283+00:00 [INFO ] Querying DNS seeder n-testnet-12.kaspa.ws
2026-06-23 22:56:53.493+00:00 [INFO ] Retrieved 4 addresses from DNS seeder n-testnet-12.kaspa.ws
2026-06-23 22:57:22.604+00:00 [INFO ] Connection manager: has 4/8 outgoing P2P connections, trying to obtain 1 additional connection(s)...
2026-06-23 22:57:22.605+00:00 [INFO ] Querying DNS seeder tn12-dnsseed.kas.pa
2026-06-23 22:57:22.718+00:00 [INFO ] Retrieved 1 addresses from DNS seeder tn12-dnsseed.kas.pa
2026-06-23 22:57:22.719+00:00 [INFO ] Querying DNS seeder tn12-dnsseed.kasia.fyi
2026-06-23 22:57:35.649+00:00 [WARN ] Error connecting to DNS seeder tn12-dnsseed.kasia.fyi: failed to lookup address information: Temporary failure in name resolution
2026-06-23 22:57:35.650+00:00 [INFO ] Querying DNS seeder seeder1-tn12.kaspad.net
2026-06-23 22:57:35.684+00:00 [INFO ] Retrieved 4 addresses from DNS seeder seeder1-tn12.kaspad.net
2026-06-23 22:57:35.684+00:00 [INFO ] Querying DNS seeder n-testnet-12.kaspa.ws
2026-06-23 22:57:35.725+00:00 [INFO ] Retrieved 4 addresses from DNS seeder n-testnet-12.kaspa.ws
2026-06-23 22:57:52.605+00:00 [INFO ] Connection manager: has 4/8 outgoing P2P connections, trying to obtain 1 additional connection(s)...
2026-06-23 22:57:52.607+00:00 [INFO ] Querying DNS seeder n-testnet-12.kaspa.ws
2026-06-23 22:57:52.607+00:00 [INFO ] Retrieved 4 addresses from DNS seeder n-testnet-12.kaspa.ws
2026-06-23 22:57:52.607+00:00 [INFO ] Querying DNS seeder tn12-dnsseed.kasia.fyi
2026-06-23 22:58:12.619+00:00 [WARN ] Error connecting to DNS seeder tn12-dnsseed.kasia.fyi: failed to lookup address information: Temporary failure in name resolution
2026-06-23 22:58:12.619+00:00 [INFO ] Querying DNS seeder tn12-dnsseed.kas.pa
2026-06-23 22:58:12.914+00:00 [INFO ] Retrieved 1 addresses from DNS seeder tn12-dnsseed.kas.pa
2026-06-23 22:58:12.914+00:00 [INFO ] Querying DNS seeder seeder1-tn12.kaspad.net
2026-06-23 22:58:12.942+00:00 [INFO ] Retrieved 4 addresses from DNS seeder seeder1-tn12.kaspad.net
2026-06-23 22:58:22.604+00:00 [INFO ] Connection manager: has 4/8 outgoing P2P connections, trying to obtain 1 additional connection(s)...
2026-06-23 22:58:22.607+00:00 [INFO ] Querying DNS seeder tn12-dnsseed.kas.pa
2026-06-23 22:58:22.687+00:00 [INFO ] Retrieved 1 addresses from DNS seeder tn12-dnsseed.kas.pa
2026-06-23 22:58:22.687+00:00 [INFO ] Querying DNS seeder tn12-dnsseed.kasia.fyi
2026-06-23 22:58:35.299+00:00 [WARN ] Error connecting to DNS seeder tn12-dnsseed.kasia.fyi: failed to lookup address information: Temporary failure in name resolution
2026-06-23 22:58:35.299+00:00 [INFO ] Querying DNS seeder seeder1-tn12.kaspad.net
2026-06-23 22:58:35.550+00:00 [INFO ] Retrieved 4 addresses from DNS seeder seeder1-tn12.kaspad.net
2026-06-23 22:58:35.550+00:00 [INFO ] Querying DNS seeder n-testnet-12.kaspa.ws
2026-06-23 22:58:37.613+00:00 [INFO ] Retrieved 4 addresses from DNS seeder n-testnet-12.kaspa.ws
2026-06-23 22:58:41.601+00:00 [INFO ] Setting 152a31bf6e3debf32166056d84fef3547fb2641da8bf3b640ec5c019e896b2ee as the staging pruning point
2026-06-23 22:58:41.601+00:00 [INFO ] Building the proof which was just applied (sanity test)
2026-06-23 22:58:52.604+00:00 [INFO ] Connection manager: has 4/8 outgoing P2P connections, trying to obtain 1 additional connection(s)...
2026-06-23 22:58:52.608+00:00 [INFO ] Querying DNS seeder tn12-dnsseed.kasia.fyi
2026-06-23 22:59:12.621+00:00 [WARN ] Error connecting to DNS seeder tn12-dnsseed.kasia.fyi: failed to lookup address information: Temporary failure in name resolution
2026-06-23 22:59:12.621+00:00 [INFO ] Querying DNS seeder tn12-dnsseed.kas.pa
2026-06-23 22:59:12.952+00:00 [INFO ] Retrieved 1 addresses from DNS seeder tn12-dnsseed.kas.pa
2026-06-23 22:59:12.952+00:00 [INFO ] Querying DNS seeder seeder1-tn12.kaspad.net
2026-06-23 22:59:12.976+00:00 [INFO ] Retrieved 4 addresses from DNS seeder seeder1-tn12.kaspad.net
2026-06-23 22:59:12.976+00:00 [INFO ] Querying DNS seeder n-testnet-12.kaspa.ws
2026-06-23 22:59:14.516+00:00 [INFO ] Retrieved 4 addresses from DNS seeder n-testnet-12.kaspa.ws
2026-06-23 22:59:22.607+00:00 [INFO ] Connection manager: has 4/8 outgoing P2P connections, trying to obtain 1 additional connection(s)...
2026-06-23 22:59:22.610+00:00 [INFO ] Querying DNS seeder tn12-dnsseed.kasia.fyi
2026-06-23 22:59:22.748+00:00 [INFO ] GRPC, new incoming connection 7216c4fd-3b4f-4f2e-a827-d1a904c3ff96@127.0.0.1:40498 #1
2026-06-23 22:59:22.768+00:00 [INFO ] GRPC, end connection 7216c4fd-3b4f-4f2e-a827-d1a904c3ff96@127.0.0.1:40498 #1
2026-06-23 22:59:25.166+00:00 [INFO ] Built headers proof with overall 62158 headers (18775 unique)
2026-06-23 22:59:25.171+00:00 [INFO ] Proof was locally built successfully
2026-06-23 22:59:25.280+00:00 [INFO ] Starting to process 26411 trusted blocks
2026-06-23 22:59:25.823+00:00 [INFO ] Processed 0 blocks and 2925 headers in the last 10.00s (0 transactions; 0 UTXO-validated blocks; 1.04 parents; 1.04 mergeset; 0.00 TPB; mass: 0.0s/0.0c/0.0t; 0.0 lanes/mergeset)
2026-06-23 22:59:26.280+00:00 [INFO ] Processed 5603 trusted blocks in the last 1.00s (total 5603)
2026-06-23 22:59:27.280+00:00 [INFO ] Processed 6644 trusted blocks in the last 1.00s (total 12247)
2026-06-23 22:59:28.280+00:00 [INFO ] Processed 6052 trusted blocks in the last 1.00s (total 18299)
