    Finished `release` profile [optimized] target(s) in 1.94s
     Running `target/release/kaspad --testnet --netsuffix=12 --disable-upnp '--listen=127.0.0.1:16311' '--rpclisten=127.0.0.1:16210' '--rpclisten-borsh=127.0.0.1:17210'`
2026-06-24 10:13:55.638+00:00 [INFO ] kaspad v1.1.1-toc.1-42b734f1
2026-06-24 10:13:55.641+00:00 [INFO ] Application directory: /root/.rusty-kaspa
2026-06-24 10:13:55.641+00:00 [INFO ] Data directory: /root/.rusty-kaspa/kaspa-testnet-12/datadir
2026-06-24 10:13:55.641+00:00 [INFO ] Logs directory: /root/.rusty-kaspa/kaspa-testnet-12/logs
2026-06-24 10:13:55.768+00:00 [INFO ] GRPC Server starting on: 127.0.0.1:16210
2026-06-24 10:13:55.770+00:00 [INFO ] P2P Server starting on: 127.0.0.1:16311
2026-06-24 10:13:55.772+00:00 [INFO ] Connection manager: has 0/8 outgoing P2P connections, trying to obtain 3 additional connection(s)...
2026-06-24 10:13:55.773+00:00 [INFO ] WRPC Server starting on: 127.0.0.1:17210
2026-06-24 10:13:55.855+00:00 [INFO ] Registering p2p flows for peer 178.105.76.81:16311 for protocol version 9
2026-06-24 10:13:55.856+00:00 [INFO ] P2P Connected to outgoing peer 178.105.76.81:16311 (outbound: 1)
2026-06-24 10:13:56.024+00:00 [INFO ] Registering p2p flows for peer 86.48.24.208:16311 for protocol version 9
2026-06-24 10:13:56.024+00:00 [INFO ] P2P Connected to outgoing peer 86.48.24.208:16311 (outbound: 2)
2026-06-24 10:13:56.206+00:00 [INFO ] Registering p2p flows for peer 23.118.8.163:16311 for protocol version 9
2026-06-24 10:13:56.206+00:00 [INFO ] Querying 4 DNS seeders
2026-06-24 10:13:56.206+00:00 [INFO ] Querying DNS seeder tn12-dnsseed.kas.pa
2026-06-24 10:13:56.207+00:00 [INFO ] P2P Connected to outgoing peer 23.118.8.163:16311 (outbound: 3)
2026-06-24 10:13:56.207+00:00 [INFO ] Querying DNS seeder tn12-dnsseed.kasia.fyi
2026-06-24 10:13:56.207+00:00 [INFO ] Querying DNS seeder seeder1-tn12.kaspad.net
2026-06-24 10:13:56.207+00:00 [INFO ] Querying DNS seeder n-testnet-12.kaspa.ws
2026-06-24 10:13:56.234+00:00 [INFO ] Retrieved 3 addresses from DNS seeder seeder1-tn12.kaspad.net
2026-06-24 10:13:56.285+00:00 [INFO ] Retrieved 1 addresses from DNS seeder tn12-dnsseed.kas.pa
2026-06-24 10:13:56.348+00:00 [INFO ] IBD started with peer 178.105.76.81:16311
2026-06-24 10:13:56.586+00:00 [INFO ] Starting IBD with headers proof with peer 178.105.76.81:16311
2026-06-24 10:13:57.738+00:00 [INFO ] Retrieved 3 addresses from DNS seeder n-testnet-12.kaspa.ws
2026-06-24 10:13:59.729+00:00 [INFO ] Received headers proof with overall 61960 headers (18758 unique)
2026-06-24 10:14:00.124+00:00 [INFO ] Validating level 250 from the pruning point proof (1 headers)
2026-06-24 10:14:00.124+00:00 [INFO ] Validating level 249 from the pruning point proof (1 headers)
2026-06-24 10:14:00.124+00:00 [INFO ] Validating level 248 from the pruning point proof (1 headers)
2026-06-24 10:14:00.124+00:00 [INFO ] Validating level 247 from the pruning point proof (1 headers)
2026-06-24 10:14:00.124+00:00 [INFO ] Validating level 246 from the pruning point proof (1 headers)
2026-06-24 10:14:00.124+00:00 [INFO ] Validating level 245 from the pruning point proof (1 headers)
2026-06-24 10:14:00.124+00:00 [INFO ] Validating level 244 from the pruning point proof (1 headers)
2026-06-24 10:14:00.124+00:00 [INFO ] Validating level 243 from the pruning point proof (1 headers)
2026-06-24 10:14:00.124+00:00 [INFO ] Validating level 242 from the pruning point proof (1 headers)
2026-06-24 10:14:00.124+00:00 [INFO ] Validating level 241 from the pruning point proof (1 headers)
2026-06-24 10:14:00.124+00:00 [INFO ] Validating level 240 from the pruning point proof (1 headers)
2026-06-24 10:14:00.124+00:00 [INFO ] Validating level 239 from the pruning point proof (1 headers)
2026-06-24 10:14:00.124+00:00 [INFO ] Validating level 238 from the pruning point proof (1 headers)
2026-06-24 10:14:00.124+00:00 [INFO ] Validating level 237 from the pruning point proof (1 headers)
2026-06-24 10:14:00.124+00:00 [INFO ] Validating level 236 from the pruning point proof (1 headers)
2026-06-24 10:14:00.124+00:00 [INFO ] Validating level 235 from the pruning point proof (1 headers)
2026-06-24 10:14:00.124+00:00 [INFO ] Validating level 234 from the pruning point proof (1 headers)
2026-06-24 10:14:00.124+00:00 [INFO ] Validating level 233 from the pruning point proof (1 headers)
2026-06-24 10:14:00.124+00:00 [INFO ] Validating level 232 from the pruning point proof (1 headers)
2026-06-24 10:14:00.125+00:00 [INFO ] Validating level 231 from the pruning point proof (1 headers)
2026-06-24 10:14:00.125+00:00 [INFO ] Validating level 230 from the pruning point proof (1 headers)
2026-06-24 10:14:00.125+00:00 [INFO ] Validating level 229 from the pruning point proof (1 headers)
2026-06-24 10:14:00.125+00:00 [INFO ] Validating level 228 from the pruning point proof (1 headers)
2026-06-24 10:14:00.125+00:00 [INFO ] Validating level 227 from the pruning point proof (1 headers)
2026-06-24 10:14:00.125+00:00 [INFO ] Validating level 226 from the pruning point proof (1 headers)
2026-06-24 10:14:00.125+00:00 [INFO ] Validating level 225 from the pruning point proof (1 headers)
2026-06-24 10:14:00.125+00:00 [INFO ] Validating level 224 from the pruning point proof (1 headers)
2026-06-24 10:14:00.125+00:00 [INFO ] Validating level 223 from the pruning point proof (1 headers)
2026-06-24 10:14:00.125+00:00 [INFO ] Validating level 222 from the pruning point proof (1 headers)
2026-06-24 10:14:00.125+00:00 [INFO ] Validating level 221 from the pruning point proof (1 headers)
2026-06-24 10:14:00.125+00:00 [INFO ] Validating level 220 from the pruning point proof (1 headers)
2026-06-24 10:14:00.125+00:00 [INFO ] Validating level 219 from the pruning point proof (1 headers)
2026-06-24 10:14:00.125+00:00 [INFO ] Validating level 218 from the pruning point proof (1 headers)
2026-06-24 10:14:00.125+00:00 [INFO ] Validating level 217 from the pruning point proof (1 headers)
2026-06-24 10:14:00.125+00:00 [INFO ] Validating level 216 from the pruning point proof (1 headers)
2026-06-24 10:14:00.125+00:00 [INFO ] Validating level 215 from the pruning point proof (1 headers)
2026-06-24 10:14:00.125+00:00 [INFO ] Validating level 214 from the pruning point proof (1 headers)
2026-06-24 10:14:00.125+00:00 [INFO ] Validating level 213 from the pruning point proof (1 headers)
2026-06-24 10:14:00.125+00:00 [INFO ] Validating level 212 from the pruning point proof (1 headers)
2026-06-24 10:14:00.125+00:00 [INFO ] Validating level 211 from the pruning point proof (1 headers)
2026-06-24 10:14:00.125+00:00 [INFO ] Validating level 210 from the pruning point proof (1 headers)
2026-06-24 10:14:00.125+00:00 [INFO ] Validating level 209 from the pruning point proof (1 headers)
2026-06-24 10:14:00.125+00:00 [INFO ] Validating level 208 from the pruning point proof (1 headers)
2026-06-24 10:14:00.125+00:00 [INFO ] Validating level 207 from the pruning point proof (1 headers)
2026-06-24 10:14:00.125+00:00 [INFO ] Validating level 206 from the pruning point proof (1 headers)
2026-06-24 10:14:00.125+00:00 [INFO ] Validating level 205 from the pruning point proof (1 headers)
2026-06-24 10:14:00.125+00:00 [INFO ] Validating level 204 from the pruning point proof (1 headers)
2026-06-24 10:14:00.126+00:00 [INFO ] Validating level 203 from the pruning point proof (1 headers)
2026-06-24 10:14:00.126+00:00 [INFO ] Validating level 202 from the pruning point proof (1 headers)
2026-06-24 10:14:00.126+00:00 [INFO ] Validating level 201 from the pruning point proof (1 headers)
2026-06-24 10:14:00.126+00:00 [INFO ] Validating level 200 from the pruning point proof (1 headers)
2026-06-24 10:14:00.126+00:00 [INFO ] Validating level 199 from the pruning point proof (1 headers)
2026-06-24 10:14:00.126+00:00 [INFO ] Validating level 198 from the pruning point proof (1 headers)
2026-06-24 10:14:00.126+00:00 [INFO ] Validating level 197 from the pruning point proof (1 headers)
2026-06-24 10:14:00.126+00:00 [INFO ] Validating level 196 from the pruning point proof (1 headers)
2026-06-24 10:14:00.126+00:00 [INFO ] Validating level 195 from the pruning point proof (1 headers)
2026-06-24 10:14:00.126+00:00 [INFO ] Validating level 194 from the pruning point proof (1 headers)
2026-06-24 10:14:00.126+00:00 [INFO ] Validating level 193 from the pruning point proof (1 headers)
2026-06-24 10:14:00.126+00:00 [INFO ] Validating level 192 from the pruning point proof (1 headers)
2026-06-24 10:14:00.126+00:00 [INFO ] Validating level 191 from the pruning point proof (1 headers)
2026-06-24 10:14:00.126+00:00 [INFO ] Validating level 190 from the pruning point proof (1 headers)
2026-06-24 10:14:00.126+00:00 [INFO ] Validating level 189 from the pruning point proof (1 headers)
2026-06-24 10:14:00.126+00:00 [INFO ] Validating level 188 from the pruning point proof (1 headers)
2026-06-24 10:14:00.126+00:00 [INFO ] Validating level 187 from the pruning point proof (1 headers)
2026-06-24 10:14:00.126+00:00 [INFO ] Validating level 186 from the pruning point proof (1 headers)
2026-06-24 10:14:00.126+00:00 [INFO ] Validating level 185 from the pruning point proof (1 headers)
2026-06-24 10:14:00.126+00:00 [INFO ] Validating level 184 from the pruning point proof (1 headers)
2026-06-24 10:14:00.126+00:00 [INFO ] Validating level 183 from the pruning point proof (1 headers)
2026-06-24 10:14:00.126+00:00 [INFO ] Validating level 182 from the pruning point proof (1 headers)
2026-06-24 10:14:00.126+00:00 [INFO ] Validating level 181 from the pruning point proof (1 headers)
2026-06-24 10:14:00.126+00:00 [INFO ] Validating level 180 from the pruning point proof (1 headers)
2026-06-24 10:14:00.126+00:00 [INFO ] Validating level 179 from the pruning point proof (1 headers)
2026-06-24 10:14:00.126+00:00 [INFO ] Validating level 178 from the pruning point proof (1 headers)
2026-06-24 10:14:00.126+00:00 [INFO ] Validating level 177 from the pruning point proof (1 headers)
2026-06-24 10:14:00.126+00:00 [INFO ] Validating level 176 from the pruning point proof (1 headers)
2026-06-24 10:14:00.127+00:00 [INFO ] Validating level 175 from the pruning point proof (1 headers)
2026-06-24 10:14:00.127+00:00 [INFO ] Validating level 174 from the pruning point proof (1 headers)
2026-06-24 10:14:00.127+00:00 [INFO ] Validating level 173 from the pruning point proof (1 headers)
2026-06-24 10:14:00.127+00:00 [INFO ] Validating level 172 from the pruning point proof (1 headers)
2026-06-24 10:14:00.127+00:00 [INFO ] Validating level 171 from the pruning point proof (1 headers)
2026-06-24 10:14:00.127+00:00 [INFO ] Validating level 170 from the pruning point proof (1 headers)
2026-06-24 10:14:00.127+00:00 [INFO ] Validating level 169 from the pruning point proof (1 headers)
2026-06-24 10:14:00.127+00:00 [INFO ] Validating level 168 from the pruning point proof (1 headers)
2026-06-24 10:14:00.127+00:00 [INFO ] Validating level 167 from the pruning point proof (1 headers)
2026-06-24 10:14:00.127+00:00 [INFO ] Validating level 166 from the pruning point proof (1 headers)
2026-06-24 10:14:00.127+00:00 [INFO ] Validating level 165 from the pruning point proof (1 headers)
2026-06-24 10:14:00.127+00:00 [INFO ] Validating level 164 from the pruning point proof (1 headers)
2026-06-24 10:14:00.127+00:00 [INFO ] Validating level 163 from the pruning point proof (1 headers)
2026-06-24 10:14:00.127+00:00 [INFO ] Validating level 162 from the pruning point proof (1 headers)
2026-06-24 10:14:00.127+00:00 [INFO ] Validating level 161 from the pruning point proof (1 headers)
2026-06-24 10:14:00.127+00:00 [INFO ] Validating level 160 from the pruning point proof (1 headers)
2026-06-24 10:14:00.127+00:00 [INFO ] Validating level 159 from the pruning point proof (1 headers)
2026-06-24 10:14:00.127+00:00 [INFO ] Validating level 158 from the pruning point proof (1 headers)
2026-06-24 10:14:00.127+00:00 [INFO ] Validating level 157 from the pruning point proof (1 headers)
2026-06-24 10:14:00.127+00:00 [INFO ] Validating level 156 from the pruning point proof (1 headers)
2026-06-24 10:14:00.127+00:00 [INFO ] Validating level 155 from the pruning point proof (1 headers)
2026-06-24 10:14:00.127+00:00 [INFO ] Validating level 154 from the pruning point proof (1 headers)
2026-06-24 10:14:00.127+00:00 [INFO ] Validating level 153 from the pruning point proof (1 headers)
2026-06-24 10:14:00.127+00:00 [INFO ] Validating level 152 from the pruning point proof (1 headers)
2026-06-24 10:14:00.127+00:00 [INFO ] Validating level 151 from the pruning point proof (1 headers)
2026-06-24 10:14:00.127+00:00 [INFO ] Validating level 150 from the pruning point proof (1 headers)
2026-06-24 10:14:00.127+00:00 [INFO ] Validating level 149 from the pruning point proof (1 headers)
2026-06-24 10:14:00.127+00:00 [INFO ] Validating level 148 from the pruning point proof (1 headers)
2026-06-24 10:14:00.127+00:00 [INFO ] Validating level 147 from the pruning point proof (1 headers)
2026-06-24 10:14:00.128+00:00 [INFO ] Validating level 146 from the pruning point proof (1 headers)
2026-06-24 10:14:00.128+00:00 [INFO ] Validating level 145 from the pruning point proof (1 headers)
2026-06-24 10:14:00.128+00:00 [INFO ] Validating level 144 from the pruning point proof (1 headers)
2026-06-24 10:14:00.128+00:00 [INFO ] Validating level 143 from the pruning point proof (1 headers)
2026-06-24 10:14:00.128+00:00 [INFO ] Validating level 142 from the pruning point proof (1 headers)
2026-06-24 10:14:00.128+00:00 [INFO ] Validating level 141 from the pruning point proof (1 headers)
2026-06-24 10:14:00.128+00:00 [INFO ] Validating level 140 from the pruning point proof (1 headers)
2026-06-24 10:14:00.128+00:00 [INFO ] Validating level 139 from the pruning point proof (1 headers)
2026-06-24 10:14:00.128+00:00 [INFO ] Validating level 138 from the pruning point proof (1 headers)
2026-06-24 10:14:00.128+00:00 [INFO ] Validating level 137 from the pruning point proof (1 headers)
2026-06-24 10:14:00.128+00:00 [INFO ] Validating level 136 from the pruning point proof (1 headers)
2026-06-24 10:14:00.128+00:00 [INFO ] Validating level 135 from the pruning point proof (1 headers)
2026-06-24 10:14:00.128+00:00 [INFO ] Validating level 134 from the pruning point proof (1 headers)
2026-06-24 10:14:00.128+00:00 [INFO ] Validating level 133 from the pruning point proof (1 headers)
2026-06-24 10:14:00.128+00:00 [INFO ] Validating level 132 from the pruning point proof (1 headers)
2026-06-24 10:14:00.128+00:00 [INFO ] Validating level 131 from the pruning point proof (1 headers)
2026-06-24 10:14:00.128+00:00 [INFO ] Validating level 130 from the pruning point proof (1 headers)
2026-06-24 10:14:00.128+00:00 [INFO ] Validating level 129 from the pruning point proof (1 headers)
2026-06-24 10:14:00.128+00:00 [INFO ] Validating level 128 from the pruning point proof (1 headers)
2026-06-24 10:14:00.128+00:00 [INFO ] Validating level 127 from the pruning point proof (1 headers)
2026-06-24 10:14:00.128+00:00 [INFO ] Validating level 126 from the pruning point proof (1 headers)
2026-06-24 10:14:00.128+00:00 [INFO ] Validating level 125 from the pruning point proof (1 headers)
2026-06-24 10:14:00.128+00:00 [INFO ] Validating level 124 from the pruning point proof (1 headers)
2026-06-24 10:14:00.128+00:00 [INFO ] Validating level 123 from the pruning point proof (1 headers)
2026-06-24 10:14:00.128+00:00 [INFO ] Validating level 122 from the pruning point proof (1 headers)
2026-06-24 10:14:00.128+00:00 [INFO ] Validating level 121 from the pruning point proof (1 headers)
2026-06-24 10:14:00.128+00:00 [INFO ] Validating level 120 from the pruning point proof (1 headers)
2026-06-24 10:14:00.128+00:00 [INFO ] Validating level 119 from the pruning point proof (1 headers)
2026-06-24 10:14:00.128+00:00 [INFO ] Validating level 118 from the pruning point proof (1 headers)
2026-06-24 10:14:00.128+00:00 [INFO ] Validating level 117 from the pruning point proof (1 headers)
2026-06-24 10:14:00.128+00:00 [INFO ] Validating level 116 from the pruning point proof (1 headers)
2026-06-24 10:14:00.128+00:00 [INFO ] Validating level 115 from the pruning point proof (1 headers)
2026-06-24 10:14:00.128+00:00 [INFO ] Validating level 114 from the pruning point proof (1 headers)
2026-06-24 10:14:00.129+00:00 [INFO ] Validating level 113 from the pruning point proof (1 headers)
2026-06-24 10:14:00.129+00:00 [INFO ] Validating level 112 from the pruning point proof (1 headers)
2026-06-24 10:14:00.129+00:00 [INFO ] Validating level 111 from the pruning point proof (1 headers)
2026-06-24 10:14:00.129+00:00 [INFO ] Validating level 110 from the pruning point proof (1 headers)
2026-06-24 10:14:00.129+00:00 [INFO ] Validating level 109 from the pruning point proof (1 headers)
2026-06-24 10:14:00.129+00:00 [INFO ] Validating level 108 from the pruning point proof (1 headers)
2026-06-24 10:14:00.129+00:00 [INFO ] Validating level 107 from the pruning point proof (1 headers)
2026-06-24 10:14:00.129+00:00 [INFO ] Validating level 106 from the pruning point proof (1 headers)
2026-06-24 10:14:00.129+00:00 [INFO ] Validating level 105 from the pruning point proof (1 headers)
2026-06-24 10:14:00.129+00:00 [INFO ] Validating level 104 from the pruning point proof (1 headers)
2026-06-24 10:14:00.129+00:00 [INFO ] Validating level 103 from the pruning point proof (1 headers)
2026-06-24 10:14:00.129+00:00 [INFO ] Validating level 102 from the pruning point proof (1 headers)
2026-06-24 10:14:00.129+00:00 [INFO ] Validating level 101 from the pruning point proof (1 headers)
2026-06-24 10:14:00.129+00:00 [INFO ] Validating level 100 from the pruning point proof (1 headers)
2026-06-24 10:14:00.129+00:00 [INFO ] Validating level 99 from the pruning point proof (1 headers)
2026-06-24 10:14:00.129+00:00 [INFO ] Validating level 98 from the pruning point proof (1 headers)
2026-06-24 10:14:00.129+00:00 [INFO ] Validating level 97 from the pruning point proof (1 headers)
2026-06-24 10:14:00.129+00:00 [INFO ] Validating level 96 from the pruning point proof (1 headers)
2026-06-24 10:14:00.129+00:00 [INFO ] Validating level 95 from the pruning point proof (1 headers)
2026-06-24 10:14:00.129+00:00 [INFO ] Validating level 94 from the pruning point proof (1 headers)
2026-06-24 10:14:00.129+00:00 [INFO ] Validating level 93 from the pruning point proof (1 headers)
2026-06-24 10:14:00.129+00:00 [INFO ] Validating level 92 from the pruning point proof (1 headers)
2026-06-24 10:14:00.129+00:00 [INFO ] Validating level 91 from the pruning point proof (1 headers)
2026-06-24 10:14:00.129+00:00 [INFO ] Validating level 90 from the pruning point proof (1 headers)
2026-06-24 10:14:00.129+00:00 [INFO ] Validating level 89 from the pruning point proof (1 headers)
2026-06-24 10:14:00.129+00:00 [INFO ] Validating level 88 from the pruning point proof (1 headers)
2026-06-24 10:14:00.129+00:00 [INFO ] Validating level 87 from the pruning point proof (1 headers)
2026-06-24 10:14:00.129+00:00 [INFO ] Validating level 86 from the pruning point proof (1 headers)
2026-06-24 10:14:00.130+00:00 [INFO ] Validating level 85 from the pruning point proof (1 headers)
2026-06-24 10:14:00.130+00:00 [INFO ] Validating level 84 from the pruning point proof (1 headers)
2026-06-24 10:14:00.130+00:00 [INFO ] Validating level 83 from the pruning point proof (1 headers)
2026-06-24 10:14:00.130+00:00 [INFO ] Validating level 82 from the pruning point proof (1 headers)
2026-06-24 10:14:00.130+00:00 [INFO ] Validating level 81 from the pruning point proof (1 headers)
2026-06-24 10:14:00.130+00:00 [INFO ] Validating level 80 from the pruning point proof (1 headers)
2026-06-24 10:14:00.130+00:00 [INFO ] Validating level 79 from the pruning point proof (1 headers)
2026-06-24 10:14:00.130+00:00 [INFO ] Validating level 78 from the pruning point proof (1 headers)
2026-06-24 10:14:00.130+00:00 [INFO ] Validating level 77 from the pruning point proof (1 headers)
2026-06-24 10:14:00.130+00:00 [INFO ] Validating level 76 from the pruning point proof (1 headers)
2026-06-24 10:14:00.130+00:00 [INFO ] Validating level 75 from the pruning point proof (1 headers)
2026-06-24 10:14:00.130+00:00 [INFO ] Validating level 74 from the pruning point proof (1 headers)
2026-06-24 10:14:00.130+00:00 [INFO ] Validating level 73 from the pruning point proof (1 headers)
2026-06-24 10:14:00.130+00:00 [INFO ] Validating level 72 from the pruning point proof (1 headers)
2026-06-24 10:14:00.130+00:00 [INFO ] Validating level 71 from the pruning point proof (1 headers)
2026-06-24 10:14:00.130+00:00 [INFO ] Validating level 70 from the pruning point proof (1 headers)
2026-06-24 10:14:00.130+00:00 [INFO ] Validating level 69 from the pruning point proof (1 headers)
2026-06-24 10:14:00.130+00:00 [INFO ] Validating level 68 from the pruning point proof (1 headers)
2026-06-24 10:14:00.130+00:00 [INFO ] Validating level 67 from the pruning point proof (1 headers)
2026-06-24 10:14:00.130+00:00 [INFO ] Validating level 66 from the pruning point proof (1 headers)
2026-06-24 10:14:00.130+00:00 [INFO ] Validating level 65 from the pruning point proof (1 headers)
2026-06-24 10:14:00.130+00:00 [INFO ] Validating level 64 from the pruning point proof (1 headers)
2026-06-24 10:14:00.130+00:00 [INFO ] Validating level 63 from the pruning point proof (1 headers)
2026-06-24 10:14:00.130+00:00 [INFO ] Validating level 62 from the pruning point proof (1 headers)
2026-06-24 10:14:00.130+00:00 [INFO ] Validating level 61 from the pruning point proof (1 headers)
2026-06-24 10:14:00.130+00:00 [INFO ] Validating level 60 from the pruning point proof (1 headers)
2026-06-24 10:14:00.130+00:00 [INFO ] Validating level 59 from the pruning point proof (1 headers)
2026-06-24 10:14:00.130+00:00 [INFO ] Validating level 58 from the pruning point proof (1 headers)
2026-06-24 10:14:00.130+00:00 [INFO ] Validating level 57 from the pruning point proof (1 headers)
2026-06-24 10:14:00.130+00:00 [INFO ] Validating level 56 from the pruning point proof (1 headers)
2026-06-24 10:14:00.131+00:00 [INFO ] Validating level 55 from the pruning point proof (1 headers)
2026-06-24 10:14:00.131+00:00 [INFO ] Validating level 54 from the pruning point proof (1 headers)
2026-06-24 10:14:00.131+00:00 [INFO ] Validating level 53 from the pruning point proof (1 headers)
2026-06-24 10:14:00.131+00:00 [INFO ] Validating level 52 from the pruning point proof (1 headers)
2026-06-24 10:14:00.131+00:00 [INFO ] Validating level 51 from the pruning point proof (1 headers)
2026-06-24 10:14:00.131+00:00 [INFO ] Validating level 50 from the pruning point proof (1 headers)
2026-06-24 10:14:00.131+00:00 [INFO ] Validating level 49 from the pruning point proof (1 headers)
2026-06-24 10:14:00.131+00:00 [INFO ] Validating level 48 from the pruning point proof (1 headers)
2026-06-24 10:14:00.131+00:00 [INFO ] Validating level 47 from the pruning point proof (1 headers)
2026-06-24 10:14:00.131+00:00 [INFO ] Validating level 46 from the pruning point proof (1 headers)
2026-06-24 10:14:00.131+00:00 [INFO ] Validating level 45 from the pruning point proof (1 headers)
2026-06-24 10:14:00.131+00:00 [INFO ] Validating level 44 from the pruning point proof (1 headers)
2026-06-24 10:14:00.131+00:00 [INFO ] Validating level 43 from the pruning point proof (1 headers)
2026-06-24 10:14:00.131+00:00 [INFO ] Validating level 42 from the pruning point proof (1 headers)
2026-06-24 10:14:00.131+00:00 [INFO ] Validating level 41 from the pruning point proof (2 headers)
2026-06-24 10:14:00.131+00:00 [INFO ] Validating level 40 from the pruning point proof (3 headers)
2026-06-24 10:14:00.132+00:00 [INFO ] Validating level 39 from the pruning point proof (4 headers)
2026-06-24 10:14:00.132+00:00 [INFO ] Validating level 38 from the pruning point proof (4 headers)
2026-06-24 10:14:00.132+00:00 [INFO ] Validating level 37 from the pruning point proof (5 headers)
2026-06-24 10:14:00.133+00:00 [INFO ] Validating level 36 from the pruning point proof (10 headers)
2026-06-24 10:14:00.134+00:00 [INFO ] Validating level 35 from the pruning point proof (16 headers)
2026-06-24 10:14:00.136+00:00 [INFO ] Validating level 34 from the pruning point proof (40 headers)
2026-06-24 10:14:00.141+00:00 [INFO ] Validating level 33 from the pruning point proof (76 headers)
2026-06-24 10:14:00.153+00:00 [INFO ] Validating level 32 from the pruning point proof (148 headers)
2026-06-24 10:14:00.182+00:00 [INFO ] Validating level 31 from the pruning point proof (295 headers)
2026-06-24 10:14:00.262+00:00 [INFO ] Validating level 30 from the pruning point proof (558 headers)
2026-06-24 10:14:00.460+00:00 [INFO ] Validating level 29 from the pruning point proof (1045 headers)
2026-06-24 10:14:00.843+00:00 [INFO ] Validating level 28 from the pruning point proof (2060 headers)
2026-06-24 10:14:01.669+00:00 [INFO ] Validating level 27 from the pruning point proof (2001 headers)
2026-06-24 10:14:02.484+00:00 [INFO ] Validating level 26 from the pruning point proof (2001 headers)
2026-06-24 10:14:03.253+00:00 [INFO ] Validating level 25 from the pruning point proof (2058 headers)
2026-06-24 10:14:04.006+00:00 [INFO ] Validating level 24 from the pruning point proof (2001 headers)
2026-06-24 10:14:04.728+00:00 [INFO ] Validating level 23 from the pruning point proof (2001 headers)
2026-06-24 10:14:05.483+00:00 [INFO ] Validating level 22 from the pruning point proof (2022 headers)
2026-06-24 10:14:05.775+00:00 [INFO ] Processed 0 blocks and 0 headers in the last 10.00s (0 transactions; 0 UTXO-validated blocks; 0.00 parents; 0.00 mergeset; 0.00 TPB; mass: 0.0s/0.0c/0.0t; 0.0 lanes/mergeset)
2026-06-24 10:14:06.256+00:00 [INFO ] Validating level 21 from the pruning point proof (2001 headers)
2026-06-24 10:14:07.057+00:00 [INFO ] Validating level 20 from the pruning point proof (2098 headers)
2026-06-24 10:14:07.844+00:00 [INFO ] Validating level 19 from the pruning point proof (2018 headers)
2026-06-24 10:14:08.643+00:00 [INFO ] Validating level 18 from the pruning point proof (2024 headers)
2026-06-24 10:14:09.525+00:00 [INFO ] Validating level 17 from the pruning point proof (2017 headers)
2026-06-24 10:14:10.311+00:00 [INFO ] Validating level 16 from the pruning point proof (2005 headers)
2026-06-24 10:14:11.103+00:00 [INFO ] Validating level 15 from the pruning point proof (2001 headers)
2026-06-24 10:14:11.868+00:00 [INFO ] Validating level 14 from the pruning point proof (2001 headers)
2026-06-24 10:14:12.631+00:00 [WARN ] Error connecting to DNS seeder tn12-dnsseed.kasia.fyi: failed to lookup address information: Temporary failure in name resolution
2026-06-24 10:14:12.632+00:00 [INFO ] Connection manager: has 3/8 outgoing P2P connections, trying to obtain 5 additional connection(s)...
2026-06-24 10:14:12.632+00:00 [INFO ] Validating level 13 from the pruning point proof (2001 headers)
2026-06-24 10:14:13.401+00:00 [INFO ] Validating level 12 from the pruning point proof (2023 headers)
2026-06-24 10:14:13.633+00:00 [INFO ] Querying 4 DNS seeders
2026-06-24 10:14:13.633+00:00 [INFO ] Querying DNS seeder tn12-dnsseed.kas.pa
2026-06-24 10:14:13.635+00:00 [INFO ] Querying DNS seeder tn12-dnsseed.kasia.fyi
2026-06-24 10:14:13.636+00:00 [INFO ] Querying DNS seeder seeder1-tn12.kaspad.net
2026-06-24 10:14:13.637+00:00 [INFO ] Querying DNS seeder n-testnet-12.kaspa.ws
2026-06-24 10:14:13.670+00:00 [INFO ] Retrieved 3 addresses from DNS seeder seeder1-tn12.kaspad.net
2026-06-24 10:14:13.672+00:00 [INFO ] Retrieved 3 addresses from DNS seeder n-testnet-12.kaspa.ws
2026-06-24 10:14:13.970+00:00 [INFO ] Retrieved 1 addresses from DNS seeder tn12-dnsseed.kas.pa
2026-06-24 10:14:14.220+00:00 [INFO ] Validating level 11 from the pruning point proof (2101 headers)
2026-06-24 10:14:15.099+00:00 [INFO ] Validating level 10 from the pruning point proof (2101 headers)
2026-06-24 10:14:15.875+00:00 [INFO ] Validating level 9 from the pruning point proof (2101 headers)
2026-06-24 10:14:16.641+00:00 [INFO ] Validating level 8 from the pruning point proof (2101 headers)
2026-06-24 10:14:17.443+00:00 [INFO ] Validating level 7 from the pruning point proof (2101 headers)
2026-06-24 10:14:18.204+00:00 [INFO ] Validating level 6 from the pruning point proof (2101 headers)
2026-06-24 10:14:19.031+00:00 [INFO ] Validating level 5 from the pruning point proof (2101 headers)
2026-06-24 10:14:19.902+00:00 [INFO ] Validating level 4 from the pruning point proof (2101 headers)
2026-06-24 10:14:20.720+00:00 [INFO ] Validating level 3 from the pruning point proof (2101 headers)
2026-06-24 10:14:21.485+00:00 [INFO ] Validating level 2 from the pruning point proof (2101 headers)
2026-06-24 10:14:22.290+00:00 [INFO ] Validating level 1 from the pruning point proof (2101 headers)
2026-06-24 10:14:23.021+00:00 [INFO ] Validating level 0 from the pruning point proof (2101 headers)
2026-06-24 10:14:23.767+00:00 [INFO ] Built headers proof with overall 251 headers (1 unique)
2026-06-24 10:14:26.124+00:00 [INFO ] Finished downloading 0 blocks from the pruning point anticone
2026-06-24 10:14:26.124+00:00 [INFO ] Starting to download the pruning point chain segment
2026-06-24 10:14:26.718+00:00 [WARN ] Error connecting to DNS seeder tn12-dnsseed.kasia.fyi: failed to lookup address information: Temporary failure in name resolution
2026-06-24 10:14:26.720+00:00 [INFO ] Connection manager: has 3/8 outgoing P2P connections, trying to obtain 5 additional connection(s)...
2026-06-24 10:14:27.429+00:00 [INFO ] Downloaded 1000 headers from the pruning point chain segment
2026-06-24 10:14:27.720+00:00 [INFO ] Querying 4 DNS seeders
2026-06-24 10:14:27.722+00:00 [INFO ] Querying DNS seeder seeder1-tn12.kaspad.net
2026-06-24 10:14:27.722+00:00 [INFO ] Querying DNS seeder tn12-dnsseed.kas.pa
2026-06-24 10:14:27.723+00:00 [INFO ] Querying DNS seeder n-testnet-12.kaspa.ws
2026-06-24 10:14:27.725+00:00 [INFO ] Querying DNS seeder tn12-dnsseed.kasia.fyi
2026-06-24 10:14:27.757+00:00 [INFO ] Retrieved 3 addresses from DNS seeder seeder1-tn12.kaspad.net
2026-06-24 10:14:27.761+00:00 [INFO ] Retrieved 3 addresses from DNS seeder n-testnet-12.kaspa.ws
2026-06-24 10:14:28.220+00:00 [INFO ] Retrieved 1 addresses from DNS seeder tn12-dnsseed.kas.pa
2026-06-24 10:14:29.043+00:00 [INFO ] Downloaded 2000 headers from the pruning point chain segment
2026-06-24 10:14:30.851+00:00 [INFO ] Downloaded 3000 headers from the pruning point chain segment
2026-06-24 10:14:32.367+00:00 [INFO ] Downloaded 4000 headers from the pruning point chain segment
2026-06-24 10:14:33.849+00:00 [INFO ] Downloaded 5000 headers from the pruning point chain segment
2026-06-24 10:14:35.476+00:00 [INFO ] Downloaded 6000 headers from the pruning point chain segment
2026-06-24 10:14:37.406+00:00 [INFO ] Downloaded 7000 headers from the pruning point chain segment
2026-06-24 10:14:38.946+00:00 [INFO ] Downloaded 8000 headers from the pruning point chain segment
2026-06-24 10:14:40.520+00:00 [INFO ] Downloaded 9000 headers from the pruning point chain segment
2026-06-24 10:14:42.480+00:00 [INFO ] Downloaded 10000 headers from the pruning point chain segment
2026-06-24 10:14:42.775+00:00 [WARN ] Error connecting to DNS seeder tn12-dnsseed.kasia.fyi: failed to lookup address information: Temporary failure in name resolution
2026-06-24 10:14:43.779+00:00 [INFO ] Downloaded 11000 headers from the pruning point chain segment
2026-06-24 10:14:45.649+00:00 [INFO ] Downloaded 12000 headers from the pruning point chain segment
2026-06-24 10:14:47.361+00:00 [INFO ] Downloaded 13000 headers from the pruning point chain segment
2026-06-24 10:14:48.615+00:00 [INFO ] Downloaded 14000 headers from the pruning point chain segment
2026-06-24 10:14:50.062+00:00 [INFO ] Downloaded 15000 headers from the pruning point chain segment
2026-06-24 10:14:51.480+00:00 [INFO ] Downloaded 16000 headers from the pruning point chain segment
2026-06-24 10:14:52.879+00:00 [INFO ] Downloaded 17000 headers from the pruning point chain segment
2026-06-24 10:14:54.359+00:00 [INFO ] Downloaded 18000 headers from the pruning point chain segment
2026-06-24 10:14:55.791+00:00 [INFO ] Downloaded 19000 headers from the pruning point chain segment
2026-06-24 10:14:56.720+00:00 [INFO ] Connection manager: has 3/8 outgoing P2P connections, trying to obtain 5 additional connection(s)...
2026-06-24 10:14:57.138+00:00 [INFO ] Downloaded 20000 headers from the pruning point chain segment
2026-06-24 10:14:57.722+00:00 [INFO ] Querying 4 DNS seeders
2026-06-24 10:14:57.722+00:00 [INFO ] Querying DNS seeder tn12-dnsseed.kas.pa
2026-06-24 10:14:57.725+00:00 [INFO ] Querying DNS seeder n-testnet-12.kaspa.ws
2026-06-24 10:14:57.725+00:00 [INFO ] Querying DNS seeder tn12-dnsseed.kasia.fyi
2026-06-24 10:14:57.725+00:00 [INFO ] Querying DNS seeder seeder1-tn12.kaspad.net
2026-06-24 10:14:57.758+00:00 [INFO ] Retrieved 3 addresses from DNS seeder n-testnet-12.kaspa.ws
2026-06-24 10:14:57.762+00:00 [INFO ] Retrieved 3 addresses from DNS seeder seeder1-tn12.kaspad.net
2026-06-24 10:14:57.976+00:00 [INFO ] Retrieved 1 addresses from DNS seeder tn12-dnsseed.kas.pa
2026-06-24 10:14:58.523+00:00 [INFO ] Downloaded 21000 headers from the pruning point chain segment
2026-06-24 10:14:59.635+00:00 [INFO ] Downloaded 22000 headers from the pruning point chain segment
2026-06-24 10:15:00.706+00:00 [INFO ] Downloaded 23000 headers from the pruning point chain segment
2026-06-24 10:15:01.808+00:00 [INFO ] Downloaded 24000 headers from the pruning point chain segment
2026-06-24 10:15:02.917+00:00 [INFO ] Downloaded 25000 headers from the pruning point chain segment
2026-06-24 10:15:03.980+00:00 [INFO ] Downloaded 26000 headers from the pruning point chain segment
2026-06-24 10:15:05.053+00:00 [INFO ] Downloaded 27000 headers from the pruning point chain segment
2026-06-24 10:15:06.549+00:00 [INFO ] Downloaded 28000 headers from the pruning point chain segment
2026-06-24 10:15:07.578+00:00 [INFO ] Downloaded 29000 headers from the pruning point chain segment
2026-06-24 10:15:08.864+00:00 [INFO ] Downloaded 30000 headers from the pruning point chain segment
2026-06-24 10:15:09.906+00:00 [INFO ] Downloaded 31000 headers from the pruning point chain segment
2026-06-24 10:15:10.831+00:00 [WARN ] Error connecting to DNS seeder tn12-dnsseed.kasia.fyi: failed to lookup address information: Temporary failure in name resolution
2026-06-24 10:15:10.919+00:00 [INFO ] Downloaded 32000 headers from the pruning point chain segment
2026-06-24 10:15:11.946+00:00 [INFO ] Downloaded 33000 headers from the pruning point chain segment
2026-06-24 10:15:12.981+00:00 [INFO ] Downloaded 34000 headers from the pruning point chain segment
2026-06-24 10:15:14.234+00:00 [INFO ] Downloaded 35000 headers from the pruning point chain segment
2026-06-24 10:15:15.494+00:00 [INFO ] Downloaded 36000 headers from the pruning point chain segment
2026-06-24 10:15:16.488+00:00 [INFO ] Downloaded 37000 headers from the pruning point chain segment
2026-06-24 10:15:17.690+00:00 [INFO ] Downloaded 38000 headers from the pruning point chain segment
2026-06-24 10:15:18.683+00:00 [INFO ] Downloaded 39000 headers from the pruning point chain segment
2026-06-24 10:15:19.685+00:00 [INFO ] Downloaded 40000 headers from the pruning point chain segment
2026-06-24 10:15:20.711+00:00 [INFO ] Downloaded 41000 headers from the pruning point chain segment
2026-06-24 10:15:21.717+00:00 [INFO ] Downloaded 42000 headers from the pruning point chain segment
2026-06-24 10:15:22.710+00:00 [INFO ] Downloaded 43000 headers from the pruning point chain segment
2026-06-24 10:15:23.677+00:00 [INFO ] Downloaded 44000 headers from the pruning point chain segment
2026-06-24 10:15:24.872+00:00 [INFO ] Downloaded 45000 headers from the pruning point chain segment
2026-06-24 10:15:26.080+00:00 [INFO ] Downloaded 46000 headers from the pruning point chain segment
2026-06-24 10:15:26.721+00:00 [INFO ] Connection manager: has 3/8 outgoing P2P connections, trying to obtain 1 additional connection(s)...
2026-06-24 10:15:26.726+00:00 [INFO ] Querying 4 DNS seeders
2026-06-24 10:15:26.726+00:00 [INFO ] Querying DNS seeder tn12-dnsseed.kasia.fyi
2026-06-24 10:15:26.729+00:00 [INFO ] Querying DNS seeder seeder1-tn12.kaspad.net
2026-06-24 10:15:26.729+00:00 [INFO ] Querying DNS seeder tn12-dnsseed.kas.pa
2026-06-24 10:15:26.729+00:00 [INFO ] Querying DNS seeder n-testnet-12.kaspa.ws
2026-06-24 10:15:26.762+00:00 [INFO ] Retrieved 3 addresses from DNS seeder n-testnet-12.kaspa.ws
2026-06-24 10:15:26.764+00:00 [INFO ] Retrieved 3 addresses from DNS seeder seeder1-tn12.kaspad.net
2026-06-24 10:15:26.954+00:00 [INFO ] Retrieved 1 addresses from DNS seeder tn12-dnsseed.kas.pa
2026-06-24 10:15:27.078+00:00 [INFO ] Downloaded 47000 headers from the pruning point chain segment
2026-06-24 10:15:28.060+00:00 [INFO ] Downloaded 48000 headers from the pruning point chain segment
2026-06-24 10:15:29.044+00:00 [INFO ] Downloaded 49000 headers from the pruning point chain segment
2026-06-24 10:15:30.067+00:00 [INFO ] Downloaded 50000 headers from the pruning point chain segment
2026-06-24 10:15:31.017+00:00 [INFO ] Downloaded 51000 headers from the pruning point chain segment
2026-06-24 10:15:31.967+00:00 [INFO ] Downloaded 52000 headers from the pruning point chain segment
2026-06-24 10:15:32.902+00:00 [INFO ] Downloaded 53000 headers from the pruning point chain segment
2026-06-24 10:15:33.871+00:00 [INFO ] Downloaded 54000 headers from the pruning point chain segment
2026-06-24 10:15:34.738+00:00 [INFO ] Downloaded 55000 headers from the pruning point chain segment
2026-06-24 10:15:35.642+00:00 [INFO ] Downloaded 56000 headers from the pruning point chain segment
2026-06-24 10:15:36.532+00:00 [INFO ] Downloaded 57000 headers from the pruning point chain segment
2026-06-24 10:15:37.420+00:00 [INFO ] Downloaded 58000 headers from the pruning point chain segment
2026-06-24 10:15:38.325+00:00 [INFO ] Downloaded 59000 headers from the pruning point chain segment
2026-06-24 10:15:39.474+00:00 [INFO ] Downloaded 60000 headers from the pruning point chain segment
2026-06-24 10:15:40.624+00:00 [INFO ] Downloaded 61000 headers from the pruning point chain segment
2026-06-24 10:15:41.519+00:00 [INFO ] Downloaded 62000 headers from the pruning point chain segment
2026-06-24 10:15:42.415+00:00 [INFO ] Downloaded 63000 headers from the pruning point chain segment
2026-06-24 10:15:43.527+00:00 [INFO ] Downloaded 64000 headers from the pruning point chain segment
2026-06-24 10:15:44.666+00:00 [INFO ] Downloaded 65000 headers from the pruning point chain segment
2026-06-24 10:15:45.576+00:00 [INFO ] Downloaded 66000 headers from the pruning point chain segment
2026-06-24 10:15:46.667+00:00 [INFO ] Downloaded 67000 headers from the pruning point chain segment
2026-06-24 10:15:46.733+00:00 [WARN ] Error connecting to DNS seeder tn12-dnsseed.kasia.fyi: failed to lookup address information: Temporary failure in name resolution
2026-06-24 10:15:47.788+00:00 [INFO ] Downloaded 68000 headers from the pruning point chain segment
2026-06-24 10:15:48.897+00:00 [INFO ] Downloaded 69000 headers from the pruning point chain segment
2026-06-24 10:15:50.223+00:00 [INFO ] Downloaded 70000 headers from the pruning point chain segment
2026-06-24 10:15:51.771+00:00 [INFO ] Downloaded 71000 headers from the pruning point chain segment
2026-06-24 10:15:53.834+00:00 [INFO ] Downloaded 72000 headers from the pruning point chain segment
2026-06-24 10:15:56.241+00:00 [INFO ] Downloaded 73000 headers from the pruning point chain segment
2026-06-24 10:15:56.721+00:00 [INFO ] Connection manager: has 3/8 outgoing P2P connections, trying to obtain 1 additional connection(s)...
2026-06-24 10:15:56.725+00:00 [INFO ] Querying 4 DNS seeders
2026-06-24 10:15:56.725+00:00 [INFO ] Querying DNS seeder tn12-dnsseed.kasia.fyi
2026-06-24 10:15:56.727+00:00 [INFO ] Querying DNS seeder seeder1-tn12.kaspad.net
2026-06-24 10:15:56.728+00:00 [INFO ] Querying DNS seeder n-testnet-12.kaspa.ws
2026-06-24 10:15:56.728+00:00 [INFO ] Querying DNS seeder tn12-dnsseed.kas.pa
2026-06-24 10:15:56.808+00:00 [INFO ] Retrieved 1 addresses from DNS seeder tn12-dnsseed.kas.pa
2026-06-24 10:15:56.968+00:00 [INFO ] Retrieved 3 addresses from DNS seeder seeder1-tn12.kaspad.net
2026-06-24 10:15:57.151+00:00 [INFO ] Downloaded 74000 headers from the pruning point chain segment
2026-06-24 10:15:58.032+00:00 [INFO ] Downloaded 75000 headers from the pruning point chain segment
2026-06-24 10:15:58.733+00:00 [INFO ] Retrieved 3 addresses from DNS seeder n-testnet-12.kaspa.ws
2026-06-24 10:15:58.909+00:00 [INFO ] Downloaded 76000 headers from the pruning point chain segment
2026-06-24 10:15:59.770+00:00 [INFO ] Downloaded 77000 headers from the pruning point chain segment
2026-06-24 10:16:00.617+00:00 [INFO ] Downloaded 78000 headers from the pruning point chain segment
2026-06-24 10:16:01.480+00:00 [INFO ] Downloaded 79000 headers from the pruning point chain segment
2026-06-24 10:16:02.354+00:00 [INFO ] Downloaded 80000 headers from the pruning point chain segment
2026-06-24 10:16:03.263+00:00 [INFO ] Downloaded 81000 headers from the pruning point chain segment
2026-06-24 10:16:04.157+00:00 [INFO ] Downloaded 82000 headers from the pruning point chain segment
2026-06-24 10:16:05.887+00:00 [INFO ] Downloaded 83000 headers from the pruning point chain segment
2026-06-24 10:16:06.928+00:00 [INFO ] Downloaded 84000 headers from the pruning point chain segment
2026-06-24 10:16:07.788+00:00 [INFO ] Downloaded 85000 headers from the pruning point chain segment
2026-06-24 10:16:09.053+00:00 [WARN ] Error connecting to DNS seeder tn12-dnsseed.kasia.fyi: failed to lookup address information: Temporary failure in name resolution
2026-06-24 10:16:09.393+00:00 [INFO ] Downloaded 86000 headers from the pruning point chain segment
2026-06-24 10:16:11.635+00:00 [INFO ] Downloaded 87000 headers from the pruning point chain segment
2026-06-24 10:16:12.485+00:00 [INFO ] Downloaded 88000 headers from the pruning point chain segment
2026-06-24 10:16:13.501+00:00 [INFO ] Downloaded 89000 headers from the pruning point chain segment
2026-06-24 10:16:14.895+00:00 [INFO ] Downloaded 90000 headers from the pruning point chain segment
2026-06-24 10:16:15.696+00:00 [INFO ] Downloaded 91000 headers from the pruning point chain segment
2026-06-24 10:16:16.143+00:00 [INFO ] GRPC, new incoming connection 4a80fa5a-5bfb-4cd6-b7c1-edd6435e4829@127.0.0.1:47902 #1
2026-06-24 10:16:16.152+00:00 [INFO ] GRPC, incoming stream ended by client 4a80fa5a-5bfb-4cd6-b7c1-edd6435e4829@127.0.0.1:47902
2026-06-24 10:16:16.152+00:00 [INFO ] GRPC, end connection 4a80fa5a-5bfb-4cd6-b7c1-edd6435e4829@127.0.0.1:47902 #1
2026-06-24 10:16:16.545+00:00 [INFO ] Downloaded 92000 headers from the pruning point chain segment
2026-06-24 10:16:17.394+00:00 [INFO ] Downloaded 93000 headers from the pruning point chain segment
2026-06-24 10:16:18.412+00:00 [INFO ] Downloaded 94000 headers from the pruning point chain segment
2026-06-24 10:16:19.259+00:00 [INFO ] Downloaded 95000 headers from the pruning point chain segment
2026-06-24 10:16:20.049+00:00 [INFO ] Downloaded 96000 headers from the pruning point chain segment
^SIGTERM - shutting down...
2026-06-24 10:16:20.783+00:00 [INFO ] P2P Server stopped: 127.0.0.1:16311
2026-06-24 10:16:20.787+00:00 [INFO ] WRPC Server stopped on: 127.0.0.1:17210
2026-06-24 10:16:20.787+00:00 [INFO ] GRPC Server stopped on: 127.0.0.1:16210
2026-06-24 10:16:20.832+00:00 [WARN ] IBD with headers proof from 178.105.76.81:16311 was unsuccessful (peer connection is closed)
2026-06-24 10:16:20.833+00:00 [INFO ] IBD with peer 178.105.76.81:16311 completed with error: peer connection is closed
2026-06-24 10:16:21.330+00:00 [INFO ] Kaspad has stopped...
