    Finished `release` profile [optimized] target(s) in 1.80s
     Running `target/release/kaspad --testnet --netsuffix=12 --disable-upnp '--listen=127.0.0.1:16311' '--rpclisten=127.0.0.1:16210' '--rpclisten-borsh=127.0.0.1:17210'`
2026-06-23 23:17:55.427+00:00 [INFO ] kaspad v1.1.1-toc.1-42b734f1
2026-06-23 23:17:55.427+00:00 [INFO ] Application directory: /root/.rusty-kaspa
2026-06-23 23:17:55.427+00:00 [INFO ] Data directory: /root/.rusty-kaspa/kaspa-testnet-12/datadir
2026-06-23 23:17:55.427+00:00 [INFO ] Logs directory: /root/.rusty-kaspa/kaspa-testnet-12/logs
2026-06-23 23:17:55.513+00:00 [INFO ] GRPC Server starting on: 127.0.0.1:16210
2026-06-23 23:17:55.514+00:00 [INFO ] P2P Server starting on: 127.0.0.1:16311
2026-06-23 23:17:55.517+00:00 [INFO ] Connection manager: has 0/8 outgoing P2P connections, trying to obtain 5 additional connection(s)...
2026-06-23 23:17:55.517+00:00 [INFO ] WRPC Server starting on: 127.0.0.1:17210
2026-06-23 23:17:55.592+00:00 [INFO ] Registering p2p flows for peer 178.105.76.81:16311 for protocol version 9
2026-06-23 23:17:55.593+00:00 [INFO ] P2P Connected to outgoing peer 178.105.76.81:16311 (outbound: 1)
2026-06-23 23:17:55.593+00:00 [INFO ] Registering p2p flows for peer 136.243.93.17:16311 for protocol version 9
2026-06-23 23:17:55.593+00:00 [INFO ] P2P Connected to outgoing peer 136.243.93.17:16311 (outbound: 2)
2026-06-23 23:17:55.667+00:00 [INFO ] IBD started with peer 136.243.93.17:16311
2026-06-23 23:17:55.725+00:00 [INFO ] Starting IBD with headers proof with peer 136.243.93.17:16311
2026-06-23 23:17:55.959+00:00 [INFO ] Registering p2p flows for peer 23.118.8.163:16311 for protocol version 9
2026-06-23 23:17:55.959+00:00 [INFO ] P2P Connected to outgoing peer 23.118.8.163:16311 (outbound: 3)
2026-06-23 23:17:56.046+00:00 [INFO ] Registering p2p flows for peer 86.48.24.208:16311 for protocol version 9
2026-06-23 23:17:56.046+00:00 [INFO ] P2P Connected to outgoing peer 86.48.24.208:16311 (outbound: 4)
2026-06-23 23:17:56.046+00:00 [INFO ] Querying DNS seeder seeder1-tn12.kaspad.net
2026-06-23 23:17:56.289+00:00 [INFO ] Retrieved 4 addresses from DNS seeder seeder1-tn12.kaspad.net
2026-06-23 23:17:56.289+00:00 [INFO ] Querying DNS seeder tn12-dnsseed.kasia.fyi
2026-06-23 23:17:57.883+00:00 [INFO ] Received headers proof with overall 62158 headers (18775 unique)
2026-06-23 23:17:58.301+00:00 [INFO ] Validating level 250 from the pruning point proof (1 headers)
2026-06-23 23:17:58.301+00:00 [INFO ] Validating level 249 from the pruning point proof (1 headers)
2026-06-23 23:17:58.301+00:00 [INFO ] Validating level 248 from the pruning point proof (1 headers)
2026-06-23 23:17:58.302+00:00 [INFO ] Validating level 247 from the pruning point proof (1 headers)
2026-06-23 23:17:58.302+00:00 [INFO ] Validating level 246 from the pruning point proof (1 headers)
2026-06-23 23:17:58.302+00:00 [INFO ] Validating level 245 from the pruning point proof (1 headers)
2026-06-23 23:17:58.302+00:00 [INFO ] Validating level 244 from the pruning point proof (1 headers)
2026-06-23 23:17:58.302+00:00 [INFO ] Validating level 243 from the pruning point proof (1 headers)
2026-06-23 23:17:58.302+00:00 [INFO ] Validating level 242 from the pruning point proof (1 headers)
2026-06-23 23:17:58.302+00:00 [INFO ] Validating level 241 from the pruning point proof (1 headers)
2026-06-23 23:17:58.302+00:00 [INFO ] Validating level 240 from the pruning point proof (1 headers)
2026-06-23 23:17:58.302+00:00 [INFO ] Validating level 239 from the pruning point proof (1 headers)
2026-06-23 23:17:58.302+00:00 [INFO ] Validating level 238 from the pruning point proof (1 headers)
2026-06-23 23:17:58.302+00:00 [INFO ] Validating level 237 from the pruning point proof (1 headers)
2026-06-23 23:17:58.302+00:00 [INFO ] Validating level 236 from the pruning point proof (1 headers)
2026-06-23 23:17:58.302+00:00 [INFO ] Validating level 235 from the pruning point proof (1 headers)
2026-06-23 23:17:58.302+00:00 [INFO ] Validating level 234 from the pruning point proof (1 headers)
2026-06-23 23:17:58.302+00:00 [INFO ] Validating level 233 from the pruning point proof (1 headers)
2026-06-23 23:17:58.302+00:00 [INFO ] Validating level 232 from the pruning point proof (1 headers)
2026-06-23 23:17:58.302+00:00 [INFO ] Validating level 231 from the pruning point proof (1 headers)
2026-06-23 23:17:58.302+00:00 [INFO ] Validating level 230 from the pruning point proof (1 headers)
2026-06-23 23:17:58.302+00:00 [INFO ] Validating level 229 from the pruning point proof (1 headers)
2026-06-23 23:17:58.302+00:00 [INFO ] Validating level 228 from the pruning point proof (1 headers)
2026-06-23 23:17:58.302+00:00 [INFO ] Validating level 227 from the pruning point proof (1 headers)
2026-06-23 23:17:58.302+00:00 [INFO ] Validating level 226 from the pruning point proof (1 headers)
2026-06-23 23:17:58.302+00:00 [INFO ] Validating level 225 from the pruning point proof (1 headers)
2026-06-23 23:17:58.302+00:00 [INFO ] Validating level 224 from the pruning point proof (1 headers)
2026-06-23 23:17:58.302+00:00 [INFO ] Validating level 223 from the pruning point proof (1 headers)
2026-06-23 23:17:58.302+00:00 [INFO ] Validating level 222 from the pruning point proof (1 headers)
2026-06-23 23:17:58.302+00:00 [INFO ] Validating level 221 from the pruning point proof (1 headers)
2026-06-23 23:17:58.303+00:00 [INFO ] Validating level 220 from the pruning point proof (1 headers)
2026-06-23 23:17:58.303+00:00 [INFO ] Validating level 219 from the pruning point proof (1 headers)
2026-06-23 23:17:58.303+00:00 [INFO ] Validating level 218 from the pruning point proof (1 headers)
2026-06-23 23:17:58.303+00:00 [INFO ] Validating level 217 from the pruning point proof (1 headers)
2026-06-23 23:17:58.303+00:00 [INFO ] Validating level 216 from the pruning point proof (1 headers)
2026-06-23 23:17:58.303+00:00 [INFO ] Validating level 215 from the pruning point proof (1 headers)
2026-06-23 23:17:58.303+00:00 [INFO ] Validating level 214 from the pruning point proof (1 headers)
2026-06-23 23:17:58.303+00:00 [INFO ] Validating level 213 from the pruning point proof (1 headers)
2026-06-23 23:17:58.303+00:00 [INFO ] Validating level 212 from the pruning point proof (1 headers)
2026-06-23 23:17:58.303+00:00 [INFO ] Validating level 211 from the pruning point proof (1 headers)
2026-06-23 23:17:58.303+00:00 [INFO ] Validating level 210 from the pruning point proof (1 headers)
2026-06-23 23:17:58.303+00:00 [INFO ] Validating level 209 from the pruning point proof (1 headers)
2026-06-23 23:17:58.303+00:00 [INFO ] Validating level 208 from the pruning point proof (1 headers)
2026-06-23 23:17:58.303+00:00 [INFO ] Validating level 207 from the pruning point proof (1 headers)
2026-06-23 23:17:58.303+00:00 [INFO ] Validating level 206 from the pruning point proof (1 headers)
2026-06-23 23:17:58.303+00:00 [INFO ] Validating level 205 from the pruning point proof (1 headers)
2026-06-23 23:17:58.303+00:00 [INFO ] Validating level 204 from the pruning point proof (1 headers)
2026-06-23 23:17:58.303+00:00 [INFO ] Validating level 203 from the pruning point proof (1 headers)
2026-06-23 23:17:58.303+00:00 [INFO ] Validating level 202 from the pruning point proof (1 headers)
2026-06-23 23:17:58.303+00:00 [INFO ] Validating level 201 from the pruning point proof (1 headers)
2026-06-23 23:17:58.303+00:00 [INFO ] Validating level 200 from the pruning point proof (1 headers)
2026-06-23 23:17:58.303+00:00 [INFO ] Validating level 199 from the pruning point proof (1 headers)
2026-06-23 23:17:58.303+00:00 [INFO ] Validating level 198 from the pruning point proof (1 headers)
2026-06-23 23:17:58.303+00:00 [INFO ] Validating level 197 from the pruning point proof (1 headers)
2026-06-23 23:17:58.303+00:00 [INFO ] Validating level 196 from the pruning point proof (1 headers)
2026-06-23 23:17:58.303+00:00 [INFO ] Validating level 195 from the pruning point proof (1 headers)
2026-06-23 23:17:58.304+00:00 [INFO ] Validating level 194 from the pruning point proof (1 headers)
2026-06-23 23:17:58.304+00:00 [INFO ] Validating level 193 from the pruning point proof (1 headers)
2026-06-23 23:17:58.304+00:00 [INFO ] Validating level 192 from the pruning point proof (1 headers)
2026-06-23 23:17:58.304+00:00 [INFO ] Validating level 191 from the pruning point proof (1 headers)
2026-06-23 23:17:58.304+00:00 [INFO ] Validating level 190 from the pruning point proof (1 headers)
2026-06-23 23:17:58.304+00:00 [INFO ] Validating level 189 from the pruning point proof (1 headers)
2026-06-23 23:17:58.304+00:00 [INFO ] Validating level 188 from the pruning point proof (1 headers)
2026-06-23 23:17:58.304+00:00 [INFO ] Validating level 187 from the pruning point proof (1 headers)
2026-06-23 23:17:58.304+00:00 [INFO ] Validating level 186 from the pruning point proof (1 headers)
2026-06-23 23:17:58.304+00:00 [INFO ] Validating level 185 from the pruning point proof (1 headers)
2026-06-23 23:17:58.304+00:00 [INFO ] Validating level 184 from the pruning point proof (1 headers)
2026-06-23 23:17:58.304+00:00 [INFO ] Validating level 183 from the pruning point proof (1 headers)
2026-06-23 23:17:58.304+00:00 [INFO ] Validating level 182 from the pruning point proof (1 headers)
2026-06-23 23:17:58.304+00:00 [INFO ] Validating level 181 from the pruning point proof (1 headers)
2026-06-23 23:17:58.304+00:00 [INFO ] Validating level 180 from the pruning point proof (1 headers)
2026-06-23 23:17:58.304+00:00 [INFO ] Validating level 179 from the pruning point proof (1 headers)
2026-06-23 23:17:58.304+00:00 [INFO ] Validating level 178 from the pruning point proof (1 headers)
2026-06-23 23:17:58.304+00:00 [INFO ] Validating level 177 from the pruning point proof (1 headers)
2026-06-23 23:17:58.304+00:00 [INFO ] Validating level 176 from the pruning point proof (1 headers)
2026-06-23 23:17:58.304+00:00 [INFO ] Validating level 175 from the pruning point proof (1 headers)
2026-06-23 23:17:58.304+00:00 [INFO ] Validating level 174 from the pruning point proof (1 headers)
2026-06-23 23:17:58.304+00:00 [INFO ] Validating level 173 from the pruning point proof (1 headers)
2026-06-23 23:17:58.304+00:00 [INFO ] Validating level 172 from the pruning point proof (1 headers)
2026-06-23 23:17:58.304+00:00 [INFO ] Validating level 171 from the pruning point proof (1 headers)
2026-06-23 23:17:58.305+00:00 [INFO ] Validating level 170 from the pruning point proof (1 headers)
2026-06-23 23:17:58.305+00:00 [INFO ] Validating level 169 from the pruning point proof (1 headers)
2026-06-23 23:17:58.305+00:00 [INFO ] Validating level 168 from the pruning point proof (1 headers)
2026-06-23 23:17:58.305+00:00 [INFO ] Validating level 167 from the pruning point proof (1 headers)
2026-06-23 23:17:58.305+00:00 [INFO ] Validating level 166 from the pruning point proof (1 headers)
2026-06-23 23:17:58.305+00:00 [INFO ] Validating level 165 from the pruning point proof (1 headers)
2026-06-23 23:17:58.305+00:00 [INFO ] Validating level 164 from the pruning point proof (1 headers)
2026-06-23 23:17:58.305+00:00 [INFO ] Validating level 163 from the pruning point proof (1 headers)
2026-06-23 23:17:58.305+00:00 [INFO ] Validating level 162 from the pruning point proof (1 headers)
2026-06-23 23:17:58.305+00:00 [INFO ] Validating level 161 from the pruning point proof (1 headers)
2026-06-23 23:17:58.305+00:00 [INFO ] Validating level 160 from the pruning point proof (1 headers)
2026-06-23 23:17:58.305+00:00 [INFO ] Validating level 159 from the pruning point proof (1 headers)
2026-06-23 23:17:58.305+00:00 [INFO ] Validating level 158 from the pruning point proof (1 headers)
2026-06-23 23:17:58.305+00:00 [INFO ] Validating level 157 from the pruning point proof (1 headers)
2026-06-23 23:17:58.305+00:00 [INFO ] Validating level 156 from the pruning point proof (1 headers)
2026-06-23 23:17:58.305+00:00 [INFO ] Validating level 155 from the pruning point proof (1 headers)
2026-06-23 23:17:58.305+00:00 [INFO ] Validating level 154 from the pruning point proof (1 headers)
2026-06-23 23:17:58.305+00:00 [INFO ] Validating level 153 from the pruning point proof (1 headers)
2026-06-23 23:17:58.305+00:00 [INFO ] Validating level 152 from the pruning point proof (1 headers)
2026-06-23 23:17:58.305+00:00 [INFO ] Validating level 151 from the pruning point proof (1 headers)
2026-06-23 23:17:58.305+00:00 [INFO ] Validating level 150 from the pruning point proof (1 headers)
2026-06-23 23:17:58.306+00:00 [INFO ] Validating level 149 from the pruning point proof (1 headers)
2026-06-23 23:17:58.306+00:00 [INFO ] Validating level 148 from the pruning point proof (1 headers)
2026-06-23 23:17:58.306+00:00 [INFO ] Validating level 147 from the pruning point proof (1 headers)
2026-06-23 23:17:58.306+00:00 [INFO ] Validating level 146 from the pruning point proof (1 headers)
2026-06-23 23:17:58.306+00:00 [INFO ] Validating level 145 from the pruning point proof (1 headers)
2026-06-23 23:17:58.306+00:00 [INFO ] Validating level 144 from the pruning point proof (1 headers)
2026-06-23 23:17:58.306+00:00 [INFO ] Validating level 143 from the pruning point proof (1 headers)
2026-06-23 23:17:58.306+00:00 [INFO ] Validating level 142 from the pruning point proof (1 headers)
2026-06-23 23:17:58.306+00:00 [INFO ] Validating level 141 from the pruning point proof (1 headers)
2026-06-23 23:17:58.306+00:00 [INFO ] Validating level 140 from the pruning point proof (1 headers)
2026-06-23 23:17:58.306+00:00 [INFO ] Validating level 139 from the pruning point proof (1 headers)
2026-06-23 23:17:58.306+00:00 [INFO ] Validating level 138 from the pruning point proof (1 headers)
2026-06-23 23:17:58.306+00:00 [INFO ] Validating level 137 from the pruning point proof (1 headers)
2026-06-23 23:17:58.306+00:00 [INFO ] Validating level 136 from the pruning point proof (1 headers)
2026-06-23 23:17:58.306+00:00 [INFO ] Validating level 135 from the pruning point proof (1 headers)
2026-06-23 23:17:58.306+00:00 [INFO ] Validating level 134 from the pruning point proof (1 headers)
2026-06-23 23:17:58.306+00:00 [INFO ] Validating level 133 from the pruning point proof (1 headers)
2026-06-23 23:17:58.306+00:00 [INFO ] Validating level 132 from the pruning point proof (1 headers)
2026-06-23 23:17:58.306+00:00 [INFO ] Validating level 131 from the pruning point proof (1 headers)
2026-06-23 23:17:58.306+00:00 [INFO ] Validating level 130 from the pruning point proof (1 headers)
2026-06-23 23:17:58.306+00:00 [INFO ] Validating level 129 from the pruning point proof (1 headers)
2026-06-23 23:17:58.306+00:00 [INFO ] Validating level 128 from the pruning point proof (1 headers)
2026-06-23 23:17:58.306+00:00 [INFO ] Validating level 127 from the pruning point proof (1 headers)
2026-06-23 23:17:58.306+00:00 [INFO ] Validating level 126 from the pruning point proof (1 headers)
2026-06-23 23:17:58.307+00:00 [INFO ] Validating level 125 from the pruning point proof (1 headers)
2026-06-23 23:17:58.307+00:00 [INFO ] Validating level 124 from the pruning point proof (1 headers)
2026-06-23 23:17:58.307+00:00 [INFO ] Validating level 123 from the pruning point proof (1 headers)
2026-06-23 23:17:58.307+00:00 [INFO ] Validating level 122 from the pruning point proof (1 headers)
2026-06-23 23:17:58.307+00:00 [INFO ] Validating level 121 from the pruning point proof (1 headers)
2026-06-23 23:17:58.307+00:00 [INFO ] Validating level 120 from the pruning point proof (1 headers)
2026-06-23 23:17:58.307+00:00 [INFO ] Validating level 119 from the pruning point proof (1 headers)
2026-06-23 23:17:58.307+00:00 [INFO ] Validating level 118 from the pruning point proof (1 headers)
2026-06-23 23:17:58.307+00:00 [INFO ] Validating level 117 from the pruning point proof (1 headers)
2026-06-23 23:17:58.307+00:00 [INFO ] Validating level 116 from the pruning point proof (1 headers)
2026-06-23 23:17:58.307+00:00 [INFO ] Validating level 115 from the pruning point proof (1 headers)
2026-06-23 23:17:58.307+00:00 [INFO ] Validating level 114 from the pruning point proof (1 headers)
2026-06-23 23:17:58.307+00:00 [INFO ] Validating level 113 from the pruning point proof (1 headers)
2026-06-23 23:17:58.307+00:00 [INFO ] Validating level 112 from the pruning point proof (1 headers)
2026-06-23 23:17:58.307+00:00 [INFO ] Validating level 111 from the pruning point proof (1 headers)
2026-06-23 23:17:58.307+00:00 [INFO ] Validating level 110 from the pruning point proof (1 headers)
2026-06-23 23:17:58.307+00:00 [INFO ] Validating level 109 from the pruning point proof (1 headers)
2026-06-23 23:17:58.307+00:00 [INFO ] Validating level 108 from the pruning point proof (1 headers)
2026-06-23 23:17:58.307+00:00 [INFO ] Validating level 107 from the pruning point proof (1 headers)
2026-06-23 23:17:58.307+00:00 [INFO ] Validating level 106 from the pruning point proof (1 headers)
2026-06-23 23:17:58.307+00:00 [INFO ] Validating level 105 from the pruning point proof (1 headers)
2026-06-23 23:17:58.307+00:00 [INFO ] Validating level 104 from the pruning point proof (1 headers)
2026-06-23 23:17:58.307+00:00 [INFO ] Validating level 103 from the pruning point proof (1 headers)
2026-06-23 23:17:58.307+00:00 [INFO ] Validating level 102 from the pruning point proof (1 headers)
2026-06-23 23:17:58.307+00:00 [INFO ] Validating level 101 from the pruning point proof (1 headers)
2026-06-23 23:17:58.308+00:00 [INFO ] Validating level 100 from the pruning point proof (1 headers)
2026-06-23 23:17:58.308+00:00 [INFO ] Validating level 99 from the pruning point proof (1 headers)
2026-06-23 23:17:58.308+00:00 [INFO ] Validating level 98 from the pruning point proof (1 headers)
2026-06-23 23:17:58.308+00:00 [INFO ] Validating level 97 from the pruning point proof (1 headers)
2026-06-23 23:17:58.308+00:00 [INFO ] Validating level 96 from the pruning point proof (1 headers)
2026-06-23 23:17:58.308+00:00 [INFO ] Validating level 95 from the pruning point proof (1 headers)
2026-06-23 23:17:58.308+00:00 [INFO ] Validating level 94 from the pruning point proof (1 headers)
2026-06-23 23:17:58.308+00:00 [INFO ] Validating level 93 from the pruning point proof (1 headers)
2026-06-23 23:17:58.308+00:00 [INFO ] Validating level 92 from the pruning point proof (1 headers)
2026-06-23 23:17:58.308+00:00 [INFO ] Validating level 91 from the pruning point proof (1 headers)
2026-06-23 23:17:58.308+00:00 [INFO ] Validating level 90 from the pruning point proof (1 headers)
2026-06-23 23:17:58.308+00:00 [INFO ] Validating level 89 from the pruning point proof (1 headers)
2026-06-23 23:17:58.308+00:00 [INFO ] Validating level 88 from the pruning point proof (1 headers)
2026-06-23 23:17:58.308+00:00 [INFO ] Validating level 87 from the pruning point proof (1 headers)
2026-06-23 23:17:58.308+00:00 [INFO ] Validating level 86 from the pruning point proof (1 headers)
2026-06-23 23:17:58.308+00:00 [INFO ] Validating level 85 from the pruning point proof (1 headers)
2026-06-23 23:17:58.308+00:00 [INFO ] Validating level 84 from the pruning point proof (1 headers)
2026-06-23 23:17:58.308+00:00 [INFO ] Validating level 83 from the pruning point proof (1 headers)
2026-06-23 23:17:58.308+00:00 [INFO ] Validating level 82 from the pruning point proof (1 headers)
2026-06-23 23:17:58.308+00:00 [INFO ] Validating level 81 from the pruning point proof (1 headers)
2026-06-23 23:17:58.308+00:00 [INFO ] Validating level 80 from the pruning point proof (1 headers)
2026-06-23 23:17:58.308+00:00 [INFO ] Validating level 79 from the pruning point proof (1 headers)
2026-06-23 23:17:58.308+00:00 [INFO ] Validating level 78 from the pruning point proof (1 headers)
2026-06-23 23:17:58.308+00:00 [INFO ] Validating level 77 from the pruning point proof (1 headers)
2026-06-23 23:17:58.309+00:00 [INFO ] Validating level 76 from the pruning point proof (1 headers)
2026-06-23 23:17:58.309+00:00 [INFO ] Validating level 75 from the pruning point proof (1 headers)
2026-06-23 23:17:58.309+00:00 [INFO ] Validating level 74 from the pruning point proof (1 headers)
2026-06-23 23:17:58.309+00:00 [INFO ] Validating level 73 from the pruning point proof (1 headers)
2026-06-23 23:17:58.309+00:00 [INFO ] Validating level 72 from the pruning point proof (1 headers)
2026-06-23 23:17:58.309+00:00 [INFO ] Validating level 71 from the pruning point proof (1 headers)
2026-06-23 23:17:58.309+00:00 [INFO ] Validating level 70 from the pruning point proof (1 headers)
2026-06-23 23:17:58.309+00:00 [INFO ] Validating level 69 from the pruning point proof (1 headers)
2026-06-23 23:17:58.309+00:00 [INFO ] Validating level 68 from the pruning point proof (1 headers)
2026-06-23 23:17:58.309+00:00 [INFO ] Validating level 67 from the pruning point proof (1 headers)
2026-06-23 23:17:58.309+00:00 [INFO ] Validating level 66 from the pruning point proof (1 headers)
2026-06-23 23:17:58.309+00:00 [INFO ] Validating level 65 from the pruning point proof (1 headers)
2026-06-23 23:17:58.309+00:00 [INFO ] Validating level 64 from the pruning point proof (1 headers)
2026-06-23 23:17:58.309+00:00 [INFO ] Validating level 63 from the pruning point proof (1 headers)
2026-06-23 23:17:58.309+00:00 [INFO ] Validating level 62 from the pruning point proof (1 headers)
2026-06-23 23:17:58.309+00:00 [INFO ] Validating level 61 from the pruning point proof (1 headers)
2026-06-23 23:17:58.309+00:00 [INFO ] Validating level 60 from the pruning point proof (1 headers)
2026-06-23 23:17:58.309+00:00 [INFO ] Validating level 59 from the pruning point proof (1 headers)
2026-06-23 23:17:58.309+00:00 [INFO ] Validating level 58 from the pruning point proof (1 headers)
2026-06-23 23:17:58.309+00:00 [INFO ] Validating level 57 from the pruning point proof (1 headers)
2026-06-23 23:17:58.309+00:00 [INFO ] Validating level 56 from the pruning point proof (1 headers)
2026-06-23 23:17:58.309+00:00 [INFO ] Validating level 55 from the pruning point proof (1 headers)
2026-06-23 23:17:58.309+00:00 [INFO ] Validating level 54 from the pruning point proof (1 headers)
2026-06-23 23:17:58.309+00:00 [INFO ] Validating level 53 from the pruning point proof (1 headers)
2026-06-23 23:17:58.310+00:00 [INFO ] Validating level 52 from the pruning point proof (1 headers)
2026-06-23 23:17:58.310+00:00 [INFO ] Validating level 51 from the pruning point proof (1 headers)
2026-06-23 23:17:58.310+00:00 [INFO ] Validating level 50 from the pruning point proof (1 headers)
2026-06-23 23:17:58.310+00:00 [INFO ] Validating level 49 from the pruning point proof (1 headers)
2026-06-23 23:17:58.310+00:00 [INFO ] Validating level 48 from the pruning point proof (1 headers)
2026-06-23 23:17:58.310+00:00 [INFO ] Validating level 47 from the pruning point proof (1 headers)
2026-06-23 23:17:58.310+00:00 [INFO ] Validating level 46 from the pruning point proof (1 headers)
2026-06-23 23:17:58.310+00:00 [INFO ] Validating level 45 from the pruning point proof (1 headers)
2026-06-23 23:17:58.310+00:00 [INFO ] Validating level 44 from the pruning point proof (1 headers)
2026-06-23 23:17:58.310+00:00 [INFO ] Validating level 43 from the pruning point proof (1 headers)
2026-06-23 23:17:58.310+00:00 [INFO ] Validating level 42 from the pruning point proof (1 headers)
2026-06-23 23:17:58.310+00:00 [INFO ] Validating level 41 from the pruning point proof (2 headers)
2026-06-23 23:17:58.310+00:00 [INFO ] Validating level 40 from the pruning point proof (3 headers)
2026-06-23 23:17:58.311+00:00 [INFO ] Validating level 39 from the pruning point proof (4 headers)
2026-06-23 23:17:58.311+00:00 [INFO ] Validating level 38 from the pruning point proof (4 headers)
2026-06-23 23:17:58.312+00:00 [INFO ] Validating level 37 from the pruning point proof (5 headers)
2026-06-23 23:17:58.313+00:00 [INFO ] Validating level 36 from the pruning point proof (10 headers)
2026-06-23 23:17:58.314+00:00 [INFO ] Validating level 35 from the pruning point proof (16 headers)
2026-06-23 23:17:58.316+00:00 [INFO ] Validating level 34 from the pruning point proof (40 headers)
2026-06-23 23:17:58.322+00:00 [INFO ] Validating level 33 from the pruning point proof (76 headers)
2026-06-23 23:17:58.337+00:00 [INFO ] Validating level 32 from the pruning point proof (148 headers)
2026-06-23 23:17:58.365+00:00 [INFO ] Validating level 31 from the pruning point proof (295 headers)
2026-06-23 23:17:58.453+00:00 [INFO ] Validating level 30 from the pruning point proof (558 headers)
2026-06-23 23:17:58.673+00:00 [INFO ] Validating level 29 from the pruning point proof (1045 headers)
2026-06-23 23:17:59.059+00:00 [INFO ] Validating level 28 from the pruning point proof (2060 headers)
2026-06-23 23:17:59.914+00:00 [INFO ] Validating level 27 from the pruning point proof (2001 headers)
2026-06-23 23:18:00.681+00:00 [INFO ] Validating level 26 from the pruning point proof (2001 headers)
2026-06-23 23:18:01.624+00:00 [INFO ] Validating level 25 from the pruning point proof (2042 headers)
2026-06-23 23:18:02.647+00:00 [INFO ] Validating level 24 from the pruning point proof (2001 headers)
2026-06-23 23:18:03.476+00:00 [INFO ] Validating level 23 from the pruning point proof (2001 headers)
2026-06-23 23:18:04.345+00:00 [INFO ] Validating level 22 from the pruning point proof (2001 headers)
2026-06-23 23:18:05.254+00:00 [INFO ] Validating level 21 from the pruning point proof (2001 headers)
2026-06-23 23:18:05.519+00:00 [INFO ] Processed 0 blocks and 0 headers in the last 10.00s (0 transactions; 0 UTXO-validated blocks; 0.00 parents; 0.00 mergeset; 0.00 TPB; mass: 0.0s/0.0c/0.0t; 0.0 lanes/mergeset)
2026-06-23 23:18:06.124+00:00 [INFO ] Validating level 20 from the pruning point proof (2026 headers)
2026-06-23 23:18:06.958+00:00 [INFO ] Validating level 19 from the pruning point proof (2201 headers)
2026-06-23 23:18:07.839+00:00 [INFO ] Validating level 18 from the pruning point proof (2028 headers)
2026-06-23 23:18:08.649+00:00 [INFO ] Validating level 17 from the pruning point proof (2089 headers)
2026-06-23 23:18:08.991+00:00 [WARN ] Error connecting to DNS seeder tn12-dnsseed.kasia.fyi: failed to lookup address information: Temporary failure in name resolution
2026-06-23 23:18:08.991+00:00 [INFO ] Querying DNS seeder tn12-dnsseed.kas.pa
2026-06-23 23:18:09.313+00:00 [INFO ] Retrieved 1 addresses from DNS seeder tn12-dnsseed.kas.pa
2026-06-23 23:18:09.313+00:00 [INFO ] Querying DNS seeder n-testnet-12.kaspa.ws
2026-06-23 23:18:09.482+00:00 [INFO ] Validating level 16 from the pruning point proof (2001 headers)
2026-06-23 23:18:10.515+00:00 [INFO ] Validating level 15 from the pruning point proof (2001 headers)
2026-06-23 23:18:10.862+00:00 [INFO ] Retrieved 4 addresses from DNS seeder n-testnet-12.kaspa.ws
2026-06-23 23:18:10.862+00:00 [INFO ] Connection manager: has 4/8 outgoing P2P connections, trying to obtain 3 additional connection(s)...
2026-06-23 23:18:11.863+00:00 [INFO ] Querying DNS seeder seeder1-tn12.kaspad.net
2026-06-23 23:18:11.865+00:00 [INFO ] Validating level 14 from the pruning point proof (2075 headers)
2026-06-23 23:18:12.126+00:00 [INFO ] Retrieved 4 addresses from DNS seeder seeder1-tn12.kaspad.net
2026-06-23 23:18:12.126+00:00 [INFO ] Querying DNS seeder n-testnet-12.kaspa.ws
2026-06-23 23:18:12.163+00:00 [INFO ] Retrieved 4 addresses from DNS seeder n-testnet-12.kaspa.ws
2026-06-23 23:18:13.295+00:00 [INFO ] Validating level 13 from the pruning point proof (2001 headers)
2026-06-23 23:18:14.612+00:00 [INFO ] Validating level 12 from the pruning point proof (2001 headers)
2026-06-23 23:18:16.098+00:00 [INFO ] Validating level 11 from the pruning point proof (2101 headers)
2026-06-23 23:18:17.656+00:00 [INFO ] Validating level 10 from the pruning point proof (2101 headers)
2026-06-23 23:18:18.851+00:00 [INFO ] Validating level 9 from the pruning point proof (2101 headers)
2026-06-23 23:18:20.323+00:00 [INFO ] Validating level 8 from the pruning point proof (2101 headers)
2026-06-23 23:18:21.794+00:00 [INFO ] Validating level 7 from the pruning point proof (2101 headers)
2026-06-23 23:18:23.223+00:00 [INFO ] Validating level 6 from the pruning point proof (2101 headers)
2026-06-23 23:18:24.738+00:00 [INFO ] Validating level 5 from the pruning point proof (2101 headers)
2026-06-23 23:18:26.373+00:00 [INFO ] Validating level 4 from the pruning point proof (2101 headers)
2026-06-23 23:18:27.971+00:00 [INFO ] Validating level 3 from the pruning point proof (2101 headers)
2026-06-23 23:18:29.054+00:00 [INFO ] Validating level 2 from the pruning point proof (2101 headers)
2026-06-23 23:18:30.672+00:00 [INFO ] Validating level 1 from the pruning point proof (2101 headers)
2026-06-23 23:18:32.051+00:00 [INFO ] Validating level 0 from the pruning point proof (2101 headers)
2026-06-23 23:18:33.416+00:00 [INFO ] Built headers proof with overall 251 headers (1 unique)
2026-06-23 23:18:34.966+00:00 [INFO ] Finished downloading 0 blocks from the pruning point anticone
2026-06-23 23:18:34.966+00:00 [INFO ] Starting to download the pruning point chain segment
2026-06-23 23:18:35.287+00:00 [INFO ] Downloaded 1000 headers from the pruning point chain segment
2026-06-23 23:18:35.613+00:00 [INFO ] Downloaded 2000 headers from the pruning point chain segment
2026-06-23 23:18:35.937+00:00 [INFO ] Downloaded 3000 headers from the pruning point chain segment
2026-06-23 23:18:36.269+00:00 [INFO ] Downloaded 4000 headers from the pruning point chain segment
2026-06-23 23:18:36.587+00:00 [INFO ] Downloaded 5000 headers from the pruning point chain segment
2026-06-23 23:18:36.900+00:00 [INFO ] Downloaded 6000 headers from the pruning point chain segment
2026-06-23 23:18:37.226+00:00 [INFO ] Downloaded 7000 headers from the pruning point chain segment
2026-06-23 23:18:37.540+00:00 [INFO ] Downloaded 8000 headers from the pruning point chain segment
2026-06-23 23:18:37.864+00:00 [INFO ] Downloaded 9000 headers from the pruning point chain segment
2026-06-23 23:18:38.209+00:00 [INFO ] Downloaded 10000 headers from the pruning point chain segment
2026-06-23 23:18:38.533+00:00 [INFO ] Downloaded 11000 headers from the pruning point chain segment
2026-06-23 23:18:38.875+00:00 [INFO ] Downloaded 12000 headers from the pruning point chain segment
2026-06-23 23:18:39.192+00:00 [INFO ] Downloaded 13000 headers from the pruning point chain segment
2026-06-23 23:18:39.517+00:00 [INFO ] Downloaded 14000 headers from the pruning point chain segment
2026-06-23 23:18:39.838+00:00 [INFO ] Downloaded 15000 headers from the pruning point chain segment
2026-06-23 23:18:40.161+00:00 [INFO ] Downloaded 16000 headers from the pruning point chain segment
2026-06-23 23:18:40.488+00:00 [INFO ] Downloaded 17000 headers from the pruning point chain segment
2026-06-23 23:18:40.800+00:00 [INFO ] Downloaded 18000 headers from the pruning point chain segment
2026-06-23 23:18:40.865+00:00 [INFO ] Connection manager: has 4/8 outgoing P2P connections, trying to obtain 3 additional connection(s)...
2026-06-23 23:18:41.119+00:00 [INFO ] Downloaded 19000 headers from the pruning point chain segment
2026-06-23 23:18:41.463+00:00 [INFO ] Downloaded 20000 headers from the pruning point chain segment
2026-06-23 23:18:41.780+00:00 [INFO ] Downloaded 21000 headers from the pruning point chain segment
2026-06-23 23:18:41.866+00:00 [INFO ] Querying DNS seeder n-testnet-12.kaspa.ws
2026-06-23 23:18:41.903+00:00 [INFO ] Retrieved 4 addresses from DNS seeder n-testnet-12.kaspa.ws
2026-06-23 23:18:41.903+00:00 [INFO ] Querying DNS seeder tn12-dnsseed.kasia.fyi
2026-06-23 23:18:42.090+00:00 [INFO ] Downloaded 22000 headers from the pruning point chain segment
2026-06-23 23:18:42.411+00:00 [INFO ] Downloaded 23000 headers from the pruning point chain segment
2026-06-23 23:18:42.732+00:00 [INFO ] Downloaded 24000 headers from the pruning point chain segment
2026-06-23 23:18:43.054+00:00 [INFO ] Downloaded 25000 headers from the pruning point chain segment
2026-06-23 23:18:43.377+00:00 [INFO ] Downloaded 26000 headers from the pruning point chain segment
2026-06-23 23:18:43.695+00:00 [INFO ] Downloaded 27000 headers from the pruning point chain segment
2026-06-23 23:18:44.012+00:00 [INFO ] Downloaded 28000 headers from the pruning point chain segment
2026-06-23 23:18:44.329+00:00 [INFO ] Downloaded 29000 headers from the pruning point chain segment
2026-06-23 23:18:44.672+00:00 [INFO ] Downloaded 30000 headers from the pruning point chain segment
2026-06-23 23:18:44.995+00:00 [INFO ] Downloaded 31000 headers from the pruning point chain segment
2026-06-23 23:18:45.326+00:00 [INFO ] Downloaded 32000 headers from the pruning point chain segment
2026-06-23 23:18:45.653+00:00 [INFO ] Downloaded 33000 headers from the pruning point chain segment
2026-06-23 23:18:45.967+00:00 [INFO ] Downloaded 34000 headers from the pruning point chain segment
2026-06-23 23:18:46.292+00:00 [INFO ] Downloaded 35000 headers from the pruning point chain segment
2026-06-23 23:18:46.613+00:00 [INFO ] Downloaded 36000 headers from the pruning point chain segment
2026-06-23 23:18:46.923+00:00 [INFO ] Downloaded 37000 headers from the pruning point chain segment
2026-06-23 23:18:47.244+00:00 [INFO ] Downloaded 38000 headers from the pruning point chain segment
2026-06-23 23:18:47.556+00:00 [INFO ] Downloaded 39000 headers from the pruning point chain segment
2026-06-23 23:18:47.900+00:00 [INFO ] Downloaded 40000 headers from the pruning point chain segment
2026-06-23 23:18:48.214+00:00 [INFO ] Downloaded 41000 headers from the pruning point chain segment
2026-06-23 23:18:48.529+00:00 [INFO ] Downloaded 42000 headers from the pruning point chain segment
2026-06-23 23:18:48.853+00:00 [INFO ] Downloaded 43000 headers from the pruning point chain segment
2026-06-23 23:18:49.179+00:00 [INFO ] Downloaded 44000 headers from the pruning point chain segment
2026-06-23 23:18:49.510+00:00 [INFO ] Downloaded 45000 headers from the pruning point chain segment
2026-06-23 23:18:49.842+00:00 [INFO ] Downloaded 46000 headers from the pruning point chain segment
2026-06-23 23:18:50.164+00:00 [INFO ] Downloaded 47000 headers from the pruning point chain segment
2026-06-23 23:18:50.506+00:00 [INFO ] Downloaded 48000 headers from the pruning point chain segment
2026-06-23 23:18:50.837+00:00 [INFO ] Downloaded 49000 headers from the pruning point chain segment
2026-06-23 23:18:51.190+00:00 [INFO ] Downloaded 50000 headers from the pruning point chain segment
2026-06-23 23:18:51.513+00:00 [INFO ] Downloaded 51000 headers from the pruning point chain segment
2026-06-23 23:18:51.830+00:00 [INFO ] Downloaded 52000 headers from the pruning point chain segment
2026-06-23 23:18:52.149+00:00 [INFO ] Downloaded 53000 headers from the pruning point chain segment
2026-06-23 23:18:52.471+00:00 [INFO ] Downloaded 54000 headers from the pruning point chain segment
2026-06-23 23:18:52.791+00:00 [INFO ] Downloaded 55000 headers from the pruning point chain segment
2026-06-23 23:18:53.118+00:00 [INFO ] Downloaded 56000 headers from the pruning point chain segment
2026-06-23 23:18:53.436+00:00 [INFO ] Downloaded 57000 headers from the pruning point chain segment
2026-06-23 23:18:53.752+00:00 [INFO ] Downloaded 58000 headers from the pruning point chain segment
2026-06-23 23:18:54.071+00:00 [INFO ] Downloaded 59000 headers from the pruning point chain segment
2026-06-23 23:18:54.423+00:00 [INFO ] Downloaded 60000 headers from the pruning point chain segment
2026-06-23 23:18:54.646+00:00 [WARN ] Error connecting to DNS seeder tn12-dnsseed.kasia.fyi: failed to lookup address information: Temporary failure in name resolution
2026-06-23 23:18:54.647+00:00 [INFO ] Querying DNS seeder seeder1-tn12.kaspad.net
2026-06-23 23:18:54.689+00:00 [INFO ] Retrieved 4 addresses from DNS seeder seeder1-tn12.kaspad.net
2026-06-23 23:18:54.752+00:00 [INFO ] Downloaded 61000 headers from the pruning point chain segment
2026-06-23 23:18:55.077+00:00 [INFO ] Downloaded 62000 headers from the pruning point chain segment
2026-06-23 23:18:55.394+00:00 [INFO ] Downloaded 63000 headers from the pruning point chain segment
2026-06-23 23:18:55.709+00:00 [INFO ] Downloaded 64000 headers from the pruning point chain segment
2026-06-23 23:18:56.045+00:00 [INFO ] Downloaded 65000 headers from the pruning point chain segment
2026-06-23 23:18:56.369+00:00 [INFO ] Downloaded 66000 headers from the pruning point chain segment
2026-06-23 23:18:56.688+00:00 [INFO ] Downloaded 67000 headers from the pruning point chain segment
2026-06-23 23:18:57.011+00:00 [INFO ] Downloaded 68000 headers from the pruning point chain segment
2026-06-23 23:18:57.329+00:00 [INFO ] Downloaded 69000 headers from the pruning point chain segment
2026-06-23 23:18:57.684+00:00 [INFO ] Downloaded 70000 headers from the pruning point chain segment
2026-06-23 23:18:58.018+00:00 [INFO ] Downloaded 71000 headers from the pruning point chain segment
2026-06-23 23:18:58.343+00:00 [INFO ] Downloaded 72000 headers from the pruning point chain segment
2026-06-23 23:18:58.674+00:00 [INFO ] Downloaded 73000 headers from the pruning point chain segment
2026-06-23 23:18:58.989+00:00 [INFO ] Downloaded 74000 headers from the pruning point chain segment
2026-06-23 23:18:59.320+00:00 [INFO ] Downloaded 75000 headers from the pruning point chain segment
2026-06-23 23:18:59.648+00:00 [INFO ] Downloaded 76000 headers from the pruning point chain segment
2026-06-23 23:18:59.970+00:00 [INFO ] Downloaded 77000 headers from the pruning point chain segment
2026-06-23 23:19:00.291+00:00 [INFO ] Downloaded 78000 headers from the pruning point chain segment
2026-06-23 23:19:00.611+00:00 [INFO ] Downloaded 79000 headers from the pruning point chain segment
2026-06-23 23:19:00.956+00:00 [INFO ] Downloaded 80000 headers from the pruning point chain segment
2026-06-23 23:19:01.287+00:00 [INFO ] Downloaded 81000 headers from the pruning point chain segment
2026-06-23 23:19:01.616+00:00 [INFO ] Downloaded 82000 headers from the pruning point chain segment
2026-06-23 23:19:01.952+00:00 [INFO ] Downloaded 83000 headers from the pruning point chain segment
2026-06-23 23:19:02.271+00:00 [INFO ] Downloaded 84000 headers from the pruning point chain segment
2026-06-23 23:19:02.629+00:00 [INFO ] Downloaded 85000 headers from the pruning point chain segment
2026-06-23 23:19:02.992+00:00 [INFO ] Downloaded 86000 headers from the pruning point chain segment
2026-06-23 23:19:03.318+00:00 [INFO ] Downloaded 87000 headers from the pruning point chain segment
2026-06-23 23:19:03.639+00:00 [INFO ] Downloaded 88000 headers from the pruning point chain segment
2026-06-23 23:19:03.962+00:00 [INFO ] Downloaded 89000 headers from the pruning point chain segment
2026-06-23 23:19:04.311+00:00 [INFO ] Downloaded 90000 headers from the pruning point chain segment
2026-06-23 23:19:04.650+00:00 [INFO ] Downloaded 91000 headers from the pruning point chain segment
2026-06-23 23:19:04.984+00:00 [INFO ] Downloaded 92000 headers from the pruning point chain segment
2026-06-23 23:19:05.313+00:00 [INFO ] Downloaded 93000 headers from the pruning point chain segment
2026-06-23 23:19:05.636+00:00 [INFO ] Downloaded 94000 headers from the pruning point chain segment
2026-06-23 23:19:05.964+00:00 [INFO ] Downloaded 95000 headers from the pruning point chain segment
2026-06-23 23:19:06.283+00:00 [INFO ] Downloaded 96000 headers from the pruning point chain segment
2026-06-23 23:19:06.609+00:00 [INFO ] Downloaded 97000 headers from the pruning point chain segment
2026-06-23 23:19:06.943+00:00 [INFO ] Downloaded 98000 headers from the pruning point chain segment
2026-06-23 23:19:07.289+00:00 [INFO ] Downloaded 99000 headers from the pruning point chain segment
2026-06-23 23:19:07.617+00:00 [INFO ] Downloaded 100000 headers from the pruning point chain segment
2026-06-23 23:19:07.943+00:00 [INFO ] Downloaded 101000 headers from the pruning point chain segment
2026-06-23 23:19:08.268+00:00 [INFO ] Downloaded 102000 headers from the pruning point chain segment
2026-06-23 23:19:08.584+00:00 [INFO ] Downloaded 103000 headers from the pruning point chain segment
2026-06-23 23:19:08.922+00:00 [INFO ] Downloaded 104000 headers from the pruning point chain segment
2026-06-23 23:19:09.254+00:00 [INFO ] Downloaded 105000 headers from the pruning point chain segment
2026-06-23 23:19:09.574+00:00 [INFO ] Downloaded 106000 headers from the pruning point chain segment
2026-06-23 23:19:09.900+00:00 [INFO ] Downloaded 107000 headers from the pruning point chain segment
2026-06-23 23:19:10.224+00:00 [INFO ] Downloaded 108000 headers from the pruning point chain segment
2026-06-23 23:19:10.574+00:00 [INFO ] Downloaded 109000 headers from the pruning point chain segment
2026-06-23 23:19:10.864+00:00 [INFO ] Connection manager: has 4/8 outgoing P2P connections, trying to obtain 3 additional connection(s)...
2026-06-23 23:19:10.921+00:00 [INFO ] Downloaded 110000 headers from the pruning point chain segment
2026-06-23 23:19:11.245+00:00 [INFO ] Downloaded 111000 headers from the pruning point chain segment
2026-06-23 23:19:11.574+00:00 [INFO ] Downloaded 112000 headers from the pruning point chain segment
2026-06-23 23:19:11.866+00:00 [INFO ] Querying DNS seeder tn12-dnsseed.kas.pa
2026-06-23 23:19:11.904+00:00 [INFO ] Downloaded 113000 headers from the pruning point chain segment
2026-06-23 23:19:12.199+00:00 [INFO ] Retrieved 1 addresses from DNS seeder tn12-dnsseed.kas.pa
2026-06-23 23:19:12.199+00:00 [INFO ] Querying DNS seeder tn12-dnsseed.kasia.fyi
2026-06-23 23:19:12.244+00:00 [INFO ] Downloaded 114000 headers from the pruning point chain segment
2026-06-23 23:19:12.568+00:00 [INFO ] Downloaded 115000 headers from the pruning point chain segment
2026-06-23 23:19:12.896+00:00 [INFO ] Downloaded 116000 headers from the pruning point chain segment
2026-06-23 23:19:13.213+00:00 [INFO ] Downloaded 117000 headers from the pruning point chain segment
2026-06-23 23:19:13.535+00:00 [INFO ] Downloaded 118000 headers from the pruning point chain segment
2026-06-23 23:19:13.885+00:00 [INFO ] Downloaded 119000 headers from the pruning point chain segment
2026-06-23 23:19:14.212+00:00 [INFO ] Downloaded 120000 headers from the pruning point chain segment
2026-06-23 23:19:14.551+00:00 [INFO ] Downloaded 121000 headers from the pruning point chain segment
2026-06-23 23:19:14.877+00:00 [INFO ] Downloaded 122000 headers from the pruning point chain segment
2026-06-23 23:19:15.206+00:00 [INFO ] Downloaded 123000 headers from the pruning point chain segment
2026-06-23 23:19:15.529+00:00 [INFO ] Downloaded 124000 headers from the pruning point chain segment
2026-06-23 23:19:15.856+00:00 [INFO ] Downloaded 125000 headers from the pruning point chain segment
2026-06-23 23:19:16.172+00:00 [INFO ] Downloaded 126000 headers from the pruning point chain segment
2026-06-23 23:19:16.496+00:00 [INFO ] Downloaded 127000 headers from the pruning point chain segment
2026-06-23 23:19:16.820+00:00 [INFO ] Downloaded 128000 headers from the pruning point chain segment
2026-06-23 23:19:17.173+00:00 [INFO ] Downloaded 129000 headers from the pruning point chain segment
2026-06-23 23:19:17.501+00:00 [INFO ] Downloaded 130000 headers from the pruning point chain segment
2026-06-23 23:19:17.822+00:00 [INFO ] Downloaded 131000 headers from the pruning point chain segment
2026-06-23 23:19:18.155+00:00 [INFO ] Downloaded 132000 headers from the pruning point chain segment
2026-06-23 23:19:18.472+00:00 [INFO ] Downloaded 133000 headers from the pruning point chain segment
2026-06-23 23:19:18.788+00:00 [INFO ] Downloaded 134000 headers from the pruning point chain segment
2026-06-23 23:19:19.104+00:00 [INFO ] Downloaded 135000 headers from the pruning point chain segment
2026-06-23 23:19:19.426+00:00 [INFO ] Downloaded 136000 headers from the pruning point chain segment
2026-06-23 23:19:19.736+00:00 [INFO ] Downloaded 137000 headers from the pruning point chain segment
2026-06-23 23:19:20.057+00:00 [INFO ] Downloaded 138000 headers from the pruning point chain segment
2026-06-23 23:19:20.406+00:00 [INFO ] Downloaded 139000 headers from the pruning point chain segment
2026-06-23 23:19:20.729+00:00 [INFO ] Downloaded 140000 headers from the pruning point chain segment
2026-06-23 23:19:21.055+00:00 [INFO ] Downloaded 141000 headers from the pruning point chain segment
2026-06-23 23:19:21.382+00:00 [INFO ] Downloaded 142000 headers from the pruning point chain segment
2026-06-23 23:19:21.700+00:00 [INFO ] Downloaded 143000 headers from the pruning point chain segment
2026-06-23 23:19:22.031+00:00 [INFO ] Downloaded 144000 headers from the pruning point chain segment
2026-06-23 23:19:22.356+00:00 [INFO ] Downloaded 145000 headers from the pruning point chain segment
2026-06-23 23:19:22.671+00:00 [INFO ] Downloaded 146000 headers from the pruning point chain segment
2026-06-23 23:19:22.991+00:00 [INFO ] Downloaded 147000 headers from the pruning point chain segment
2026-06-23 23:19:23.319+00:00 [INFO ] Downloaded 148000 headers from the pruning point chain segment
2026-06-23 23:19:23.658+00:00 [INFO ] Downloaded 149000 headers from the pruning point chain segment
2026-06-23 23:19:23.974+00:00 [INFO ] Downloaded 150000 headers from the pruning point chain segment
2026-06-23 23:19:24.292+00:00 [INFO ] Downloaded 151000 headers from the pruning point chain segment
2026-06-23 23:19:24.625+00:00 [INFO ] Downloaded 152000 headers from the pruning point chain segment
2026-06-23 23:19:24.994+00:00 [INFO ] Downloaded 153000 headers from the pruning point chain segment
2026-06-23 23:19:25.314+00:00 [INFO ] Downloaded 154000 headers from the pruning point chain segment
2026-06-23 23:19:25.628+00:00 [INFO ] Downloaded 155000 headers from the pruning point chain segment
2026-06-23 23:19:25.962+00:00 [INFO ] Downloaded 156000 headers from the pruning point chain segment
2026-06-23 23:19:26.281+00:00 [INFO ] Downloaded 157000 headers from the pruning point chain segment
2026-06-23 23:19:26.603+00:00 [INFO ] Downloaded 158000 headers from the pruning point chain segment
2026-06-23 23:19:26.954+00:00 [INFO ] Downloaded 159000 headers from the pruning point chain segment
2026-06-23 23:19:27.292+00:00 [INFO ] Downloaded 160000 headers from the pruning point chain segment
2026-06-23 23:19:27.619+00:00 [INFO ] Downloaded 161000 headers from the pruning point chain segment
2026-06-23 23:19:27.948+00:00 [INFO ] Downloaded 162000 headers from the pruning point chain segment
2026-06-23 23:19:28.280+00:00 [INFO ] Downloaded 163000 headers from the pruning point chain segment
2026-06-23 23:19:28.476+00:00 [WARN ] Error connecting to DNS seeder tn12-dnsseed.kasia.fyi: failed to lookup address information: Temporary failure in name resolution
2026-06-23 23:19:28.477+00:00 [INFO ] Querying DNS seeder n-testnet-12.kaspa.ws
2026-06-23 23:19:28.518+00:00 [INFO ] Retrieved 4 addresses from DNS seeder n-testnet-12.kaspa.ws
2026-06-23 23:19:28.518+00:00 [INFO ] Querying DNS seeder seeder1-tn12.kaspad.net
2026-06-23 23:19:28.610+00:00 [INFO ] Downloaded 164000 headers from the pruning point chain segment
2026-06-23 23:19:28.648+00:00 [INFO ] Retrieved 4 addresses from DNS seeder seeder1-tn12.kaspad.net
2026-06-23 23:19:28.945+00:00 [INFO ] Downloaded 165000 headers from the pruning point chain segment
2026-06-23 23:19:29.263+00:00 [INFO ] Downloaded 166000 headers from the pruning point chain segment
2026-06-23 23:19:29.579+00:00 [INFO ] Downloaded 167000 headers from the pruning point chain segment
2026-06-23 23:19:29.895+00:00 [INFO ] Downloaded 168000 headers from the pruning point chain segment
2026-06-23 23:19:30.238+00:00 [INFO ] Downloaded 169000 headers from the pruning point chain segment
2026-06-23 23:19:30.561+00:00 [INFO ] Downloaded 170000 headers from the pruning point chain segment
2026-06-23 23:19:30.884+00:00 [INFO ] Downloaded 171000 headers from the pruning point chain segment
2026-06-23 23:19:31.203+00:00 [INFO ] Downloaded 172000 headers from the pruning point chain segment
2026-06-23 23:19:31.521+00:00 [INFO ] Downloaded 173000 headers from the pruning point chain segment
2026-06-23 23:19:31.843+00:00 [INFO ] Downloaded 174000 headers from the pruning point chain segment
2026-06-23 23:19:32.176+00:00 [INFO ] Downloaded 175000 headers from the pruning point chain segment
2026-06-23 23:19:32.488+00:00 [INFO ] Downloaded 176000 headers from the pruning point chain segment
2026-06-23 23:19:32.799+00:00 [INFO ] Downloaded 177000 headers from the pruning point chain segment
2026-06-23 23:19:33.118+00:00 [INFO ] Downloaded 178000 headers from the pruning point chain segment
2026-06-23 23:19:33.472+00:00 [INFO ] Downloaded 179000 headers from the pruning point chain segment
2026-06-23 23:19:33.784+00:00 [INFO ] Downloaded 180000 headers from the pruning point chain segment
2026-06-23 23:19:34.102+00:00 [INFO ] Downloaded 181000 headers from the pruning point chain segment
2026-06-23 23:19:34.418+00:00 [INFO ] Downloaded 182000 headers from the pruning point chain segment
2026-06-23 23:19:34.736+00:00 [INFO ] Downloaded 183000 headers from the pruning point chain segment
2026-06-23 23:19:35.043+00:00 [INFO ] Downloaded 184000 headers from the pruning point chain segment
2026-06-23 23:19:35.354+00:00 [INFO ] Downloaded 185000 headers from the pruning point chain segment
2026-06-23 23:19:35.677+00:00 [INFO ] Downloaded 186000 headers from the pruning point chain segment
2026-06-23 23:19:36.001+00:00 [INFO ] Downloaded 187000 headers from the pruning point chain segment
2026-06-23 23:19:36.333+00:00 [INFO ] Downloaded 188000 headers from the pruning point chain segment
2026-06-23 23:19:36.682+00:00 [INFO ] Downloaded 189000 headers from the pruning point chain segment
2026-06-23 23:19:37.017+00:00 [INFO ] Downloaded 190000 headers from the pruning point chain segment
2026-06-23 23:19:37.350+00:00 [INFO ] Downloaded 191000 headers from the pruning point chain segment
2026-06-23 23:19:37.672+00:00 [INFO ] Downloaded 192000 headers from the pruning point chain segment
2026-06-23 23:19:37.992+00:00 [INFO ] Downloaded 193000 headers from the pruning point chain segment
2026-06-23 23:19:38.326+00:00 [INFO ] Downloaded 194000 headers from the pruning point chain segment
2026-06-23 23:19:38.660+00:00 [INFO ] Downloaded 195000 headers from the pruning point chain segment
2026-06-23 23:19:38.986+00:00 [INFO ] Downloaded 196000 headers from the pruning point chain segment
2026-06-23 23:19:39.315+00:00 [INFO ] Downloaded 197000 headers from the pruning point chain segment
2026-06-23 23:19:39.666+00:00 [INFO ] Downloaded 198000 headers from the pruning point chain segment
2026-06-23 23:19:40.006+00:00 [INFO ] Downloaded 199000 headers from the pruning point chain segment
2026-06-23 23:19:40.340+00:00 [INFO ] Downloaded 200000 headers from the pruning point chain segment
2026-06-23 23:19:40.664+00:00 [INFO ] Downloaded 201000 headers from the pruning point chain segment
2026-06-23 23:19:40.863+00:00 [INFO ] Connection manager: has 4/8 outgoing P2P connections, trying to obtain 1 additional connection(s)...
2026-06-23 23:19:40.867+00:00 [INFO ] Querying DNS seeder tn12-dnsseed.kas.pa
2026-06-23 23:19:41.033+00:00 [INFO ] Downloaded 202000 headers from the pruning point chain segment
2026-06-23 23:19:41.089+00:00 [INFO ] Retrieved 1 addresses from DNS seeder tn12-dnsseed.kas.pa
2026-06-23 23:19:41.089+00:00 [INFO ] Querying DNS seeder tn12-dnsseed.kasia.fyi
2026-06-23 23:19:41.366+00:00 [INFO ] Downloaded 203000 headers from the pruning point chain segment
2026-06-23 23:19:41.686+00:00 [INFO ] Downloaded 204000 headers from the pruning point chain segment
2026-06-23 23:19:42.007+00:00 [INFO ] Downloaded 205000 headers from the pruning point chain segment
2026-06-23 23:19:42.330+00:00 [INFO ] Downloaded 206000 headers from the pruning point chain segment
2026-06-23 23:19:42.665+00:00 [INFO ] Downloaded 207000 headers from the pruning point chain segment
2026-06-23 23:19:43.006+00:00 [INFO ] Downloaded 208000 headers from the pruning point chain segment
2026-06-23 23:19:43.330+00:00 [INFO ] Downloaded 209000 headers from the pruning point chain segment
2026-06-23 23:19:43.684+00:00 [INFO ] Downloaded 210000 headers from the pruning point chain segment
2026-06-23 23:19:44.023+00:00 [INFO ] Downloaded 211000 headers from the pruning point chain segment
2026-06-23 23:19:44.350+00:00 [INFO ] Downloaded 212000 headers from the pruning point chain segment
2026-06-23 23:19:44.672+00:00 [INFO ] Downloaded 213000 headers from the pruning point chain segment
2026-06-23 23:19:44.998+00:00 [INFO ] Downloaded 214000 headers from the pruning point chain segment
2026-06-23 23:19:45.329+00:00 [INFO ] Downloaded 215000 headers from the pruning point chain segment
2026-06-23 23:19:45.679+00:00 [INFO ] Downloaded 216000 headers from the pruning point chain segment
2026-06-23 23:19:46.007+00:00 [INFO ] Downloaded 217000 headers from the pruning point chain segment
2026-06-23 23:19:46.343+00:00 [INFO ] Downloaded 218000 headers from the pruning point chain segment
2026-06-23 23:19:46.658+00:00 [INFO ] Downloaded 219000 headers from the pruning point chain segment
2026-06-23 23:19:46.992+00:00 [INFO ] Downloaded 220000 headers from the pruning point chain segment
2026-06-23 23:19:47.307+00:00 [INFO ] Downloaded 221000 headers from the pruning point chain segment
2026-06-23 23:19:47.636+00:00 [INFO ] Downloaded 222000 headers from the pruning point chain segment
2026-06-23 23:19:47.972+00:00 [INFO ] Downloaded 223000 headers from the pruning point chain segment
2026-06-23 23:19:48.310+00:00 [INFO ] Downloaded 224000 headers from the pruning point chain segment
2026-06-23 23:19:48.692+00:00 [INFO ] Downloaded 225000 headers from the pruning point chain segment
2026-06-23 23:19:49.030+00:00 [INFO ] Downloaded 226000 headers from the pruning point chain segment
2026-06-23 23:19:49.347+00:00 [INFO ] Downloaded 227000 headers from the pruning point chain segment
2026-06-23 23:19:49.697+00:00 [INFO ] Downloaded 228000 headers from the pruning point chain segment
2026-06-23 23:19:50.019+00:00 [INFO ] Downloaded 229000 headers from the pruning point chain segment
2026-06-23 23:19:50.342+00:00 [INFO ] Downloaded 230000 headers from the pruning point chain segment
2026-06-23 23:19:50.657+00:00 [INFO ] Downloaded 231000 headers from the pruning point chain segment
2026-06-23 23:19:50.974+00:00 [INFO ] Downloaded 232000 headers from the pruning point chain segment
2026-06-23 23:19:51.291+00:00 [INFO ] Downloaded 233000 headers from the pruning point chain segment
2026-06-23 23:19:51.608+00:00 [INFO ] Downloaded 234000 headers from the pruning point chain segment
2026-06-23 23:19:51.941+00:00 [INFO ] Downloaded 235000 headers from the pruning point chain segment
2026-06-23 23:19:52.265+00:00 [INFO ] Downloaded 236000 headers from the pruning point chain segment
2026-06-23 23:19:52.594+00:00 [INFO ] Downloaded 237000 headers from the pruning point chain segment
2026-06-23 23:19:52.952+00:00 [INFO ] Downloaded 238000 headers from the pruning point chain segment
2026-06-23 23:19:53.278+00:00 [INFO ] Downloaded 239000 headers from the pruning point chain segment
2026-06-23 23:19:53.609+00:00 [INFO ] Downloaded 240000 headers from the pruning point chain segment
2026-06-23 23:19:53.708+00:00 [WARN ] Error connecting to DNS seeder tn12-dnsseed.kasia.fyi: failed to lookup address information: Temporary failure in name resolution
2026-06-23 23:19:53.708+00:00 [INFO ] Querying DNS seeder n-testnet-12.kaspa.ws
2026-06-23 23:19:54.130+00:00 [INFO ] Downloaded 241000 headers from the pruning point chain segment
2026-06-23 23:19:54.451+00:00 [INFO ] Downloaded 242000 headers from the pruning point chain segment
2026-06-23 23:19:54.772+00:00 [INFO ] Downloaded 243000 headers from the pruning point chain segment
2026-06-23 23:19:55.092+00:00 [INFO ] Downloaded 244000 headers from the pruning point chain segment
2026-06-23 23:19:55.414+00:00 [INFO ] Downloaded 245000 headers from the pruning point chain segment
2026-06-23 23:19:55.727+00:00 [INFO ] Downloaded 246000 headers from the pruning point chain segment
2026-06-23 23:19:55.765+00:00 [INFO ] Retrieved 4 addresses from DNS seeder n-testnet-12.kaspa.ws
2026-06-23 23:19:55.765+00:00 [INFO ] Querying DNS seeder seeder1-tn12.kaspad.net
2026-06-23 23:19:55.894+00:00 [INFO ] Retrieved 4 addresses from DNS seeder seeder1-tn12.kaspad.net
2026-06-23 23:19:56.048+00:00 [INFO ] Downloaded 247000 headers from the pruning point chain segment
2026-06-23 23:19:56.391+00:00 [INFO ] Downloaded 248000 headers from the pruning point chain segment
2026-06-23 23:19:56.711+00:00 [INFO ] Downloaded 249000 headers from the pruning point chain segment
2026-06-23 23:19:57.030+00:00 [INFO ] Downloaded 250000 headers from the pruning point chain segment
2026-06-23 23:19:57.364+00:00 [INFO ] Downloaded 251000 headers from the pruning point chain segment
2026-06-23 23:19:57.691+00:00 [INFO ] Downloaded 252000 headers from the pruning point chain segment
2026-06-23 23:19:58.009+00:00 [INFO ] Downloaded 253000 headers from the pruning point chain segment
2026-06-23 23:19:58.323+00:00 [INFO ] Downloaded 254000 headers from the pruning point chain segment
2026-06-23 23:19:58.757+00:00 [INFO ] Downloaded 255000 headers from the pruning point chain segment
2026-06-23 23:19:59.075+00:00 [INFO ] Downloaded 256000 headers from the pruning point chain segment
2026-06-23 23:19:59.403+00:00 [INFO ] Downloaded 257000 headers from the pruning point chain segment
2026-06-23 23:19:59.746+00:00 [INFO ] Downloaded 258000 headers from the pruning point chain segment
2026-06-23 23:20:00.069+00:00 [INFO ] Downloaded 259000 headers from the pruning point chain segment
2026-06-23 23:20:00.390+00:00 [INFO ] Downloaded 260000 headers from the pruning point chain segment
2026-06-23 23:20:00.738+00:00 [INFO ] Downloaded 261000 headers from the pruning point chain segment
2026-06-23 23:20:01.065+00:00 [INFO ] Downloaded 262000 headers from the pruning point chain segment
2026-06-23 23:20:01.398+00:00 [INFO ] Downloaded 263000 headers from the pruning point chain segment
2026-06-23 23:20:01.735+00:00 [INFO ] Downloaded 264000 headers from the pruning point chain segment
2026-06-23 23:20:02.111+00:00 [INFO ] Downloaded 265000 headers from the pruning point chain segment
2026-06-23 23:20:02.439+00:00 [INFO ] Downloaded 266000 headers from the pruning point chain segment
2026-06-23 23:20:02.764+00:00 [INFO ] Downloaded 267000 headers from the pruning point chain segment
2026-06-23 23:20:03.115+00:00 [INFO ] Downloaded 268000 headers from the pruning point chain segment
2026-06-23 23:20:03.467+00:00 [INFO ] Downloaded 269000 headers from the pruning point chain segment
2026-06-23 23:20:03.794+00:00 [INFO ] Downloaded 270000 headers from the pruning point chain segment
2026-06-23 23:20:04.139+00:00 [INFO ] Downloaded 271000 headers from the pruning point chain segment
2026-06-23 23:20:04.458+00:00 [INFO ] Downloaded 272000 headers from the pruning point chain segment
2026-06-23 23:20:04.772+00:00 [INFO ] Downloaded 273000 headers from the pruning point chain segment
2026-06-23 23:20:05.087+00:00 [INFO ] Downloaded 274000 headers from the pruning point chain segment
2026-06-23 23:20:05.522+00:00 [INFO ] Downloaded 275000 headers from the pruning point chain segment
2026-06-23 23:20:05.846+00:00 [INFO ] Downloaded 276000 headers from the pruning point chain segment
2026-06-23 23:20:06.159+00:00 [INFO ] Downloaded 277000 headers from the pruning point chain segment
2026-06-23 23:20:06.503+00:00 [INFO ] Downloaded 278000 headers from the pruning point chain segment
2026-06-23 23:20:06.813+00:00 [INFO ] Downloaded 279000 headers from the pruning point chain segment
2026-06-23 23:20:07.130+00:00 [INFO ] Downloaded 280000 headers from the pruning point chain segment
2026-06-23 23:20:07.457+00:00 [INFO ] Downloaded 281000 headers from the pruning point chain segment
2026-06-23 23:20:07.776+00:00 [INFO ] Downloaded 282000 headers from the pruning point chain segment
2026-06-23 23:20:08.101+00:00 [INFO ] Downloaded 283000 headers from the pruning point chain segment
2026-06-23 23:20:08.431+00:00 [INFO ] Downloaded 284000 headers from the pruning point chain segment
2026-06-23 23:20:08.796+00:00 [INFO ] Downloaded 285000 headers from the pruning point chain segment
2026-06-23 23:20:09.125+00:00 [INFO ] Downloaded 286000 headers from the pruning point chain segment
2026-06-23 23:20:09.449+00:00 [INFO ] Downloaded 287000 headers from the pruning point chain segment
2026-06-23 23:20:09.797+00:00 [INFO ] Downloaded 288000 headers from the pruning point chain segment
2026-06-23 23:20:10.122+00:00 [INFO ] Downloaded 289000 headers from the pruning point chain segment
2026-06-23 23:20:10.445+00:00 [INFO ] Downloaded 290000 headers from the pruning point chain segment
2026-06-23 23:20:10.766+00:00 [INFO ] Downloaded 291000 headers from the pruning point chain segment
2026-06-23 23:20:10.863+00:00 [INFO ] Connection manager: has 4/8 outgoing P2P connections, trying to obtain 1 additional connection(s)...
2026-06-23 23:20:10.865+00:00 [INFO ] Querying DNS seeder tn12-dnsseed.kasia.fyi
2026-06-23 23:20:11.084+00:00 [INFO ] Downloaded 292000 headers from the pruning point chain segment
2026-06-23 23:20:11.413+00:00 [INFO ] Downloaded 293000 headers from the pruning point chain segment
2026-06-23 23:20:11.735+00:00 [INFO ] Downloaded 294000 headers from the pruning point chain segment
2026-06-23 23:20:12.058+00:00 [INFO ] Downloaded 295000 headers from the pruning point chain segment
2026-06-23 23:20:12.403+00:00 [INFO ] Downloaded 296000 headers from the pruning point chain segment
2026-06-23 23:20:12.750+00:00 [INFO ] Downloaded 297000 headers from the pruning point chain segment
2026-06-23 23:20:13.071+00:00 [INFO ] Downloaded 298000 headers from the pruning point chain segment
2026-06-23 23:20:13.393+00:00 [INFO ] Downloaded 299000 headers from the pruning point chain segment
2026-06-23 23:20:13.714+00:00 [INFO ] Downloaded 300000 headers from the pruning point chain segment
2026-06-23 23:20:14.040+00:00 [INFO ] Downloaded 301000 headers from the pruning point chain segment
2026-06-23 23:20:14.361+00:00 [INFO ] Downloaded 302000 headers from the pruning point chain segment
2026-06-23 23:20:14.678+00:00 [INFO ] Downloaded 303000 headers from the pruning point chain segment
2026-06-23 23:20:15.002+00:00 [INFO ] Downloaded 304000 headers from the pruning point chain segment
2026-06-23 23:20:15.324+00:00 [INFO ] Downloaded 305000 headers from the pruning point chain segment
2026-06-23 23:20:15.659+00:00 [INFO ] Downloaded 306000 headers from the pruning point chain segment
2026-06-23 23:20:16.015+00:00 [INFO ] Downloaded 307000 headers from the pruning point chain segment
2026-06-23 23:20:16.350+00:00 [INFO ] Downloaded 308000 headers from the pruning point chain segment
2026-06-23 23:20:16.846+00:00 [INFO ] Downloaded 309000 headers from the pruning point chain segment
2026-06-23 23:20:17.177+00:00 [INFO ] Downloaded 310000 headers from the pruning point chain segment
2026-06-23 23:20:17.507+00:00 [INFO ] Downloaded 311000 headers from the pruning point chain segment
2026-06-23 23:20:17.850+00:00 [INFO ] Downloaded 312000 headers from the pruning point chain segment
2026-06-23 23:20:18.187+00:00 [INFO ] Downloaded 313000 headers from the pruning point chain segment
2026-06-23 23:20:18.519+00:00 [INFO ] Downloaded 314000 headers from the pruning point chain segment
2026-06-23 23:20:18.846+00:00 [INFO ] Downloaded 315000 headers from the pruning point chain segment
2026-06-23 23:20:19.178+00:00 [INFO ] Downloaded 316000 headers from the pruning point chain segment
2026-06-23 23:20:19.528+00:00 [INFO ] Downloaded 317000 headers from the pruning point chain segment
2026-06-23 23:20:19.868+00:00 [INFO ] Downloaded 318000 headers from the pruning point chain segment
2026-06-23 23:20:20.201+00:00 [INFO ] Downloaded 319000 headers from the pruning point chain segment
2026-06-23 23:20:20.523+00:00 [INFO ] Downloaded 320000 headers from the pruning point chain segment
2026-06-23 23:20:20.857+00:00 [INFO ] Downloaded 321000 headers from the pruning point chain segment
2026-06-23 23:20:21.185+00:00 [INFO ] Downloaded 322000 headers from the pruning point chain segment
2026-06-23 23:20:21.502+00:00 [INFO ] Downloaded 323000 headers from the pruning point chain segment
2026-06-23 23:20:21.836+00:00 [INFO ] Downloaded 324000 headers from the pruning point chain segment
2026-06-23 23:20:22.160+00:00 [INFO ] Downloaded 325000 headers from the pruning point chain segment
2026-06-23 23:20:22.475+00:00 [INFO ] Downloaded 326000 headers from the pruning point chain segment
2026-06-23 23:20:22.828+00:00 [INFO ] Downloaded 327000 headers from the pruning point chain segment
2026-06-23 23:20:23.146+00:00 [INFO ] Downloaded 328000 headers from the pruning point chain segment
2026-06-23 23:20:23.461+00:00 [INFO ] Downloaded 329000 headers from the pruning point chain segment
2026-06-23 23:20:23.499+00:00 [WARN ] Error connecting to DNS seeder tn12-dnsseed.kasia.fyi: failed to lookup address information: Temporary failure in name resolution
2026-06-23 23:20:23.499+00:00 [INFO ] Querying DNS seeder seeder1-tn12.kaspad.net
2026-06-23 23:20:23.525+00:00 [INFO ] Retrieved 4 addresses from DNS seeder seeder1-tn12.kaspad.net
2026-06-23 23:20:23.525+00:00 [INFO ] Querying DNS seeder n-testnet-12.kaspa.ws
2026-06-23 23:20:23.789+00:00 [INFO ] Downloaded 330000 headers from the pruning point chain segment
2026-06-23 23:20:24.098+00:00 [INFO ] Downloaded 331000 headers from the pruning point chain segment
2026-06-23 23:20:24.189+00:00 [INFO ] Finished downloading 331279 headers from the pruning point chain segment
2026-06-23 23:20:25.063+00:00 [INFO ] Retrieved 4 addresses from DNS seeder n-testnet-12.kaspa.ws
2026-06-23 23:20:40.863+00:00 [INFO ] Connection manager: has 4/8 outgoing P2P connections, trying to obtain 1 additional connection(s)...
2026-06-23 23:20:40.869+00:00 [INFO ] Querying DNS seeder tn12-dnsseed.kasia.fyi
2026-06-23 23:20:53.328+00:00 [WARN ] Error connecting to DNS seeder tn12-dnsseed.kasia.fyi: failed to lookup address information: Temporary failure in name resolution
2026-06-23 23:20:53.329+00:00 [INFO ] Querying DNS seeder seeder1-tn12.kaspad.net
2026-06-23 23:20:53.364+00:00 [INFO ] Retrieved 4 addresses from DNS seeder seeder1-tn12.kaspad.net
2026-06-23 23:20:53.364+00:00 [INFO ] Querying DNS seeder tn12-dnsseed.kas.pa
2026-06-23 23:20:53.658+00:00 [INFO ] Retrieved 1 addresses from DNS seeder tn12-dnsseed.kas.pa
2026-06-23 23:20:53.658+00:00 [INFO ] Querying DNS seeder n-testnet-12.kaspa.ws
2026-06-23 23:20:53.696+00:00 [INFO ] Retrieved 4 addresses from DNS seeder n-testnet-12.kaspa.ws
2026-06-23 23:21:10.863+00:00 [INFO ] Connection manager: has 4/8 outgoing P2P connections, trying to obtain 1 additional connection(s)...
2026-06-23 23:21:10.865+00:00 [INFO ] Querying DNS seeder n-testnet-12.kaspa.ws
2026-06-23 23:21:10.867+00:00 [INFO ] Retrieved 4 addresses from DNS seeder n-testnet-12.kaspa.ws
2026-06-23 23:21:10.867+00:00 [INFO ] Querying DNS seeder tn12-dnsseed.kas.pa
2026-06-23 23:21:11.273+00:00 [INFO ] Retrieved 1 addresses from DNS seeder tn12-dnsseed.kas.pa
2026-06-23 23:21:11.273+00:00 [INFO ] Querying DNS seeder seeder1-tn12.kaspad.net
2026-06-23 23:21:11.429+00:00 [INFO ] Retrieved 4 addresses from DNS seeder seeder1-tn12.kaspad.net
2026-06-23 23:21:21.856+00:00 [INFO ] GRPC, new incoming connection 0f12965e-e56c-46b2-93f8-7d06ceafdfd3@127.0.0.1:48264 #1
2026-06-23 23:21:21.867+00:00 [INFO ] GRPC, incoming stream ended by client 0f12965e-e56c-46b2-93f8-7d06ceafdfd3@127.0.0.1:48264
2026-06-23 23:21:21.867+00:00 [INFO ] GRPC, end connection 0f12965e-e56c-46b2-93f8-7d06ceafdfd3@127.0.0.1:48264 #1
^SIGTERM - shutting down...
2026-06-23 23:21:25.308+00:00 [INFO ] P2P Server stopped: 127.0.0.1:16311
2026-06-23 23:21:25.309+00:00 [INFO ] WRPC Server stopped on: 127.0.0.1:17210
2026-06-23 23:21:25.309+00:00 [INFO ] GRPC Server stopped on: 127.0.0.1:16210
2026-06-23 23:22:07.834+00:00 [INFO ] Setting 152a31bf6e3debf32166056d84fef3547fb2641da8bf3b640ec5c019e896b2ee as the staging pruning point
2026-06-23 23:22:07.834+00:00 [INFO ] Building the proof which was just applied (sanity test)
2026-06-23 23:22:29.838+00:00 [INFO ] Built headers proof with overall 62158 headers (18775 unique)
2026-06-23 23:22:29.840+00:00 [INFO ] Proof was locally built successfully
2026-06-23 23:22:30.224+00:00 [INFO ] Kaspad has stopped...
