   Compiling bindgen v0.72.1
   Compiling idna_adapter v1.2.1
   Compiling prost v0.14.3
   Compiling kaspa-wasm-core v1.1.1-toc.1 (/root/.cargo/git/checkouts/rusty-kaspa-410e06d1fde91a92/42b734f/wasm/core)
   Compiling utf8_iter v1.0.4
   Compiling getrandom v0.4.2
   Compiling rand_core v0.10.1
   Compiling idna v1.1.0
   Compiling kaspa-consensus-client v1.1.1-toc.1 (/root/.cargo/git/checkouts/rusty-kaspa-410e06d1fde91a92/42b734f/consensus/client)
   Compiling librocksdb-sys v0.17.3+10.4.2
   Compiling tonic-prost v0.14.5
   Compiling kaspa-consensusmanager v1.1.1-toc.1 (/root/.cargo/git/checkouts/rusty-kaspa-410e06d1fde91a92/42b734f/components/consensusmanager)
   Compiling tower-http v0.5.2
   Compiling form_urlencoded v1.2.1
   Compiling cpufeatures v0.3.0
   Compiling chacha20 v0.10.0
   Compiling url v2.5.4
   Compiling kaspa-utils-tower v1.1.1-toc.1 (/root/.cargo/git/checkouts/rusty-kaspa-410e06d1fde91a92/42b734f/utils/tower)
   Compiling kaspa-p2p-lib v1.1.1-toc.1 (/root/.cargo/git/checkouts/rusty-kaspa-410e06d1fde91a92/42b734f/protocol/p2p)
   Compiling kaspa-index-core v1.1.1-toc.1 (/root/.cargo/git/checkouts/rusty-kaspa-410e06d1fde91a92/42b734f/indexes/core)
   Compiling neli-proc-macros v0.1.3
   Compiling xml-rs v0.8.22
   Compiling xmltree v0.10.3
   Compiling neli v0.6.4
error: failed to run custom build command for `kaspa-p2p-lib v1.1.1-toc.1 (/root/.cargo/git/checkouts/rusty-kaspa-410e06d1fde91a92/42b734f/protocol/p2p)`

Caused by:
  process didn't exit successfully: `/root/.cargo/git/checkouts/rusty-kaspa-410e06d1fde91a92/42b734f/target/release/build/kaspa-p2p-lib-500096cef87900ad/build-script-build` (exit status: 101)
  --- stderr

  thread 'main' (247019) panicked at protocol/p2p/build.rs:9:29:
  protobuf compilation failed, error: Could not find `protoc`. If `protoc` is installed, try setting the `PROTOC` environment variable to the path of the `protoc` binary. To install it on Debian, run `apt-get install protobuf-compiler`. It is also available at https://github.com/protocolbuffers/protobuf/releases  For more information: https://docs.rs/prost-build/#sourcing-protoc
  note: run with `RUST_BACKTRACE=1` environment variable to display a backtrace
warning: build failed, waiting for other jobs to finish...
